!SESSION 2017-07-08 11:38:15.156 -----------------------------------------------
eclipse.buildId=4.6.2.M20161124-1400
java.version=1.8.0_131
java.vendor=Oracle Corporation
BootLoader constants: OS=linux, ARCH=x86_64, WS=gtk, NL=en_US
Framework arguments:  -application org.eclipse.equinox.p2.garbagecollector.application -profile epp.package.java
Command-line arguments:  -clean -application org.eclipse.equinox.p2.garbagecollector.application -profile epp.package.java

!ENTRY org.eclipse.egit.mylyn.ui 4 0 2017-07-08 11:38:19.197
!MESSAGE FrameworkEvent ERROR
!STACK 0
org.osgi.framework.BundleException: Could not resolve module: org.eclipse.egit.mylyn.ui [121]
  Unresolved requirement: Require-Bundle: org.eclipse.mylyn.team.ui; bundle-version="[3.0.0,4.0.0)"
    -> Bundle-SymbolicName: org.eclipse.mylyn.team.ui; bundle-version="3.21.0.v20160701-1337"; singleton:="true"
       org.eclipse.mylyn.team.ui [295]
         Unresolved requirement: Require-Bundle: org.eclipse.mylyn.tasks.core; bundle-version="[3.8.0,4.0.0)"
           -> Bundle-SymbolicName: org.eclipse.mylyn.tasks.core; bundle-version="3.21.0.v20160914-0252"; singleton:="true"
              org.eclipse.mylyn.tasks.core [290]
                Unresolved requirement: Require-Bundle: org.eclipse.mylyn.commons.net; bundle-version="3.8.0"
                  -> Bundle-SymbolicName: org.eclipse.mylyn.commons.net; bundle-version="3.21.0.v20160630-1702"; singleton:="true"
                     org.eclipse.mylyn.commons.net [260]
                       Unresolved requirement: Require-Bundle: org.apache.commons.httpclient; bundle-version="[3.1.0,4.0.0)"; visibility:="reexport"
         Unresolved requirement: Require-Bundle: org.eclipse.mylyn.tasks.ui; bundle-version="[3.8.0,4.0.0)"
           -> Bundle-SymbolicName: org.eclipse.mylyn.tasks.ui; bundle-version="3.21.0.v20160913-2131"; singleton:="true"
              org.eclipse.mylyn.tasks.ui [294]
                Unresolved requirement: Require-Bundle: org.eclipse.mylyn.commons.net; bundle-version="3.8.0"
                  -> Bundle-SymbolicName: org.eclipse.mylyn.commons.net; bundle-version="3.21.0.v20160630-1702"; singleton:="true"
                Unresolved requirement: Require-Bundle: org.eclipse.mylyn.discovery.ui; bundle-version="3.8.0"; x-installation:="greedy"; resolution:="optional"
                  -> Bundle-SymbolicName: org.eclipse.mylyn.discovery.ui; bundle-version="3.21.0.v20160630-1702"; singleton:="true"
                     org.eclipse.mylyn.discovery.ui [276]
                       Unresolved requirement: Require-Bundle: org.eclipse.mylyn.discovery.core; bundle-version="[3.8.0,4.0.0)"
                         -> Bundle-SymbolicName: org.eclipse.mylyn.discovery.core; bundle-version="3.21.0.v20160729-1739"; singleton:="true"
                            org.eclipse.mylyn.discovery.core [275]
                              Unresolved requirement: Require-Bundle: org.eclipse.mylyn.commons.net; bundle-version="3.8.0"
                                -> Bundle-SymbolicName: org.eclipse.mylyn.commons.net; bundle-version="3.21.0.v20160630-1702"; singleton:="true"
  Unresolved requirement: Require-Bundle: org.eclipse.mylyn.tasks.ui; bundle-version="[3.0.0,4.0.0)"
    -> Bundle-SymbolicName: org.eclipse.mylyn.tasks.ui; bundle-version="3.21.0.v20160913-2131"; singleton:="true"
  Unresolved requirement: Require-Bundle: org.eclipse.mylyn.tasks.core; bundle-version="[3.0.0,4.0.0)"
    -> Bundle-SymbolicName: org.eclipse.mylyn.tasks.core; bundle-version="3.21.0.v20160914-0252"; singleton:="true"

	at org.eclipse.osgi.container.Module.start(Module.java:444)
	at org.eclipse.osgi.container.ModuleContainer$ContainerStartLevel.incStartLevel(ModuleContainer.java:1620)
	at org.eclipse.osgi.container.ModuleContainer$ContainerStartLevel.incStartLevel(ModuleContainer.java:1599)
	at org.eclipse.osgi.container.ModuleContainer$ContainerStartLevel.doContainerStartLevel(ModuleContainer.java:1571)
	at org.eclipse.osgi.container.ModuleContainer$ContainerStartLevel.dispatchEvent(ModuleContainer.java:1514)
	at org.eclipse.osgi.container.ModuleContainer$ContainerStartLevel.dispatchEvent(ModuleContainer.java:1)
	at org.eclipse.osgi.framework.eventmgr.EventManager.dispatchEvent(EventManager.java:230)
	at org.eclipse.osgi.framework.eventmgr.EventManager$EventThread.run(EventManager.java:340)

!ENTRY org.eclipse.mylyn.bugzilla.core 4 0 2017-07-08 11:38:19.515
!MESSAGE FrameworkEvent ERROR
!STACK 0
org.osgi.framework.BundleException: Could not resolve module: org.eclipse.mylyn.bugzilla.core [253]
  Unresolved requirement: Require-Bundle: org.eclipse.mylyn.commons.net; bundle-version="[3.8.0,4.0.0)"
    -> Bundle-SymbolicName: org.eclipse.mylyn.commons.net; bundle-version="3.21.0.v20160630-1702"; singleton:="true"
       org.eclipse.mylyn.commons.net [260]
         Unresolved requirement: Require-Bundle: org.apache.commons.httpclient; bundle-version="[3.1.0,4.0.0)"; visibility:="reexport"
  Unresolved requirement: Require-Bundle: org.eclipse.mylyn.tasks.core; bundle-version="[3.8.0,4.0.0)"
    -> Bundle-SymbolicName: org.eclipse.mylyn.tasks.core; bundle-version="3.21.0.v20160914-0252"; singleton:="true"
       org.eclipse.mylyn.tasks.core [290]
         Unresolved requirement: Require-Bundle: org.eclipse.mylyn.commons.net; bundle-version="3.8.0"
           -> Bundle-SymbolicName: org.eclipse.mylyn.commons.net; bundle-version="3.21.0.v20160630-1702"; singleton:="true"

	at org.eclipse.osgi.container.Module.start(Module.java:444)
	at org.eclipse.osgi.container.ModuleContainer$ContainerStartLevel.incStartLevel(ModuleContainer.java:1620)
	at org.eclipse.osgi.container.ModuleContainer$ContainerStartLevel.incStartLevel(ModuleContainer.java:1599)
	at org.eclipse.osgi.container.ModuleContainer$ContainerStartLevel.doContainerStartLevel(ModuleContainer.java:1571)
	at org.eclipse.osgi.container.ModuleContainer$ContainerStartLevel.dispatchEvent(ModuleContainer.java:1514)
	at org.eclipse.osgi.container.ModuleContainer$ContainerStartLevel.dispatchEvent(ModuleContainer.java:1)
	at org.eclipse.osgi.framework.eventmgr.EventManager.dispatchEvent(EventManager.java:230)
	at org.eclipse.osgi.framework.eventmgr.EventManager$EventThread.run(EventManager.java:340)

!ENTRY org.eclipse.mylyn.bugzilla.ui 4 0 2017-07-08 11:38:19.535
!MESSAGE FrameworkEvent ERROR
!STACK 0
org.osgi.framework.BundleException: Could not resolve module: org.eclipse.mylyn.bugzilla.ui [255]
  Unresolved requirement: Require-Bundle: org.eclipse.mylyn.bugzilla.core; bundle-version="[3.8.0,4.0.0)"
    -> Bundle-SymbolicName: org.eclipse.mylyn.bugzilla.core; bundle-version="3.21.0.v20160909-1813"; singleton:="true"
       org.eclipse.mylyn.bugzilla.core [253]
         Unresolved requirement: Require-Bundle: org.eclipse.mylyn.commons.net; bundle-version="[3.8.0,4.0.0)"
           -> Bundle-SymbolicName: org.eclipse.mylyn.commons.net; bundle-version="3.21.0.v20160630-1702"; singleton:="true"
              org.eclipse.mylyn.commons.net [260]
                Unresolved requirement: Require-Bundle: org.apache.commons.httpclient; bundle-version="[3.1.0,4.0.0)"; visibility:="reexport"
         Unresolved requirement: Require-Bundle: org.eclipse.mylyn.tasks.core; bundle-version="[3.8.0,4.0.0)"
           -> Bundle-SymbolicName: org.eclipse.mylyn.tasks.core; bundle-version="3.21.0.v20160914-0252"; singleton:="true"
              org.eclipse.mylyn.tasks.core [290]
                Unresolved requirement: Require-Bundle: org.eclipse.mylyn.commons.net; bundle-version="3.8.0"
                  -> Bundle-SymbolicName: org.eclipse.mylyn.commons.net; bundle-version="3.21.0.v20160630-1702"; singleton:="true"
  Unresolved requirement: Require-Bundle: org.eclipse.mylyn.tasks.ui; bundle-version="[3.8.0,4.0.0)"
    -> Bundle-SymbolicName: org.eclipse.mylyn.tasks.ui; bundle-version="3.21.0.v20160913-2131"; singleton:="true"
       org.eclipse.mylyn.tasks.ui [294]
         Unresolved requirement: Require-Bundle: org.eclipse.mylyn.commons.net; bundle-version="3.8.0"
           -> Bundle-SymbolicName: org.eclipse.mylyn.commons.net; bundle-version="3.21.0.v20160630-1702"; singleton:="true"
         Unresolved requirement: Require-Bundle: org.eclipse.mylyn.discovery.ui; bundle-version="3.8.0"; x-installation:="greedy"; resolution:="optional"
           -> Bundle-SymbolicName: org.eclipse.mylyn.discovery.ui; bundle-version="3.21.0.v20160630-1702"; singleton:="true"
              org.eclipse.mylyn.discovery.ui [276]
                Unresolved requirement: Require-Bundle: org.eclipse.mylyn.discovery.core; bundle-version="[3.8.0,4.0.0)"
                  -> Bundle-SymbolicName: org.eclipse.mylyn.discovery.core; bundle-version="3.21.0.v20160729-1739"; singleton:="true"
                     org.eclipse.mylyn.discovery.core [275]
                       Unresolved requirement: Require-Bundle: org.eclipse.mylyn.commons.net; bundle-version="3.8.0"
                         -> Bundle-SymbolicName: org.eclipse.mylyn.commons.net; bundle-version="3.21.0.v20160630-1702"; singleton:="true"
  Unresolved requirement: Require-Bundle: org.eclipse.mylyn.commons.net; bundle-version="[3.8.0,4.0.0)"
    -> Bundle-SymbolicName: org.eclipse.mylyn.commons.net; bundle-version="3.21.0.v20160630-1702"; singleton:="true"
  Unresolved requirement: Require-Bundle: org.eclipse.mylyn.tasks.core; bundle-version="[3.8.0,4.0.0)"
    -> Bundle-SymbolicName: org.eclipse.mylyn.tasks.core; bundle-version="3.21.0.v20160914-0252"; singleton:="true"

	at org.eclipse.osgi.container.Module.start(Module.java:444)
	at org.eclipse.osgi.container.ModuleContainer$ContainerStartLevel.incStartLevel(ModuleContainer.java:1620)
	at org.eclipse.osgi.container.ModuleContainer$ContainerStartLevel.incStartLevel(ModuleContainer.java:1599)
	at org.eclipse.osgi.container.ModuleContainer$ContainerStartLevel.doContainerStartLevel(ModuleContainer.java:1571)
	at org.eclipse.osgi.container.ModuleContainer$ContainerStartLevel.dispatchEvent(ModuleContainer.java:1514)
	at org.eclipse.osgi.container.ModuleContainer$ContainerStartLevel.dispatchEvent(ModuleContainer.java:1)
	at org.eclipse.osgi.framework.eventmgr.EventManager.dispatchEvent(EventManager.java:230)
	at org.eclipse.osgi.framework.eventmgr.EventManager$EventThread.run(EventManager.java:340)

!ENTRY org.eclipse.mylyn.builds.ui 4 0 2017-07-08 11:38:19.553
!MESSAGE FrameworkEvent ERROR
!STACK 0
org.osgi.framework.BundleException: Could not resolve module: org.eclipse.mylyn.builds.ui [257]
  Unresolved requirement: Require-Bundle: org.eclipse.mylyn.tasks.core; bundle-version="3.8.0"
    -> Bundle-SymbolicName: org.eclipse.mylyn.tasks.core; bundle-version="3.21.0.v20160914-0252"; singleton:="true"
       org.eclipse.mylyn.tasks.core [290]
         Unresolved requirement: Require-Bundle: org.eclipse.mylyn.commons.net; bundle-version="3.8.0"
           -> Bundle-SymbolicName: org.eclipse.mylyn.commons.net; bundle-version="3.21.0.v20160630-1702"; singleton:="true"
              org.eclipse.mylyn.commons.net [260]
                Unresolved requirement: Require-Bundle: org.apache.commons.httpclient; bundle-version="[3.1.0,4.0.0)"; visibility:="reexport"
  Unresolved requirement: Require-Bundle: org.eclipse.mylyn.team.ui; bundle-version="3.8.0"
    -> Bundle-SymbolicName: org.eclipse.mylyn.team.ui; bundle-version="3.21.0.v20160701-1337"; singleton:="true"
       org.eclipse.mylyn.team.ui [295]
         Unresolved requirement: Require-Bundle: org.eclipse.mylyn.tasks.core; bundle-version="[3.8.0,4.0.0)"
           -> Bundle-SymbolicName: org.eclipse.mylyn.tasks.core; bundle-version="3.21.0.v20160914-0252"; singleton:="true"
  Unresolved requirement: Require-Bundle: org.eclipse.mylyn.tasks.ui; bundle-version="3.8.0"
    -> Bundle-SymbolicName: org.eclipse.mylyn.tasks.ui; bundle-version="3.21.0.v20160913-2131"; singleton:="true"
       org.eclipse.mylyn.tasks.ui [294]
         Unresolved requirement: Require-Bundle: org.eclipse.mylyn.commons.net; bundle-version="3.8.0"
           -> Bundle-SymbolicName: org.eclipse.mylyn.commons.net; bundle-version="3.21.0.v20160630-1702"; singleton:="true"
         Unresolved requirement: Require-Bundle: org.eclipse.mylyn.discovery.ui; bundle-version="3.8.0"; x-installation:="greedy"; resolution:="optional"
           -> Bundle-SymbolicName: org.eclipse.mylyn.discovery.ui; bundle-version="3.21.0.v20160630-1702"; singleton:="true"
              org.eclipse.mylyn.discovery.ui [276]
                Unresolved requirement: Require-Bundle: org.eclipse.mylyn.discovery.core; bundle-version="[3.8.0,4.0.0)"
                  -> Bundle-SymbolicName: org.eclipse.mylyn.discovery.core; bundle-version="3.21.0.v20160729-1739"; singleton:="true"
                     org.eclipse.mylyn.discovery.core [275]
                       Unresolved requirement: Require-Bundle: org.eclipse.mylyn.commons.net; bundle-version="3.8.0"
                         -> Bundle-SymbolicName: org.eclipse.mylyn.commons.net; bundle-version="3.21.0.v20160630-1702"; singleton:="true"

	at org.eclipse.osgi.container.Module.start(Module.java:444)
	at org.eclipse.osgi.container.ModuleContainer$ContainerStartLevel.incStartLevel(ModuleContainer.java:1620)
	at org.eclipse.osgi.container.ModuleContainer$ContainerStartLevel.incStartLevel(ModuleContainer.java:1599)
	at org.eclipse.osgi.container.ModuleContainer$ContainerStartLevel.doContainerStartLevel(ModuleContainer.java:1571)
	at org.eclipse.osgi.container.ModuleContainer$ContainerStartLevel.dispatchEvent(ModuleContainer.java:1514)
	at org.eclipse.osgi.container.ModuleContainer$ContainerStartLevel.dispatchEvent(ModuleContainer.java:1)
	at org.eclipse.osgi.framework.eventmgr.EventManager.dispatchEvent(EventManager.java:230)
	at org.eclipse.osgi.framework.eventmgr.EventManager$EventThread.run(EventManager.java:340)

!ENTRY org.eclipse.mylyn.commons.net 4 0 2017-07-08 11:38:19.587
!MESSAGE FrameworkEvent ERROR
!STACK 0
org.osgi.framework.BundleException: Could not resolve module: org.eclipse.mylyn.commons.net [260]
  Unresolved requirement: Require-Bundle: org.apache.commons.httpclient; bundle-version="[3.1.0,4.0.0)"; visibility:="reexport"

	at org.eclipse.osgi.container.Module.start(Module.java:444)
	at org.eclipse.osgi.container.ModuleContainer$ContainerStartLevel.incStartLevel(ModuleContainer.java:1620)
	at org.eclipse.osgi.container.ModuleContainer$ContainerStartLevel.incStartLevel(ModuleContainer.java:1599)
	at org.eclipse.osgi.container.ModuleContainer$ContainerStartLevel.doContainerStartLevel(ModuleContainer.java:1571)
	at org.eclipse.osgi.container.ModuleContainer$ContainerStartLevel.dispatchEvent(ModuleContainer.java:1514)
	at org.eclipse.osgi.container.ModuleContainer$ContainerStartLevel.dispatchEvent(ModuleContainer.java:1)
	at org.eclipse.osgi.framework.eventmgr.EventManager.dispatchEvent(EventManager.java:230)
	at org.eclipse.osgi.framework.eventmgr.EventManager$EventThread.run(EventManager.java:340)

!ENTRY org.eclipse.mylyn.commons.xmlrpc 4 0 2017-07-08 11:38:19.607
!MESSAGE FrameworkEvent ERROR
!STACK 0
org.osgi.framework.BundleException: Could not resolve module: org.eclipse.mylyn.commons.xmlrpc [270]
  Unresolved requirement: Require-Bundle: org.apache.xmlrpc; bundle-version="[3.0.0,4.0.0)"
    -> Bundle-SymbolicName: org.apache.xmlrpc; bundle-version="3.0.0.v20100427-1100"
       org.apache.xmlrpc [50]
         Unresolved requirement: Import-Package: org.apache.commons.httpclient
  Unresolved requirement: Require-Bundle: org.eclipse.mylyn.commons.net; bundle-version="[3.8.0,4.0.0)"
    -> Bundle-SymbolicName: org.eclipse.mylyn.commons.net; bundle-version="3.21.0.v20160630-1702"; singleton:="true"
       org.eclipse.mylyn.commons.net [260]
         Unresolved requirement: Require-Bundle: org.apache.commons.httpclient; bundle-version="[3.1.0,4.0.0)"; visibility:="reexport"

	at org.eclipse.osgi.container.Module.start(Module.java:444)
	at org.eclipse.osgi.container.ModuleContainer$ContainerStartLevel.incStartLevel(ModuleContainer.java:1620)
	at org.eclipse.osgi.container.ModuleContainer$ContainerStartLevel.incStartLevel(ModuleContainer.java:1599)
	at org.eclipse.osgi.container.ModuleContainer$ContainerStartLevel.doContainerStartLevel(ModuleContainer.java:1571)
	at org.eclipse.osgi.container.ModuleContainer$ContainerStartLevel.dispatchEvent(ModuleContainer.java:1514)
	at org.eclipse.osgi.container.ModuleContainer$ContainerStartLevel.dispatchEvent(ModuleContainer.java:1)
	at org.eclipse.osgi.framework.eventmgr.EventManager.dispatchEvent(EventManager.java:230)
	at org.eclipse.osgi.framework.eventmgr.EventManager$EventThread.run(EventManager.java:340)

!ENTRY org.eclipse.mylyn.context.tasks.ui 4 0 2017-07-08 11:38:19.637
!MESSAGE FrameworkEvent ERROR
!STACK 0
org.osgi.framework.BundleException: Could not resolve module: org.eclipse.mylyn.context.tasks.ui [272]
  Unresolved requirement: Require-Bundle: org.eclipse.mylyn.tasks.core; bundle-version="3.8.0"
    -> Bundle-SymbolicName: org.eclipse.mylyn.tasks.core; bundle-version="3.21.0.v20160914-0252"; singleton:="true"
       org.eclipse.mylyn.tasks.core [290]
         Unresolved requirement: Require-Bundle: org.eclipse.mylyn.commons.net; bundle-version="3.8.0"
           -> Bundle-SymbolicName: org.eclipse.mylyn.commons.net; bundle-version="3.21.0.v20160630-1702"; singleton:="true"
              org.eclipse.mylyn.commons.net [260]
                Unresolved requirement: Require-Bundle: org.apache.commons.httpclient; bundle-version="[3.1.0,4.0.0)"; visibility:="reexport"
  Unresolved requirement: Require-Bundle: org.eclipse.mylyn.tasks.ui; bundle-version="3.8.0"
    -> Bundle-SymbolicName: org.eclipse.mylyn.tasks.ui; bundle-version="3.21.0.v20160913-2131"; singleton:="true"
       org.eclipse.mylyn.tasks.ui [294]
         Unresolved requirement: Require-Bundle: org.eclipse.mylyn.commons.net; bundle-version="3.8.0"
           -> Bundle-SymbolicName: org.eclipse.mylyn.commons.net; bundle-version="3.21.0.v20160630-1702"; singleton:="true"
         Unresolved requirement: Require-Bundle: org.eclipse.mylyn.discovery.ui; bundle-version="3.8.0"; x-installation:="greedy"; resolution:="optional"
           -> Bundle-SymbolicName: org.eclipse.mylyn.discovery.ui; bundle-version="3.21.0.v20160630-1702"; singleton:="true"
              org.eclipse.mylyn.discovery.ui [276]
                Unresolved requirement: Require-Bundle: org.eclipse.mylyn.discovery.core; bundle-version="[3.8.0,4.0.0)"
                  -> Bundle-SymbolicName: org.eclipse.mylyn.discovery.core; bundle-version="3.21.0.v20160729-1739"; singleton:="true"
                     org.eclipse.mylyn.discovery.core [275]
                       Unresolved requirement: Require-Bundle: org.eclipse.mylyn.commons.net; bundle-version="3.8.0"
                         -> Bundle-SymbolicName: org.eclipse.mylyn.commons.net; bundle-version="3.21.0.v20160630-1702"; singleton:="true"

	at org.eclipse.osgi.container.Module.start(Module.java:444)
	at org.eclipse.osgi.container.ModuleContainer$ContainerStartLevel.incStartLevel(ModuleContainer.java:1620)
	at org.eclipse.osgi.container.ModuleContainer$ContainerStartLevel.incStartLevel(ModuleContainer.java:1599)
	at org.eclipse.osgi.container.ModuleContainer$ContainerStartLevel.doContainerStartLevel(ModuleContainer.java:1571)
	at org.eclipse.osgi.container.ModuleContainer$ContainerStartLevel.dispatchEvent(ModuleContainer.java:1514)
	at org.eclipse.osgi.container.ModuleContainer$ContainerStartLevel.dispatchEvent(ModuleContainer.java:1)
	at org.eclipse.osgi.framework.eventmgr.EventManager.dispatchEvent(EventManager.java:230)
	at org.eclipse.osgi.framework.eventmgr.EventManager$EventThread.run(EventManager.java:340)

!ENTRY org.eclipse.mylyn.hudson.ui 4 0 2017-07-08 11:38:19.673
!MESSAGE FrameworkEvent ERROR
!STACK 0
org.osgi.framework.BundleException: Could not resolve module: org.eclipse.mylyn.hudson.ui [281]
  Unresolved requirement: Require-Bundle: org.eclipse.ecf.discovery; bundle-version="3.0.0"; resolution:="optional"
  Unresolved requirement: Require-Bundle: org.eclipse.ecf.provider.discovery; bundle-version="2.0.0"; resolution:="optional"
  Unresolved requirement: Require-Bundle: org.eclipse.ecf.provider.jmdns; bundle-version="3.0.0"; resolution:="optional"
  Unresolved requirement: Require-Bundle: org.eclipse.mylyn.builds.ui
    -> Bundle-SymbolicName: org.eclipse.mylyn.builds.ui; bundle-version="1.13.0.v20160725-1817"; singleton:="true"
       org.eclipse.mylyn.builds.ui [257]
         Unresolved requirement: Require-Bundle: org.eclipse.mylyn.tasks.core; bundle-version="3.8.0"
           -> Bundle-SymbolicName: org.eclipse.mylyn.tasks.core; bundle-version="3.21.0.v20160914-0252"; singleton:="true"
              org.eclipse.mylyn.tasks.core [290]
                Unresolved requirement: Require-Bundle: org.eclipse.mylyn.commons.net; bundle-version="3.8.0"
                  -> Bundle-SymbolicName: org.eclipse.mylyn.commons.net; bundle-version="3.21.0.v20160630-1702"; singleton:="true"
                     org.eclipse.mylyn.commons.net [260]
                       Unresolved requirement: Require-Bundle: org.apache.commons.httpclient; bundle-version="[3.1.0,4.0.0)"; visibility:="reexport"
         Unresolved requirement: Require-Bundle: org.eclipse.mylyn.team.ui; bundle-version="3.8.0"
           -> Bundle-SymbolicName: org.eclipse.mylyn.team.ui; bundle-version="3.21.0.v20160701-1337"; singleton:="true"
              org.eclipse.mylyn.team.ui [295]
                Unresolved requirement: Require-Bundle: org.eclipse.mylyn.tasks.core; bundle-version="[3.8.0,4.0.0)"
                  -> Bundle-SymbolicName: org.eclipse.mylyn.tasks.core; bundle-version="3.21.0.v20160914-0252"; singleton:="true"
         Unresolved requirement: Require-Bundle: org.eclipse.mylyn.tasks.ui; bundle-version="3.8.0"
           -> Bundle-SymbolicName: org.eclipse.mylyn.tasks.ui; bundle-version="3.21.0.v20160913-2131"; singleton:="true"
              org.eclipse.mylyn.tasks.ui [294]
                Unresolved requirement: Require-Bundle: org.eclipse.mylyn.commons.net; bundle-version="3.8.0"
                  -> Bundle-SymbolicName: org.eclipse.mylyn.commons.net; bundle-version="3.21.0.v20160630-1702"; singleton:="true"
                Unresolved requirement: Require-Bundle: org.eclipse.mylyn.discovery.ui; bundle-version="3.8.0"; x-installation:="greedy"; resolution:="optional"
                  -> Bundle-SymbolicName: org.eclipse.mylyn.discovery.ui; bundle-version="3.21.0.v20160630-1702"; singleton:="true"
                     org.eclipse.mylyn.discovery.ui [276]
                       Unresolved requirement: Require-Bundle: org.eclipse.mylyn.discovery.core; bundle-version="[3.8.0,4.0.0)"
                         -> Bundle-SymbolicName: org.eclipse.mylyn.discovery.core; bundle-version="3.21.0.v20160729-1739"; singleton:="true"
                            org.eclipse.mylyn.discovery.core [275]
                              Unresolved requirement: Require-Bundle: org.eclipse.mylyn.commons.net; bundle-version="3.8.0"
                                -> Bundle-SymbolicName: org.eclipse.mylyn.commons.net; bundle-version="3.21.0.v20160630-1702"; singleton:="true"

	at org.eclipse.osgi.container.Module.start(Module.java:444)
	at org.eclipse.osgi.container.ModuleContainer$ContainerStartLevel.incStartLevel(ModuleContainer.java:1620)
	at org.eclipse.osgi.container.ModuleContainer$ContainerStartLevel.incStartLevel(ModuleContainer.java:1599)
	at org.eclipse.osgi.container.ModuleContainer$ContainerStartLevel.doContainerStartLevel(ModuleContainer.java:1571)
	at org.eclipse.osgi.container.ModuleContainer$ContainerStartLevel.dispatchEvent(ModuleContainer.java:1514)
	at org.eclipse.osgi.container.ModuleContainer$ContainerStartLevel.dispatchEvent(ModuleContainer.java:1)
	at org.eclipse.osgi.framework.eventmgr.EventManager.dispatchEvent(EventManager.java:230)
	at org.eclipse.osgi.framework.eventmgr.EventManager$EventThread.run(EventManager.java:340)

!ENTRY org.eclipse.mylyn.java.tasks 4 0 2017-07-08 11:38:19.693
!MESSAGE FrameworkEvent ERROR
!STACK 0
org.osgi.framework.BundleException: Could not resolve module: org.eclipse.mylyn.java.tasks [284]
  Unresolved requirement: Require-Bundle: org.eclipse.mylyn.tasks.ui; bundle-version="[3.8.0,4.0.0)"
    -> Bundle-SymbolicName: org.eclipse.mylyn.tasks.ui; bundle-version="3.21.0.v20160913-2131"; singleton:="true"
       org.eclipse.mylyn.tasks.ui [294]
         Unresolved requirement: Require-Bundle: org.eclipse.mylyn.commons.net; bundle-version="3.8.0"
           -> Bundle-SymbolicName: org.eclipse.mylyn.commons.net; bundle-version="3.21.0.v20160630-1702"; singleton:="true"
              org.eclipse.mylyn.commons.net [260]
                Unresolved requirement: Require-Bundle: org.apache.commons.httpclient; bundle-version="[3.1.0,4.0.0)"; visibility:="reexport"
         Unresolved requirement: Require-Bundle: org.eclipse.mylyn.discovery.ui; bundle-version="3.8.0"; x-installation:="greedy"; resolution:="optional"
           -> Bundle-SymbolicName: org.eclipse.mylyn.discovery.ui; bundle-version="3.21.0.v20160630-1702"; singleton:="true"
              org.eclipse.mylyn.discovery.ui [276]
                Unresolved requirement: Require-Bundle: org.eclipse.mylyn.discovery.core; bundle-version="[3.8.0,4.0.0)"
                  -> Bundle-SymbolicName: org.eclipse.mylyn.discovery.core; bundle-version="3.21.0.v20160729-1739"; singleton:="true"
                     org.eclipse.mylyn.discovery.core [275]
                       Unresolved requirement: Require-Bundle: org.eclipse.mylyn.commons.net; bundle-version="3.8.0"
                         -> Bundle-SymbolicName: org.eclipse.mylyn.commons.net; bundle-version="3.21.0.v20160630-1702"; singleton:="true"
  Unresolved requirement: Require-Bundle: org.eclipse.mylyn.tasks.core; bundle-version="[3.8.0,4.0.0)"
    -> Bundle-SymbolicName: org.eclipse.mylyn.tasks.core; bundle-version="3.21.0.v20160914-0252"; singleton:="true"
       org.eclipse.mylyn.tasks.core [290]
         Unresolved requirement: Require-Bundle: org.eclipse.mylyn.commons.net; bundle-version="3.8.0"
           -> Bundle-SymbolicName: org.eclipse.mylyn.commons.net; bundle-version="3.21.0.v20160630-1702"; singleton:="true"

	at org.eclipse.osgi.container.Module.start(Module.java:444)
	at org.eclipse.osgi.container.ModuleContainer$ContainerStartLevel.incStartLevel(ModuleContainer.java:1620)
	at org.eclipse.osgi.container.ModuleContainer$ContainerStartLevel.incStartLevel(ModuleContainer.java:1599)
	at org.eclipse.osgi.container.ModuleContainer$ContainerStartLevel.doContainerStartLevel(ModuleContainer.java:1571)
	at org.eclipse.osgi.container.ModuleContainer$ContainerStartLevel.dispatchEvent(ModuleContainer.java:1514)
	at org.eclipse.osgi.container.ModuleContainer$ContainerStartLevel.dispatchEvent(ModuleContainer.java:1)
	at org.eclipse.osgi.framework.eventmgr.EventManager.dispatchEvent(EventManager.java:230)
	at org.eclipse.osgi.framework.eventmgr.EventManager$EventThread.run(EventManager.java:340)

!ENTRY org.eclipse.mylyn.tasks.bugs 4 0 2017-07-08 11:38:19.722
!MESSAGE FrameworkEvent ERROR
!STACK 0
org.osgi.framework.BundleException: Could not resolve module: org.eclipse.mylyn.tasks.bugs [289]
  Unresolved requirement: Require-Bundle: org.eclipse.mylyn.tasks.ui; bundle-version="[3.8.0,4.0.0)"
    -> Bundle-SymbolicName: org.eclipse.mylyn.tasks.ui; bundle-version="3.21.0.v20160913-2131"; singleton:="true"
       org.eclipse.mylyn.tasks.ui [294]
         Unresolved requirement: Require-Bundle: org.eclipse.mylyn.commons.net; bundle-version="3.8.0"
           -> Bundle-SymbolicName: org.eclipse.mylyn.commons.net; bundle-version="3.21.0.v20160630-1702"; singleton:="true"
              org.eclipse.mylyn.commons.net [260]
                Unresolved requirement: Require-Bundle: org.apache.commons.httpclient; bundle-version="[3.1.0,4.0.0)"; visibility:="reexport"
         Unresolved requirement: Require-Bundle: org.eclipse.mylyn.discovery.ui; bundle-version="3.8.0"; x-installation:="greedy"; resolution:="optional"
           -> Bundle-SymbolicName: org.eclipse.mylyn.discovery.ui; bundle-version="3.21.0.v20160630-1702"; singleton:="true"
              org.eclipse.mylyn.discovery.ui [276]
                Unresolved requirement: Require-Bundle: org.eclipse.mylyn.discovery.core; bundle-version="[3.8.0,4.0.0)"
                  -> Bundle-SymbolicName: org.eclipse.mylyn.discovery.core; bundle-version="3.21.0.v20160729-1739"; singleton:="true"
                     org.eclipse.mylyn.discovery.core [275]
                       Unresolved requirement: Require-Bundle: org.eclipse.mylyn.commons.net; bundle-version="3.8.0"
                         -> Bundle-SymbolicName: org.eclipse.mylyn.commons.net; bundle-version="3.21.0.v20160630-1702"; singleton:="true"
  Unresolved requirement: Require-Bundle: org.eclipse.mylyn.tasks.core; bundle-version="[3.8.0,4.0.0)"
    -> Bundle-SymbolicName: org.eclipse.mylyn.tasks.core; bundle-version="3.21.0.v20160914-0252"; singleton:="true"
       org.eclipse.mylyn.tasks.core [290]
         Unresolved requirement: Require-Bundle: org.eclipse.mylyn.commons.net; bundle-version="3.8.0"
           -> Bundle-SymbolicName: org.eclipse.mylyn.commons.net; bundle-version="3.21.0.v20160630-1702"; singleton:="true"

	at org.eclipse.osgi.container.Module.start(Module.java:444)
	at org.eclipse.osgi.container.ModuleContainer$ContainerStartLevel.incStartLevel(ModuleContainer.java:1620)
	at org.eclipse.osgi.container.ModuleContainer$ContainerStartLevel.incStartLevel(ModuleContainer.java:1599)
	at org.eclipse.osgi.container.ModuleContainer$ContainerStartLevel.doContainerStartLevel(ModuleContainer.java:1571)
	at org.eclipse.osgi.container.ModuleContainer$ContainerStartLevel.dispatchEvent(ModuleContainer.java:1514)
	at org.eclipse.osgi.container.ModuleContainer$ContainerStartLevel.dispatchEvent(ModuleContainer.java:1)
	at org.eclipse.osgi.framework.eventmgr.EventManager.dispatchEvent(EventManager.java:230)
	at org.eclipse.osgi.framework.eventmgr.EventManager$EventThread.run(EventManager.java:340)

!ENTRY org.eclipse.mylyn.tasks.index.core 4 0 2017-07-08 11:38:19.743
!MESSAGE FrameworkEvent ERROR
!STACK 0
org.osgi.framework.BundleException: Could not resolve module: org.eclipse.mylyn.tasks.index.core [291]
  Unresolved requirement: Require-Bundle: org.eclipse.mylyn.tasks.core; bundle-version="3.8.0"
    -> Bundle-SymbolicName: org.eclipse.mylyn.tasks.core; bundle-version="3.21.0.v20160914-0252"; singleton:="true"
       org.eclipse.mylyn.tasks.core [290]
         Unresolved requirement: Require-Bundle: org.eclipse.mylyn.commons.net; bundle-version="3.8.0"
           -> Bundle-SymbolicName: org.eclipse.mylyn.commons.net; bundle-version="3.21.0.v20160630-1702"; singleton:="true"
              org.eclipse.mylyn.commons.net [260]
                Unresolved requirement: Require-Bundle: org.apache.commons.httpclient; bundle-version="[3.1.0,4.0.0)"; visibility:="reexport"

	at org.eclipse.osgi.container.Module.start(Module.java:444)
	at org.eclipse.osgi.container.ModuleContainer$ContainerStartLevel.incStartLevel(ModuleContainer.java:1620)
	at org.eclipse.osgi.container.ModuleContainer$ContainerStartLevel.incStartLevel(ModuleContainer.java:1599)
	at org.eclipse.osgi.container.ModuleContainer$ContainerStartLevel.doContainerStartLevel(ModuleContainer.java:1571)
	at org.eclipse.osgi.container.ModuleContainer$ContainerStartLevel.dispatchEvent(ModuleContainer.java:1514)
	at org.eclipse.osgi.container.ModuleContainer$ContainerStartLevel.dispatchEvent(ModuleContainer.java:1)
	at org.eclipse.osgi.framework.eventmgr.EventManager.dispatchEvent(EventManager.java:230)
	at org.eclipse.osgi.framework.eventmgr.EventManager$EventThread.run(EventManager.java:340)

!ENTRY org.eclipse.mylyn.tasks.ui 4 0 2017-07-08 11:38:19.758
!MESSAGE FrameworkEvent ERROR
!STACK 0
org.osgi.framework.BundleException: Could not resolve module: org.eclipse.mylyn.tasks.ui [294]
  Unresolved requirement: Require-Bundle: org.eclipse.mylyn.commons.net; bundle-version="3.8.0"
    -> Bundle-SymbolicName: org.eclipse.mylyn.commons.net; bundle-version="3.21.0.v20160630-1702"; singleton:="true"
       org.eclipse.mylyn.commons.net [260]
         Unresolved requirement: Require-Bundle: org.apache.commons.httpclient; bundle-version="[3.1.0,4.0.0)"; visibility:="reexport"
  Unresolved requirement: Require-Bundle: org.eclipse.mylyn.discovery.ui; bundle-version="3.8.0"; x-installation:="greedy"; resolution:="optional"
    -> Bundle-SymbolicName: org.eclipse.mylyn.discovery.ui; bundle-version="3.21.0.v20160630-1702"; singleton:="true"
       org.eclipse.mylyn.discovery.ui [276]
         Unresolved requirement: Require-Bundle: org.eclipse.mylyn.discovery.core; bundle-version="[3.8.0,4.0.0)"
           -> Bundle-SymbolicName: org.eclipse.mylyn.discovery.core; bundle-version="3.21.0.v20160729-1739"; singleton:="true"
              org.eclipse.mylyn.discovery.core [275]
                Unresolved requirement: Require-Bundle: org.eclipse.mylyn.commons.net; bundle-version="3.8.0"
                  -> Bundle-SymbolicName: org.eclipse.mylyn.commons.net; bundle-version="3.21.0.v20160630-1702"; singleton:="true"

	at org.eclipse.osgi.container.Module.start(Module.java:444)
	at org.eclipse.osgi.container.ModuleContainer$ContainerStartLevel.incStartLevel(ModuleContainer.java:1620)
	at org.eclipse.osgi.container.ModuleContainer$ContainerStartLevel.incStartLevel(ModuleContainer.java:1599)
	at org.eclipse.osgi.container.ModuleContainer$ContainerStartLevel.doContainerStartLevel(ModuleContainer.java:1571)
	at org.eclipse.osgi.container.ModuleContainer$ContainerStartLevel.dispatchEvent(ModuleContainer.java:1514)
	at org.eclipse.osgi.container.ModuleContainer$ContainerStartLevel.dispatchEvent(ModuleContainer.java:1)
	at org.eclipse.osgi.framework.eventmgr.EventManager.dispatchEvent(EventManager.java:230)
	at org.eclipse.osgi.framework.eventmgr.EventManager$EventThread.run(EventManager.java:340)

!ENTRY org.eclipse.mylyn.team.ui 4 0 2017-07-08 11:38:19.778
!MESSAGE FrameworkEvent ERROR
!STACK 0
org.osgi.framework.BundleException: Could not resolve module: org.eclipse.mylyn.team.ui [295]
  Unresolved requirement: Require-Bundle: org.eclipse.mylyn.tasks.core; bundle-version="[3.8.0,4.0.0)"
    -> Bundle-SymbolicName: org.eclipse.mylyn.tasks.core; bundle-version="3.21.0.v20160914-0252"; singleton:="true"
       org.eclipse.mylyn.tasks.core [290]
         Unresolved requirement: Require-Bundle: org.eclipse.mylyn.commons.net; bundle-version="3.8.0"
           -> Bundle-SymbolicName: org.eclipse.mylyn.commons.net; bundle-version="3.21.0.v20160630-1702"; singleton:="true"
              org.eclipse.mylyn.commons.net [260]
                Unresolved requirement: Require-Bundle: org.apache.commons.httpclient; bundle-version="[3.1.0,4.0.0)"; visibility:="reexport"
  Unresolved requirement: Require-Bundle: org.eclipse.mylyn.tasks.ui; bundle-version="[3.8.0,4.0.0)"
    -> Bundle-SymbolicName: org.eclipse.mylyn.tasks.ui; bundle-version="3.21.0.v20160913-2131"; singleton:="true"
       org.eclipse.mylyn.tasks.ui [294]
         Unresolved requirement: Require-Bundle: org.eclipse.mylyn.commons.net; bundle-version="3.8.0"
           -> Bundle-SymbolicName: org.eclipse.mylyn.commons.net; bundle-version="3.21.0.v20160630-1702"; singleton:="true"
         Unresolved requirement: Require-Bundle: org.eclipse.mylyn.discovery.ui; bundle-version="3.8.0"; x-installation:="greedy"; resolution:="optional"
           -> Bundle-SymbolicName: org.eclipse.mylyn.discovery.ui; bundle-version="3.21.0.v20160630-1702"; singleton:="true"
              org.eclipse.mylyn.discovery.ui [276]
                Unresolved requirement: Require-Bundle: org.eclipse.mylyn.discovery.core; bundle-version="[3.8.0,4.0.0)"
                  -> Bundle-SymbolicName: org.eclipse.mylyn.discovery.core; bundle-version="3.21.0.v20160729-1739"; singleton:="true"
                     org.eclipse.mylyn.discovery.core [275]
                       Unresolved requirement: Require-Bundle: org.eclipse.mylyn.commons.net; bundle-version="3.8.0"
                         -> Bundle-SymbolicName: org.eclipse.mylyn.commons.net; bundle-version="3.21.0.v20160630-1702"; singleton:="true"

	at org.eclipse.osgi.container.Module.start(Module.java:444)
	at org.eclipse.osgi.container.ModuleContainer$ContainerStartLevel.incStartLevel(ModuleContainer.java:1620)
	at org.eclipse.osgi.container.ModuleContainer$ContainerStartLevel.incStartLevel(ModuleContainer.java:1599)
	at org.eclipse.osgi.container.ModuleContainer$ContainerStartLevel.doContainerStartLevel(ModuleContainer.java:1571)
	at org.eclipse.osgi.container.ModuleContainer$ContainerStartLevel.dispatchEvent(ModuleContainer.java:1514)
	at org.eclipse.osgi.container.ModuleContainer$ContainerStartLevel.dispatchEvent(ModuleContainer.java:1)
	at org.eclipse.osgi.framework.eventmgr.EventManager.dispatchEvent(EventManager.java:230)
	at org.eclipse.osgi.framework.eventmgr.EventManager$EventThread.run(EventManager.java:340)

!ENTRY org.eclipse.mylyn.wikitext.tasks.ui 4 0 2017-07-08 11:38:19.790
!MESSAGE FrameworkEvent ERROR
!STACK 0
org.osgi.framework.BundleException: Could not resolve module: org.eclipse.mylyn.wikitext.tasks.ui [313]
  Unresolved requirement: Require-Bundle: org.eclipse.mylyn.tasks.ui; bundle-version="3.7.0"
    -> Bundle-SymbolicName: org.eclipse.mylyn.tasks.ui; bundle-version="3.21.0.v20160913-2131"; singleton:="true"
       org.eclipse.mylyn.tasks.ui [294]
         Unresolved requirement: Require-Bundle: org.eclipse.mylyn.commons.net; bundle-version="3.8.0"
           -> Bundle-SymbolicName: org.eclipse.mylyn.commons.net; bundle-version="3.21.0.v20160630-1702"; singleton:="true"
              org.eclipse.mylyn.commons.net [260]
                Unresolved requirement: Require-Bundle: org.apache.commons.httpclient; bundle-version="[3.1.0,4.0.0)"; visibility:="reexport"
         Unresolved requirement: Require-Bundle: org.eclipse.mylyn.discovery.ui; bundle-version="3.8.0"; x-installation:="greedy"; resolution:="optional"
           -> Bundle-SymbolicName: org.eclipse.mylyn.discovery.ui; bundle-version="3.21.0.v20160630-1702"; singleton:="true"
              org.eclipse.mylyn.discovery.ui [276]
                Unresolved requirement: Require-Bundle: org.eclipse.mylyn.discovery.core; bundle-version="[3.8.0,4.0.0)"
                  -> Bundle-SymbolicName: org.eclipse.mylyn.discovery.core; bundle-version="3.21.0.v20160729-1739"; singleton:="true"
                     org.eclipse.mylyn.discovery.core [275]
                       Unresolved requirement: Require-Bundle: org.eclipse.mylyn.commons.net; bundle-version="3.8.0"
                         -> Bundle-SymbolicName: org.eclipse.mylyn.commons.net; bundle-version="3.21.0.v20160630-1702"; singleton:="true"
  Unresolved requirement: Require-Bundle: org.eclipse.mylyn.tasks.core; bundle-version="3.7.0"
    -> Bundle-SymbolicName: org.eclipse.mylyn.tasks.core; bundle-version="3.21.0.v20160914-0252"; singleton:="true"
       org.eclipse.mylyn.tasks.core [290]
         Unresolved requirement: Require-Bundle: org.eclipse.mylyn.commons.net; bundle-version="3.8.0"
           -> Bundle-SymbolicName: org.eclipse.mylyn.commons.net; bundle-version="3.21.0.v20160630-1702"; singleton:="true"

	at org.eclipse.osgi.container.Module.start(Module.java:444)
	at org.eclipse.osgi.container.ModuleContainer$ContainerStartLevel.incStartLevel(ModuleContainer.java:1620)
	at org.eclipse.osgi.container.ModuleContainer$ContainerStartLevel.incStartLevel(ModuleContainer.java:1599)
	at org.eclipse.osgi.container.ModuleContainer$ContainerStartLevel.doContainerStartLevel(ModuleContainer.java:1571)
	at org.eclipse.osgi.container.ModuleContainer$ContainerStartLevel.dispatchEvent(ModuleContainer.java:1514)
	at org.eclipse.osgi.container.ModuleContainer$ContainerStartLevel.dispatchEvent(ModuleContainer.java:1)
	at org.eclipse.osgi.framework.eventmgr.EventManager.dispatchEvent(EventManager.java:230)
	at org.eclipse.osgi.framework.eventmgr.EventManager$EventThread.run(EventManager.java:340)

!ENTRY org.eclipse.recommenders.apidocs.rcp 4 0 2017-07-08 11:38:19.833
!MESSAGE FrameworkEvent ERROR
!STACK 0
org.osgi.framework.BundleException: Could not resolve module: org.eclipse.recommenders.apidocs.rcp [358]
  Unresolved requirement: Require-Bundle: org.eclipse.recommenders.apidocs; bundle-version="[2.4.5,2.4.6]"
    -> Bundle-SymbolicName: org.eclipse.recommenders.apidocs; bundle-version="2.4.5.v20161130-1427"
       org.eclipse.recommenders.apidocs [357]
         Unresolved requirement: Require-Bundle: org.eclipse.recommenders.models; bundle-version="[2.4.5,2.4.6]"
           -> Bundle-SymbolicName: org.eclipse.recommenders.models; bundle-version="2.4.5.v20161130-1427"
              org.eclipse.recommenders.models [371]
                Unresolved requirement: Require-Bundle: org.eclipse.recommenders.coordinates; bundle-version="[2.4.5,2.4.6]"
                  -> Bundle-SymbolicName: org.eclipse.recommenders.coordinates; bundle-version="2.4.5.v20161130-1427"
                     org.eclipse.recommenders.coordinates [365]
                       Unresolved requirement: Import-Package: org.apache.commons.httpclient; version="[3.1.0,4.0.0)"
  Unresolved requirement: Require-Bundle: org.eclipse.recommenders.models; bundle-version="[2.4.5,2.4.6]"
    -> Bundle-SymbolicName: org.eclipse.recommenders.models; bundle-version="2.4.5.v20161130-1427"
  Unresolved requirement: Require-Bundle: org.eclipse.recommenders.models.rcp; bundle-version="[2.4.5,2.4.6]"
    -> Bundle-SymbolicName: org.eclipse.recommenders.models.rcp; bundle-version="2.4.5.v20161130-1427"; singleton:="true"
       org.eclipse.recommenders.models.rcp [372]
         Unresolved requirement: Require-Bundle: org.eclipse.recommenders.coordinates; bundle-version="[2.4.5,2.4.6]"
           -> Bundle-SymbolicName: org.eclipse.recommenders.coordinates; bundle-version="2.4.5.v20161130-1427"

	at org.eclipse.osgi.container.Module.start(Module.java:444)
	at org.eclipse.osgi.container.ModuleContainer$ContainerStartLevel.incStartLevel(ModuleContainer.java:1620)
	at org.eclipse.osgi.container.ModuleContainer$ContainerStartLevel.incStartLevel(ModuleContainer.java:1599)
	at org.eclipse.osgi.container.ModuleContainer$ContainerStartLevel.doContainerStartLevel(ModuleContainer.java:1571)
	at org.eclipse.osgi.container.ModuleContainer$ContainerStartLevel.dispatchEvent(ModuleContainer.java:1514)
	at org.eclipse.osgi.container.ModuleContainer$ContainerStartLevel.dispatchEvent(ModuleContainer.java:1)
	at org.eclipse.osgi.framework.eventmgr.EventManager.dispatchEvent(EventManager.java:230)
	at org.eclipse.osgi.framework.eventmgr.EventManager$EventThread.run(EventManager.java:340)

!ENTRY org.eclipse.recommenders.coordinates 4 0 2017-07-08 11:38:19.854
!MESSAGE FrameworkEvent ERROR
!STACK 0
org.osgi.framework.BundleException: Could not resolve module: org.eclipse.recommenders.coordinates [365]
  Unresolved requirement: Import-Package: org.apache.commons.httpclient; version="[3.1.0,4.0.0)"

	at org.eclipse.osgi.container.Module.start(Module.java:444)
	at org.eclipse.osgi.container.ModuleContainer$ContainerStartLevel.incStartLevel(ModuleContainer.java:1620)
	at org.eclipse.osgi.container.ModuleContainer$ContainerStartLevel.incStartLevel(ModuleContainer.java:1599)
	at org.eclipse.osgi.container.ModuleContainer$ContainerStartLevel.doContainerStartLevel(ModuleContainer.java:1571)
	at org.eclipse.osgi.container.ModuleContainer$ContainerStartLevel.dispatchEvent(ModuleContainer.java:1514)
	at org.eclipse.osgi.container.ModuleContainer$ContainerStartLevel.dispatchEvent(ModuleContainer.java:1)
	at org.eclipse.osgi.framework.eventmgr.EventManager.dispatchEvent(EventManager.java:230)
	at org.eclipse.osgi.framework.eventmgr.EventManager$EventThread.run(EventManager.java:340)

!ENTRY org.eclipse.recommenders.coordinates.rcp 4 0 2017-07-08 11:38:19.884
!MESSAGE FrameworkEvent ERROR
!STACK 0
org.osgi.framework.BundleException: Could not resolve module: org.eclipse.recommenders.coordinates.rcp [366]
  Unresolved requirement: Require-Bundle: org.eclipse.recommenders.coordinates; bundle-version="[2.4.5,2.4.6]"
    -> Bundle-SymbolicName: org.eclipse.recommenders.coordinates; bundle-version="2.4.5.v20161130-1427"
       org.eclipse.recommenders.coordinates [365]
         Unresolved requirement: Import-Package: org.apache.commons.httpclient; version="[3.1.0,4.0.0)"

	at org.eclipse.osgi.container.Module.start(Module.java:444)
	at org.eclipse.osgi.container.ModuleContainer$ContainerStartLevel.incStartLevel(ModuleContainer.java:1620)
	at org.eclipse.osgi.container.ModuleContainer$ContainerStartLevel.incStartLevel(ModuleContainer.java:1599)
	at org.eclipse.osgi.container.ModuleContainer$ContainerStartLevel.doContainerStartLevel(ModuleContainer.java:1571)
	at org.eclipse.osgi.container.ModuleContainer$ContainerStartLevel.dispatchEvent(ModuleContainer.java:1514)
	at org.eclipse.osgi.container.ModuleContainer$ContainerStartLevel.dispatchEvent(ModuleContainer.java:1)
	at org.eclipse.osgi.framework.eventmgr.EventManager.dispatchEvent(EventManager.java:230)
	at org.eclipse.osgi.framework.eventmgr.EventManager$EventThread.run(EventManager.java:340)

!ENTRY org.eclipse.recommenders.models 4 0 2017-07-08 11:38:19.902
!MESSAGE FrameworkEvent ERROR
!STACK 0
org.osgi.framework.BundleException: Could not resolve module: org.eclipse.recommenders.models [371]
  Unresolved requirement: Require-Bundle: org.eclipse.recommenders.coordinates; bundle-version="[2.4.5,2.4.6]"
    -> Bundle-SymbolicName: org.eclipse.recommenders.coordinates; bundle-version="2.4.5.v20161130-1427"
       org.eclipse.recommenders.coordinates [365]
         Unresolved requirement: Import-Package: org.apache.commons.httpclient; version="[3.1.0,4.0.0)"

	at org.eclipse.osgi.container.Module.start(Module.java:444)
	at org.eclipse.osgi.container.ModuleContainer$ContainerStartLevel.incStartLevel(ModuleContainer.java:1620)
	at org.eclipse.osgi.container.ModuleContainer$ContainerStartLevel.incStartLevel(ModuleContainer.java:1599)
	at org.eclipse.osgi.container.ModuleContainer$ContainerStartLevel.doContainerStartLevel(ModuleContainer.java:1571)
	at org.eclipse.osgi.container.ModuleContainer$ContainerStartLevel.dispatchEvent(ModuleContainer.java:1514)
	at org.eclipse.osgi.container.ModuleContainer$ContainerStartLevel.dispatchEvent(ModuleContainer.java:1)
	at org.eclipse.osgi.framework.eventmgr.EventManager.dispatchEvent(EventManager.java:230)
	at org.eclipse.osgi.framework.eventmgr.EventManager$EventThread.run(EventManager.java:340)

!ENTRY org.eclipse.recommenders.snipmatch 4 0 2017-07-08 11:38:19.906
!MESSAGE FrameworkEvent ERROR
!STACK 0
org.osgi.framework.BundleException: Could not resolve module: org.eclipse.recommenders.snipmatch [378]
  Unresolved requirement: Require-Bundle: org.eclipse.recommenders.coordinates; bundle-version="[2.4.5,2.4.6]"
    -> Bundle-SymbolicName: org.eclipse.recommenders.coordinates; bundle-version="2.4.5.v20161130-1427"
       org.eclipse.recommenders.coordinates [365]
         Unresolved requirement: Import-Package: org.apache.commons.httpclient; version="[3.1.0,4.0.0)"

	at org.eclipse.osgi.container.Module.start(Module.java:444)
	at org.eclipse.osgi.container.ModuleContainer$ContainerStartLevel.incStartLevel(ModuleContainer.java:1620)
	at org.eclipse.osgi.container.ModuleContainer$ContainerStartLevel.incStartLevel(ModuleContainer.java:1599)
	at org.eclipse.osgi.container.ModuleContainer$ContainerStartLevel.doContainerStartLevel(ModuleContainer.java:1571)
	at org.eclipse.osgi.container.ModuleContainer$ContainerStartLevel.dispatchEvent(ModuleContainer.java:1514)
	at org.eclipse.osgi.container.ModuleContainer$ContainerStartLevel.dispatchEvent(ModuleContainer.java:1)
	at org.eclipse.osgi.framework.eventmgr.EventManager.dispatchEvent(EventManager.java:230)
	at org.eclipse.osgi.framework.eventmgr.EventManager$EventThread.run(EventManager.java:340)

!ENTRY org.eclipse.recommenders.snipmatch.rcp 4 0 2017-07-08 11:38:19.911
!MESSAGE FrameworkEvent ERROR
!STACK 0
org.osgi.framework.BundleException: Could not resolve module: org.eclipse.recommenders.snipmatch.rcp [379]
  Unresolved requirement: Require-Bundle: org.eclipse.recommenders.coordinates.rcp; bundle-version="[2.4.5,2.4.6]"
    -> Bundle-SymbolicName: org.eclipse.recommenders.coordinates.rcp; bundle-version="2.4.5.v20161130-1427"; singleton:="true"
       org.eclipse.recommenders.coordinates.rcp [366]
         Unresolved requirement: Require-Bundle: org.eclipse.recommenders.coordinates; bundle-version="[2.4.5,2.4.6]"
           -> Bundle-SymbolicName: org.eclipse.recommenders.coordinates; bundle-version="2.4.5.v20161130-1427"
              org.eclipse.recommenders.coordinates [365]
                Unresolved requirement: Import-Package: org.apache.commons.httpclient; version="[3.1.0,4.0.0)"
  Unresolved requirement: Require-Bundle: org.eclipse.recommenders.snipmatch; bundle-version="[2.4.5,2.4.6]"
    -> Bundle-SymbolicName: org.eclipse.recommenders.snipmatch; bundle-version="2.4.5.v20161130-1427"; singleton:="true"
       org.eclipse.recommenders.snipmatch [378]
         Unresolved requirement: Require-Bundle: org.eclipse.recommenders.coordinates; bundle-version="[2.4.5,2.4.6]"
           -> Bundle-SymbolicName: org.eclipse.recommenders.coordinates; bundle-version="2.4.5.v20161130-1427"
  Unresolved requirement: Require-Bundle: org.eclipse.recommenders.models.rcp; bundle-version="[2.4.5,2.4.6]"
    -> Bundle-SymbolicName: org.eclipse.recommenders.models.rcp; bundle-version="2.4.5.v20161130-1427"; singleton:="true"
       org.eclipse.recommenders.models.rcp [372]
         Unresolved requirement: Require-Bundle: org.eclipse.recommenders.coordinates; bundle-version="[2.4.5,2.4.6]"
           -> Bundle-SymbolicName: org.eclipse.recommenders.coordinates; bundle-version="2.4.5.v20161130-1427"
  Unresolved requirement: Require-Bundle: org.eclipse.recommenders.coordinates; bundle-version="[2.4.5,2.4.6]"
    -> Bundle-SymbolicName: org.eclipse.recommenders.coordinates; bundle-version="2.4.5.v20161130-1427"

	at org.eclipse.osgi.container.Module.start(Module.java:444)
	at org.eclipse.osgi.container.ModuleContainer$ContainerStartLevel.incStartLevel(ModuleContainer.java:1620)
	at org.eclipse.osgi.container.ModuleContainer$ContainerStartLevel.incStartLevel(ModuleContainer.java:1599)
	at org.eclipse.osgi.container.ModuleContainer$ContainerStartLevel.doContainerStartLevel(ModuleContainer.java:1571)
	at org.eclipse.osgi.container.ModuleContainer$ContainerStartLevel.dispatchEvent(ModuleContainer.java:1514)
	at org.eclipse.osgi.container.ModuleContainer$ContainerStartLevel.dispatchEvent(ModuleContainer.java:1)
	at org.eclipse.osgi.framework.eventmgr.EventManager.dispatchEvent(EventManager.java:230)
	at org.eclipse.osgi.framework.eventmgr.EventManager$EventThread.run(EventManager.java:340)
