!SESSION 2017-07-08 11:37:54.701 -----------------------------------------------
eclipse.buildId=4.6.2.M20161124-1400
java.version=1.8.0_131
java.vendor=Oracle Corporation
BootLoader constants: OS=linux, ARCH=x86_64, WS=gtk, NL=en_US
Framework arguments:  -application org.eclipse.equinox.p2.director -repository file:///tmp/formic_578203095/update -uninstallIU org.eclim.installer.feature.group
Command-line arguments:  -clean -application org.eclipse.equinox.p2.director -repository file:///tmp/formic_578203095/update -uninstallIU org.eclim.installer.feature.group

!ENTRY org.eclipse.egit.mylyn.ui 4 0 2017-07-08 11:37:58.511
!MESSAGE FrameworkEvent ERROR
!STACK 0
org.osgi.framework.BundleException: Could not resolve module: org.eclipse.egit.mylyn.ui [122]
  Unresolved requirement: Require-Bundle: org.eclipse.mylyn.tasks.ui; bundle-version="[3.0.0,4.0.0)"
    -> Bundle-SymbolicName: org.eclipse.mylyn.tasks.ui; bundle-version="3.21.0.v20160913-2131"; singleton:="true"
       org.eclipse.mylyn.tasks.ui [295]
         Unresolved requirement: Require-Bundle: org.eclipse.mylyn.commons.net; bundle-version="3.8.0"
           -> Bundle-SymbolicName: org.eclipse.mylyn.commons.net; bundle-version="3.21.0.v20160630-1702"; singleton:="true"
              org.eclipse.mylyn.commons.net [261]
                Unresolved requirement: Require-Bundle: org.apache.commons.httpclient; bundle-version="[3.1.0,4.0.0)"; visibility:="reexport"
         Unresolved requirement: Require-Bundle: org.eclipse.mylyn.discovery.ui; bundle-version="3.8.0"; x-installation:="greedy"; resolution:="optional"
           -> Bundle-SymbolicName: org.eclipse.mylyn.discovery.ui; bundle-version="3.21.0.v20160630-1702"; singleton:="true"
              org.eclipse.mylyn.discovery.ui [277]
                Unresolved requirement: Require-Bundle: org.eclipse.mylyn.discovery.core; bundle-version="[3.8.0,4.0.0)"
                  -> Bundle-SymbolicName: org.eclipse.mylyn.discovery.core; bundle-version="3.21.0.v20160729-1739"; singleton:="true"
                     org.eclipse.mylyn.discovery.core [276]
                       Unresolved requirement: Require-Bundle: org.eclipse.mylyn.commons.net; bundle-version="3.8.0"
                         -> Bundle-SymbolicName: org.eclipse.mylyn.commons.net; bundle-version="3.21.0.v20160630-1702"; singleton:="true"
  Unresolved requirement: Require-Bundle: org.eclipse.mylyn.team.ui; bundle-version="[3.0.0,4.0.0)"
    -> Bundle-SymbolicName: org.eclipse.mylyn.team.ui; bundle-version="3.21.0.v20160701-1337"; singleton:="true"
       org.eclipse.mylyn.team.ui [296]
         Unresolved requirement: Require-Bundle: org.eclipse.mylyn.tasks.core; bundle-version="[3.8.0,4.0.0)"
           -> Bundle-SymbolicName: org.eclipse.mylyn.tasks.core; bundle-version="3.21.0.v20160914-0252"; singleton:="true"
              org.eclipse.mylyn.tasks.core [291]
                Unresolved requirement: Require-Bundle: org.eclipse.mylyn.commons.net; bundle-version="3.8.0"
                  -> Bundle-SymbolicName: org.eclipse.mylyn.commons.net; bundle-version="3.21.0.v20160630-1702"; singleton:="true"
         Unresolved requirement: Require-Bundle: org.eclipse.mylyn.tasks.ui; bundle-version="[3.8.0,4.0.0)"
           -> Bundle-SymbolicName: org.eclipse.mylyn.tasks.ui; bundle-version="3.21.0.v20160913-2131"; singleton:="true"
  Unresolved requirement: Require-Bundle: org.eclipse.mylyn.tasks.core; bundle-version="[3.0.0,4.0.0)"
    -> Bundle-SymbolicName: org.eclipse.mylyn.tasks.core; bundle-version="3.21.0.v20160914-0252"; singleton:="true"

	at org.eclipse.osgi.container.Module.start(Module.java:444)
	at org.eclipse.osgi.container.ModuleContainer$ContainerStartLevel.incStartLevel(ModuleContainer.java:1620)
	at org.eclipse.osgi.container.ModuleContainer$ContainerStartLevel.incStartLevel(ModuleContainer.java:1599)
	at org.eclipse.osgi.container.ModuleContainer$ContainerStartLevel.doContainerStartLevel(ModuleContainer.java:1571)
	at org.eclipse.osgi.container.ModuleContainer$ContainerStartLevel.dispatchEvent(ModuleContainer.java:1514)
	at org.eclipse.osgi.container.ModuleContainer$ContainerStartLevel.dispatchEvent(ModuleContainer.java:1)
	at org.eclipse.osgi.framework.eventmgr.EventManager.dispatchEvent(EventManager.java:230)
	at org.eclipse.osgi.framework.eventmgr.EventManager$EventThread.run(EventManager.java:340)

!ENTRY org.eclipse.mylyn.bugzilla.core 4 0 2017-07-08 11:37:58.691
!MESSAGE FrameworkEvent ERROR
!STACK 0
org.osgi.framework.BundleException: Could not resolve module: org.eclipse.mylyn.bugzilla.core [254]
  Unresolved requirement: Require-Bundle: org.eclipse.mylyn.tasks.core; bundle-version="[3.8.0,4.0.0)"
    -> Bundle-SymbolicName: org.eclipse.mylyn.tasks.core; bundle-version="3.21.0.v20160914-0252"; singleton:="true"
       org.eclipse.mylyn.tasks.core [291]
         Unresolved requirement: Require-Bundle: org.eclipse.mylyn.commons.net; bundle-version="3.8.0"
           -> Bundle-SymbolicName: org.eclipse.mylyn.commons.net; bundle-version="3.21.0.v20160630-1702"; singleton:="true"
              org.eclipse.mylyn.commons.net [261]
                Unresolved requirement: Require-Bundle: org.apache.commons.httpclient; bundle-version="[3.1.0,4.0.0)"; visibility:="reexport"
  Unresolved requirement: Require-Bundle: org.eclipse.mylyn.commons.net; bundle-version="[3.8.0,4.0.0)"
    -> Bundle-SymbolicName: org.eclipse.mylyn.commons.net; bundle-version="3.21.0.v20160630-1702"; singleton:="true"

	at org.eclipse.osgi.container.Module.start(Module.java:444)
	at org.eclipse.osgi.container.ModuleContainer$ContainerStartLevel.incStartLevel(ModuleContainer.java:1620)
	at org.eclipse.osgi.container.ModuleContainer$ContainerStartLevel.incStartLevel(ModuleContainer.java:1599)
	at org.eclipse.osgi.container.ModuleContainer$ContainerStartLevel.doContainerStartLevel(ModuleContainer.java:1571)
	at org.eclipse.osgi.container.ModuleContainer$ContainerStartLevel.dispatchEvent(ModuleContainer.java:1514)
	at org.eclipse.osgi.container.ModuleContainer$ContainerStartLevel.dispatchEvent(ModuleContainer.java:1)
	at org.eclipse.osgi.framework.eventmgr.EventManager.dispatchEvent(EventManager.java:230)
	at org.eclipse.osgi.framework.eventmgr.EventManager$EventThread.run(EventManager.java:340)

!ENTRY org.eclipse.mylyn.bugzilla.ui 4 0 2017-07-08 11:37:58.715
!MESSAGE FrameworkEvent ERROR
!STACK 0
org.osgi.framework.BundleException: Could not resolve module: org.eclipse.mylyn.bugzilla.ui [256]
  Unresolved requirement: Require-Bundle: org.eclipse.mylyn.tasks.core; bundle-version="[3.8.0,4.0.0)"
    -> Bundle-SymbolicName: org.eclipse.mylyn.tasks.core; bundle-version="3.21.0.v20160914-0252"; singleton:="true"
       org.eclipse.mylyn.tasks.core [291]
         Unresolved requirement: Require-Bundle: org.eclipse.mylyn.commons.net; bundle-version="3.8.0"
           -> Bundle-SymbolicName: org.eclipse.mylyn.commons.net; bundle-version="3.21.0.v20160630-1702"; singleton:="true"
              org.eclipse.mylyn.commons.net [261]
                Unresolved requirement: Require-Bundle: org.apache.commons.httpclient; bundle-version="[3.1.0,4.0.0)"; visibility:="reexport"
  Unresolved requirement: Require-Bundle: org.eclipse.mylyn.tasks.ui; bundle-version="[3.8.0,4.0.0)"
    -> Bundle-SymbolicName: org.eclipse.mylyn.tasks.ui; bundle-version="3.21.0.v20160913-2131"; singleton:="true"
       org.eclipse.mylyn.tasks.ui [295]
         Unresolved requirement: Require-Bundle: org.eclipse.mylyn.commons.net; bundle-version="3.8.0"
           -> Bundle-SymbolicName: org.eclipse.mylyn.commons.net; bundle-version="3.21.0.v20160630-1702"; singleton:="true"
         Unresolved requirement: Require-Bundle: org.eclipse.mylyn.discovery.ui; bundle-version="3.8.0"; x-installation:="greedy"; resolution:="optional"
           -> Bundle-SymbolicName: org.eclipse.mylyn.discovery.ui; bundle-version="3.21.0.v20160630-1702"; singleton:="true"
              org.eclipse.mylyn.discovery.ui [277]
                Unresolved requirement: Require-Bundle: org.eclipse.mylyn.discovery.core; bundle-version="[3.8.0,4.0.0)"
                  -> Bundle-SymbolicName: org.eclipse.mylyn.discovery.core; bundle-version="3.21.0.v20160729-1739"; singleton:="true"
                     org.eclipse.mylyn.discovery.core [276]
                       Unresolved requirement: Require-Bundle: org.eclipse.mylyn.commons.net; bundle-version="3.8.0"
                         -> Bundle-SymbolicName: org.eclipse.mylyn.commons.net; bundle-version="3.21.0.v20160630-1702"; singleton:="true"
  Unresolved requirement: Require-Bundle: org.eclipse.mylyn.bugzilla.core; bundle-version="[3.8.0,4.0.0)"
    -> Bundle-SymbolicName: org.eclipse.mylyn.bugzilla.core; bundle-version="3.21.0.v20160909-1813"; singleton:="true"
       org.eclipse.mylyn.bugzilla.core [254]
         Unresolved requirement: Require-Bundle: org.eclipse.mylyn.tasks.core; bundle-version="[3.8.0,4.0.0)"
           -> Bundle-SymbolicName: org.eclipse.mylyn.tasks.core; bundle-version="3.21.0.v20160914-0252"; singleton:="true"
         Unresolved requirement: Require-Bundle: org.eclipse.mylyn.commons.net; bundle-version="[3.8.0,4.0.0)"
           -> Bundle-SymbolicName: org.eclipse.mylyn.commons.net; bundle-version="3.21.0.v20160630-1702"; singleton:="true"
  Unresolved requirement: Require-Bundle: org.eclipse.mylyn.commons.net; bundle-version="[3.8.0,4.0.0)"
    -> Bundle-SymbolicName: org.eclipse.mylyn.commons.net; bundle-version="3.21.0.v20160630-1702"; singleton:="true"

	at org.eclipse.osgi.container.Module.start(Module.java:444)
	at org.eclipse.osgi.container.ModuleContainer$ContainerStartLevel.incStartLevel(ModuleContainer.java:1620)
	at org.eclipse.osgi.container.ModuleContainer$ContainerStartLevel.incStartLevel(ModuleContainer.java:1599)
	at org.eclipse.osgi.container.ModuleContainer$ContainerStartLevel.doContainerStartLevel(ModuleContainer.java:1571)
	at org.eclipse.osgi.container.ModuleContainer$ContainerStartLevel.dispatchEvent(ModuleContainer.java:1514)
	at org.eclipse.osgi.container.ModuleContainer$ContainerStartLevel.dispatchEvent(ModuleContainer.java:1)
	at org.eclipse.osgi.framework.eventmgr.EventManager.dispatchEvent(EventManager.java:230)
	at org.eclipse.osgi.framework.eventmgr.EventManager$EventThread.run(EventManager.java:340)

!ENTRY org.eclipse.mylyn.builds.ui 4 0 2017-07-08 11:37:58.717
!MESSAGE FrameworkEvent ERROR
!STACK 0
org.osgi.framework.BundleException: Could not resolve module: org.eclipse.mylyn.builds.ui [258]
  Unresolved requirement: Require-Bundle: org.eclipse.mylyn.team.ui; bundle-version="3.8.0"
    -> Bundle-SymbolicName: org.eclipse.mylyn.team.ui; bundle-version="3.21.0.v20160701-1337"; singleton:="true"
       org.eclipse.mylyn.team.ui [296]
         Unresolved requirement: Require-Bundle: org.eclipse.mylyn.tasks.core; bundle-version="[3.8.0,4.0.0)"
           -> Bundle-SymbolicName: org.eclipse.mylyn.tasks.core; bundle-version="3.21.0.v20160914-0252"; singleton:="true"
              org.eclipse.mylyn.tasks.core [291]
                Unresolved requirement: Require-Bundle: org.eclipse.mylyn.commons.net; bundle-version="3.8.0"
                  -> Bundle-SymbolicName: org.eclipse.mylyn.commons.net; bundle-version="3.21.0.v20160630-1702"; singleton:="true"
                     org.eclipse.mylyn.commons.net [261]
                       Unresolved requirement: Require-Bundle: org.apache.commons.httpclient; bundle-version="[3.1.0,4.0.0)"; visibility:="reexport"
  Unresolved requirement: Require-Bundle: org.eclipse.mylyn.tasks.ui; bundle-version="3.8.0"
    -> Bundle-SymbolicName: org.eclipse.mylyn.tasks.ui; bundle-version="3.21.0.v20160913-2131"; singleton:="true"
       org.eclipse.mylyn.tasks.ui [295]
         Unresolved requirement: Require-Bundle: org.eclipse.mylyn.commons.net; bundle-version="3.8.0"
           -> Bundle-SymbolicName: org.eclipse.mylyn.commons.net; bundle-version="3.21.0.v20160630-1702"; singleton:="true"
         Unresolved requirement: Require-Bundle: org.eclipse.mylyn.discovery.ui; bundle-version="3.8.0"; x-installation:="greedy"; resolution:="optional"
           -> Bundle-SymbolicName: org.eclipse.mylyn.discovery.ui; bundle-version="3.21.0.v20160630-1702"; singleton:="true"
              org.eclipse.mylyn.discovery.ui [277]
                Unresolved requirement: Require-Bundle: org.eclipse.mylyn.discovery.core; bundle-version="[3.8.0,4.0.0)"
                  -> Bundle-SymbolicName: org.eclipse.mylyn.discovery.core; bundle-version="3.21.0.v20160729-1739"; singleton:="true"
                     org.eclipse.mylyn.discovery.core [276]
                       Unresolved requirement: Require-Bundle: org.eclipse.mylyn.commons.net; bundle-version="3.8.0"
                         -> Bundle-SymbolicName: org.eclipse.mylyn.commons.net; bundle-version="3.21.0.v20160630-1702"; singleton:="true"
  Unresolved requirement: Require-Bundle: org.eclipse.mylyn.tasks.core; bundle-version="3.8.0"
    -> Bundle-SymbolicName: org.eclipse.mylyn.tasks.core; bundle-version="3.21.0.v20160914-0252"; singleton:="true"

	at org.eclipse.osgi.container.Module.start(Module.java:444)
	at org.eclipse.osgi.container.ModuleContainer$ContainerStartLevel.incStartLevel(ModuleContainer.java:1620)
	at org.eclipse.osgi.container.ModuleContainer$ContainerStartLevel.incStartLevel(ModuleContainer.java:1599)
	at org.eclipse.osgi.container.ModuleContainer$ContainerStartLevel.doContainerStartLevel(ModuleContainer.java:1571)
	at org.eclipse.osgi.container.ModuleContainer$ContainerStartLevel.dispatchEvent(ModuleContainer.java:1514)
	at org.eclipse.osgi.container.ModuleContainer$ContainerStartLevel.dispatchEvent(ModuleContainer.java:1)
	at org.eclipse.osgi.framework.eventmgr.EventManager.dispatchEvent(EventManager.java:230)
	at org.eclipse.osgi.framework.eventmgr.EventManager$EventThread.run(EventManager.java:340)

!ENTRY org.eclipse.mylyn.commons.net 4 0 2017-07-08 11:37:58.732
!MESSAGE FrameworkEvent ERROR
!STACK 0
org.osgi.framework.BundleException: Could not resolve module: org.eclipse.mylyn.commons.net [261]
  Unresolved requirement: Require-Bundle: org.apache.commons.httpclient; bundle-version="[3.1.0,4.0.0)"; visibility:="reexport"

	at org.eclipse.osgi.container.Module.start(Module.java:444)
	at org.eclipse.osgi.container.ModuleContainer$ContainerStartLevel.incStartLevel(ModuleContainer.java:1620)
	at org.eclipse.osgi.container.ModuleContainer$ContainerStartLevel.incStartLevel(ModuleContainer.java:1599)
	at org.eclipse.osgi.container.ModuleContainer$ContainerStartLevel.doContainerStartLevel(ModuleContainer.java:1571)
	at org.eclipse.osgi.container.ModuleContainer$ContainerStartLevel.dispatchEvent(ModuleContainer.java:1514)
	at org.eclipse.osgi.container.ModuleContainer$ContainerStartLevel.dispatchEvent(ModuleContainer.java:1)
	at org.eclipse.osgi.framework.eventmgr.EventManager.dispatchEvent(EventManager.java:230)
	at org.eclipse.osgi.framework.eventmgr.EventManager$EventThread.run(EventManager.java:340)

!ENTRY org.eclipse.mylyn.commons.xmlrpc 4 0 2017-07-08 11:37:58.739
!MESSAGE FrameworkEvent ERROR
!STACK 0
org.osgi.framework.BundleException: Could not resolve module: org.eclipse.mylyn.commons.xmlrpc [271]
  Unresolved requirement: Require-Bundle: org.eclipse.mylyn.commons.net; bundle-version="[3.8.0,4.0.0)"
    -> Bundle-SymbolicName: org.eclipse.mylyn.commons.net; bundle-version="3.21.0.v20160630-1702"; singleton:="true"
       org.eclipse.mylyn.commons.net [261]
         Unresolved requirement: Require-Bundle: org.apache.commons.httpclient; bundle-version="[3.1.0,4.0.0)"; visibility:="reexport"
  Unresolved requirement: Require-Bundle: org.apache.xmlrpc; bundle-version="[3.0.0,4.0.0)"
    -> Bundle-SymbolicName: org.apache.xmlrpc; bundle-version="3.0.0.v20100427-1100"
       org.apache.xmlrpc [50]
         Unresolved requirement: Import-Package: org.apache.commons.httpclient

	at org.eclipse.osgi.container.Module.start(Module.java:444)
	at org.eclipse.osgi.container.ModuleContainer$ContainerStartLevel.incStartLevel(ModuleContainer.java:1620)
	at org.eclipse.osgi.container.ModuleContainer$ContainerStartLevel.incStartLevel(ModuleContainer.java:1599)
	at org.eclipse.osgi.container.ModuleContainer$ContainerStartLevel.doContainerStartLevel(ModuleContainer.java:1571)
	at org.eclipse.osgi.container.ModuleContainer$ContainerStartLevel.dispatchEvent(ModuleContainer.java:1514)
	at org.eclipse.osgi.container.ModuleContainer$ContainerStartLevel.dispatchEvent(ModuleContainer.java:1)
	at org.eclipse.osgi.framework.eventmgr.EventManager.dispatchEvent(EventManager.java:230)
	at org.eclipse.osgi.framework.eventmgr.EventManager$EventThread.run(EventManager.java:340)

!ENTRY org.eclipse.mylyn.context.tasks.ui 4 0 2017-07-08 11:37:58.753
!MESSAGE FrameworkEvent ERROR
!STACK 0
org.osgi.framework.BundleException: Could not resolve module: org.eclipse.mylyn.context.tasks.ui [273]
  Unresolved requirement: Require-Bundle: org.eclipse.mylyn.tasks.core; bundle-version="3.8.0"
    -> Bundle-SymbolicName: org.eclipse.mylyn.tasks.core; bundle-version="3.21.0.v20160914-0252"; singleton:="true"
       org.eclipse.mylyn.tasks.core [291]
         Unresolved requirement: Require-Bundle: org.eclipse.mylyn.commons.net; bundle-version="3.8.0"
           -> Bundle-SymbolicName: org.eclipse.mylyn.commons.net; bundle-version="3.21.0.v20160630-1702"; singleton:="true"
              org.eclipse.mylyn.commons.net [261]
                Unresolved requirement: Require-Bundle: org.apache.commons.httpclient; bundle-version="[3.1.0,4.0.0)"; visibility:="reexport"
  Unresolved requirement: Require-Bundle: org.eclipse.mylyn.tasks.ui; bundle-version="3.8.0"
    -> Bundle-SymbolicName: org.eclipse.mylyn.tasks.ui; bundle-version="3.21.0.v20160913-2131"; singleton:="true"
       org.eclipse.mylyn.tasks.ui [295]
         Unresolved requirement: Require-Bundle: org.eclipse.mylyn.commons.net; bundle-version="3.8.0"
           -> Bundle-SymbolicName: org.eclipse.mylyn.commons.net; bundle-version="3.21.0.v20160630-1702"; singleton:="true"
         Unresolved requirement: Require-Bundle: org.eclipse.mylyn.discovery.ui; bundle-version="3.8.0"; x-installation:="greedy"; resolution:="optional"
           -> Bundle-SymbolicName: org.eclipse.mylyn.discovery.ui; bundle-version="3.21.0.v20160630-1702"; singleton:="true"
              org.eclipse.mylyn.discovery.ui [277]
                Unresolved requirement: Require-Bundle: org.eclipse.mylyn.discovery.core; bundle-version="[3.8.0,4.0.0)"
                  -> Bundle-SymbolicName: org.eclipse.mylyn.discovery.core; bundle-version="3.21.0.v20160729-1739"; singleton:="true"
                     org.eclipse.mylyn.discovery.core [276]
                       Unresolved requirement: Require-Bundle: org.eclipse.mylyn.commons.net; bundle-version="3.8.0"
                         -> Bundle-SymbolicName: org.eclipse.mylyn.commons.net; bundle-version="3.21.0.v20160630-1702"; singleton:="true"

	at org.eclipse.osgi.container.Module.start(Module.java:444)
	at org.eclipse.osgi.container.ModuleContainer$ContainerStartLevel.incStartLevel(ModuleContainer.java:1620)
	at org.eclipse.osgi.container.ModuleContainer$ContainerStartLevel.incStartLevel(ModuleContainer.java:1599)
	at org.eclipse.osgi.container.ModuleContainer$ContainerStartLevel.doContainerStartLevel(ModuleContainer.java:1571)
	at org.eclipse.osgi.container.ModuleContainer$ContainerStartLevel.dispatchEvent(ModuleContainer.java:1514)
	at org.eclipse.osgi.container.ModuleContainer$ContainerStartLevel.dispatchEvent(ModuleContainer.java:1)
	at org.eclipse.osgi.framework.eventmgr.EventManager.dispatchEvent(EventManager.java:230)
	at org.eclipse.osgi.framework.eventmgr.EventManager$EventThread.run(EventManager.java:340)

!ENTRY org.eclipse.mylyn.hudson.ui 4 0 2017-07-08 11:37:58.762
!MESSAGE FrameworkEvent ERROR
!STACK 0
org.osgi.framework.BundleException: Could not resolve module: org.eclipse.mylyn.hudson.ui [282]
  Unresolved requirement: Require-Bundle: org.eclipse.ecf.discovery; bundle-version="3.0.0"; resolution:="optional"
  Unresolved requirement: Require-Bundle: org.eclipse.ecf.provider.discovery; bundle-version="2.0.0"; resolution:="optional"
  Unresolved requirement: Require-Bundle: org.eclipse.ecf.provider.jmdns; bundle-version="3.0.0"; resolution:="optional"
  Unresolved requirement: Require-Bundle: org.eclipse.mylyn.builds.ui
    -> Bundle-SymbolicName: org.eclipse.mylyn.builds.ui; bundle-version="1.13.0.v20160725-1817"; singleton:="true"
       org.eclipse.mylyn.builds.ui [258]
         Unresolved requirement: Require-Bundle: org.eclipse.mylyn.team.ui; bundle-version="3.8.0"
           -> Bundle-SymbolicName: org.eclipse.mylyn.team.ui; bundle-version="3.21.0.v20160701-1337"; singleton:="true"
              org.eclipse.mylyn.team.ui [296]
                Unresolved requirement: Require-Bundle: org.eclipse.mylyn.tasks.core; bundle-version="[3.8.0,4.0.0)"
                  -> Bundle-SymbolicName: org.eclipse.mylyn.tasks.core; bundle-version="3.21.0.v20160914-0252"; singleton:="true"
                     org.eclipse.mylyn.tasks.core [291]
                       Unresolved requirement: Require-Bundle: org.eclipse.mylyn.commons.net; bundle-version="3.8.0"
                         -> Bundle-SymbolicName: org.eclipse.mylyn.commons.net; bundle-version="3.21.0.v20160630-1702"; singleton:="true"
                            org.eclipse.mylyn.commons.net [261]
                              Unresolved requirement: Require-Bundle: org.apache.commons.httpclient; bundle-version="[3.1.0,4.0.0)"; visibility:="reexport"
         Unresolved requirement: Require-Bundle: org.eclipse.mylyn.tasks.ui; bundle-version="3.8.0"
           -> Bundle-SymbolicName: org.eclipse.mylyn.tasks.ui; bundle-version="3.21.0.v20160913-2131"; singleton:="true"
              org.eclipse.mylyn.tasks.ui [295]
                Unresolved requirement: Require-Bundle: org.eclipse.mylyn.commons.net; bundle-version="3.8.0"
                  -> Bundle-SymbolicName: org.eclipse.mylyn.commons.net; bundle-version="3.21.0.v20160630-1702"; singleton:="true"
                Unresolved requirement: Require-Bundle: org.eclipse.mylyn.discovery.ui; bundle-version="3.8.0"; x-installation:="greedy"; resolution:="optional"
                  -> Bundle-SymbolicName: org.eclipse.mylyn.discovery.ui; bundle-version="3.21.0.v20160630-1702"; singleton:="true"
                     org.eclipse.mylyn.discovery.ui [277]
                       Unresolved requirement: Require-Bundle: org.eclipse.mylyn.discovery.core; bundle-version="[3.8.0,4.0.0)"
                         -> Bundle-SymbolicName: org.eclipse.mylyn.discovery.core; bundle-version="3.21.0.v20160729-1739"; singleton:="true"
                            org.eclipse.mylyn.discovery.core [276]
                              Unresolved requirement: Require-Bundle: org.eclipse.mylyn.commons.net; bundle-version="3.8.0"
                                -> Bundle-SymbolicName: org.eclipse.mylyn.commons.net; bundle-version="3.21.0.v20160630-1702"; singleton:="true"
         Unresolved requirement: Require-Bundle: org.eclipse.mylyn.tasks.core; bundle-version="3.8.0"
           -> Bundle-SymbolicName: org.eclipse.mylyn.tasks.core; bundle-version="3.21.0.v20160914-0252"; singleton:="true"

	at org.eclipse.osgi.container.Module.start(Module.java:444)
	at org.eclipse.osgi.container.ModuleContainer$ContainerStartLevel.incStartLevel(ModuleContainer.java:1620)
	at org.eclipse.osgi.container.ModuleContainer$ContainerStartLevel.incStartLevel(ModuleContainer.java:1599)
	at org.eclipse.osgi.container.ModuleContainer$ContainerStartLevel.doContainerStartLevel(ModuleContainer.java:1571)
	at org.eclipse.osgi.container.ModuleContainer$ContainerStartLevel.dispatchEvent(ModuleContainer.java:1514)
	at org.eclipse.osgi.container.ModuleContainer$ContainerStartLevel.dispatchEvent(ModuleContainer.java:1)
	at org.eclipse.osgi.framework.eventmgr.EventManager.dispatchEvent(EventManager.java:230)
	at org.eclipse.osgi.framework.eventmgr.EventManager$EventThread.run(EventManager.java:340)

!ENTRY org.eclipse.mylyn.java.tasks 4 0 2017-07-08 11:37:58.787
!MESSAGE FrameworkEvent ERROR
!STACK 0
org.osgi.framework.BundleException: Could not resolve module: org.eclipse.mylyn.java.tasks [285]
  Unresolved requirement: Require-Bundle: org.eclipse.mylyn.tasks.ui; bundle-version="[3.8.0,4.0.0)"
    -> Bundle-SymbolicName: org.eclipse.mylyn.tasks.ui; bundle-version="3.21.0.v20160913-2131"; singleton:="true"
       org.eclipse.mylyn.tasks.ui [295]
         Unresolved requirement: Require-Bundle: org.eclipse.mylyn.commons.net; bundle-version="3.8.0"
           -> Bundle-SymbolicName: org.eclipse.mylyn.commons.net; bundle-version="3.21.0.v20160630-1702"; singleton:="true"
              org.eclipse.mylyn.commons.net [261]
                Unresolved requirement: Require-Bundle: org.apache.commons.httpclient; bundle-version="[3.1.0,4.0.0)"; visibility:="reexport"
         Unresolved requirement: Require-Bundle: org.eclipse.mylyn.discovery.ui; bundle-version="3.8.0"; x-installation:="greedy"; resolution:="optional"
           -> Bundle-SymbolicName: org.eclipse.mylyn.discovery.ui; bundle-version="3.21.0.v20160630-1702"; singleton:="true"
              org.eclipse.mylyn.discovery.ui [277]
                Unresolved requirement: Require-Bundle: org.eclipse.mylyn.discovery.core; bundle-version="[3.8.0,4.0.0)"
                  -> Bundle-SymbolicName: org.eclipse.mylyn.discovery.core; bundle-version="3.21.0.v20160729-1739"; singleton:="true"
                     org.eclipse.mylyn.discovery.core [276]
                       Unresolved requirement: Require-Bundle: org.eclipse.mylyn.commons.net; bundle-version="3.8.0"
                         -> Bundle-SymbolicName: org.eclipse.mylyn.commons.net; bundle-version="3.21.0.v20160630-1702"; singleton:="true"
  Unresolved requirement: Require-Bundle: org.eclipse.mylyn.tasks.core; bundle-version="[3.8.0,4.0.0)"
    -> Bundle-SymbolicName: org.eclipse.mylyn.tasks.core; bundle-version="3.21.0.v20160914-0252"; singleton:="true"
       org.eclipse.mylyn.tasks.core [291]
         Unresolved requirement: Require-Bundle: org.eclipse.mylyn.commons.net; bundle-version="3.8.0"
           -> Bundle-SymbolicName: org.eclipse.mylyn.commons.net; bundle-version="3.21.0.v20160630-1702"; singleton:="true"

	at org.eclipse.osgi.container.Module.start(Module.java:444)
	at org.eclipse.osgi.container.ModuleContainer$ContainerStartLevel.incStartLevel(ModuleContainer.java:1620)
	at org.eclipse.osgi.container.ModuleContainer$ContainerStartLevel.incStartLevel(ModuleContainer.java:1599)
	at org.eclipse.osgi.container.ModuleContainer$ContainerStartLevel.doContainerStartLevel(ModuleContainer.java:1571)
	at org.eclipse.osgi.container.ModuleContainer$ContainerStartLevel.dispatchEvent(ModuleContainer.java:1514)
	at org.eclipse.osgi.container.ModuleContainer$ContainerStartLevel.dispatchEvent(ModuleContainer.java:1)
	at org.eclipse.osgi.framework.eventmgr.EventManager.dispatchEvent(EventManager.java:230)
	at org.eclipse.osgi.framework.eventmgr.EventManager$EventThread.run(EventManager.java:340)

!ENTRY org.eclipse.mylyn.tasks.bugs 4 0 2017-07-08 11:37:58.805
!MESSAGE FrameworkEvent ERROR
!STACK 0
org.osgi.framework.BundleException: Could not resolve module: org.eclipse.mylyn.tasks.bugs [290]
  Unresolved requirement: Require-Bundle: org.eclipse.mylyn.tasks.ui; bundle-version="[3.8.0,4.0.0)"
    -> Bundle-SymbolicName: org.eclipse.mylyn.tasks.ui; bundle-version="3.21.0.v20160913-2131"; singleton:="true"
       org.eclipse.mylyn.tasks.ui [295]
         Unresolved requirement: Require-Bundle: org.eclipse.mylyn.commons.net; bundle-version="3.8.0"
           -> Bundle-SymbolicName: org.eclipse.mylyn.commons.net; bundle-version="3.21.0.v20160630-1702"; singleton:="true"
              org.eclipse.mylyn.commons.net [261]
                Unresolved requirement: Require-Bundle: org.apache.commons.httpclient; bundle-version="[3.1.0,4.0.0)"; visibility:="reexport"
         Unresolved requirement: Require-Bundle: org.eclipse.mylyn.discovery.ui; bundle-version="3.8.0"; x-installation:="greedy"; resolution:="optional"
           -> Bundle-SymbolicName: org.eclipse.mylyn.discovery.ui; bundle-version="3.21.0.v20160630-1702"; singleton:="true"
              org.eclipse.mylyn.discovery.ui [277]
                Unresolved requirement: Require-Bundle: org.eclipse.mylyn.discovery.core; bundle-version="[3.8.0,4.0.0)"
                  -> Bundle-SymbolicName: org.eclipse.mylyn.discovery.core; bundle-version="3.21.0.v20160729-1739"; singleton:="true"
                     org.eclipse.mylyn.discovery.core [276]
                       Unresolved requirement: Require-Bundle: org.eclipse.mylyn.commons.net; bundle-version="3.8.0"
                         -> Bundle-SymbolicName: org.eclipse.mylyn.commons.net; bundle-version="3.21.0.v20160630-1702"; singleton:="true"
  Unresolved requirement: Require-Bundle: org.eclipse.mylyn.tasks.core; bundle-version="[3.8.0,4.0.0)"
    -> Bundle-SymbolicName: org.eclipse.mylyn.tasks.core; bundle-version="3.21.0.v20160914-0252"; singleton:="true"
       org.eclipse.mylyn.tasks.core [291]
         Unresolved requirement: Require-Bundle: org.eclipse.mylyn.commons.net; bundle-version="3.8.0"
           -> Bundle-SymbolicName: org.eclipse.mylyn.commons.net; bundle-version="3.21.0.v20160630-1702"; singleton:="true"

	at org.eclipse.osgi.container.Module.start(Module.java:444)
	at org.eclipse.osgi.container.ModuleContainer$ContainerStartLevel.incStartLevel(ModuleContainer.java:1620)
	at org.eclipse.osgi.container.ModuleContainer$ContainerStartLevel.incStartLevel(ModuleContainer.java:1599)
	at org.eclipse.osgi.container.ModuleContainer$ContainerStartLevel.doContainerStartLevel(ModuleContainer.java:1571)
	at org.eclipse.osgi.container.ModuleContainer$ContainerStartLevel.dispatchEvent(ModuleContainer.java:1514)
	at org.eclipse.osgi.container.ModuleContainer$ContainerStartLevel.dispatchEvent(ModuleContainer.java:1)
	at org.eclipse.osgi.framework.eventmgr.EventManager.dispatchEvent(EventManager.java:230)
	at org.eclipse.osgi.framework.eventmgr.EventManager$EventThread.run(EventManager.java:340)

!ENTRY org.eclipse.mylyn.tasks.index.core 4 0 2017-07-08 11:37:58.813
!MESSAGE FrameworkEvent ERROR
!STACK 0
org.osgi.framework.BundleException: Could not resolve module: org.eclipse.mylyn.tasks.index.core [292]
  Unresolved requirement: Require-Bundle: org.eclipse.mylyn.tasks.core; bundle-version="3.8.0"
    -> Bundle-SymbolicName: org.eclipse.mylyn.tasks.core; bundle-version="3.21.0.v20160914-0252"; singleton:="true"
       org.eclipse.mylyn.tasks.core [291]
         Unresolved requirement: Require-Bundle: org.eclipse.mylyn.commons.net; bundle-version="3.8.0"
           -> Bundle-SymbolicName: org.eclipse.mylyn.commons.net; bundle-version="3.21.0.v20160630-1702"; singleton:="true"
              org.eclipse.mylyn.commons.net [261]
                Unresolved requirement: Require-Bundle: org.apache.commons.httpclient; bundle-version="[3.1.0,4.0.0)"; visibility:="reexport"

	at org.eclipse.osgi.container.Module.start(Module.java:444)
	at org.eclipse.osgi.container.ModuleContainer$ContainerStartLevel.incStartLevel(ModuleContainer.java:1620)
	at org.eclipse.osgi.container.ModuleContainer$ContainerStartLevel.incStartLevel(ModuleContainer.java:1599)
	at org.eclipse.osgi.container.ModuleContainer$ContainerStartLevel.doContainerStartLevel(ModuleContainer.java:1571)
	at org.eclipse.osgi.container.ModuleContainer$ContainerStartLevel.dispatchEvent(ModuleContainer.java:1514)
	at org.eclipse.osgi.container.ModuleContainer$ContainerStartLevel.dispatchEvent(ModuleContainer.java:1)
	at org.eclipse.osgi.framework.eventmgr.EventManager.dispatchEvent(EventManager.java:230)
	at org.eclipse.osgi.framework.eventmgr.EventManager$EventThread.run(EventManager.java:340)

!ENTRY org.eclipse.mylyn.tasks.ui 4 0 2017-07-08 11:37:58.826
!MESSAGE FrameworkEvent ERROR
!STACK 0
org.osgi.framework.BundleException: Could not resolve module: org.eclipse.mylyn.tasks.ui [295]
  Unresolved requirement: Require-Bundle: org.eclipse.mylyn.commons.net; bundle-version="3.8.0"
    -> Bundle-SymbolicName: org.eclipse.mylyn.commons.net; bundle-version="3.21.0.v20160630-1702"; singleton:="true"
       org.eclipse.mylyn.commons.net [261]
         Unresolved requirement: Require-Bundle: org.apache.commons.httpclient; bundle-version="[3.1.0,4.0.0)"; visibility:="reexport"
  Unresolved requirement: Require-Bundle: org.eclipse.mylyn.discovery.ui; bundle-version="3.8.0"; x-installation:="greedy"; resolution:="optional"
    -> Bundle-SymbolicName: org.eclipse.mylyn.discovery.ui; bundle-version="3.21.0.v20160630-1702"; singleton:="true"
       org.eclipse.mylyn.discovery.ui [277]
         Unresolved requirement: Require-Bundle: org.eclipse.mylyn.discovery.core; bundle-version="[3.8.0,4.0.0)"
           -> Bundle-SymbolicName: org.eclipse.mylyn.discovery.core; bundle-version="3.21.0.v20160729-1739"; singleton:="true"
              org.eclipse.mylyn.discovery.core [276]
                Unresolved requirement: Require-Bundle: org.eclipse.mylyn.commons.net; bundle-version="3.8.0"
                  -> Bundle-SymbolicName: org.eclipse.mylyn.commons.net; bundle-version="3.21.0.v20160630-1702"; singleton:="true"

	at org.eclipse.osgi.container.Module.start(Module.java:444)
	at org.eclipse.osgi.container.ModuleContainer$ContainerStartLevel.incStartLevel(ModuleContainer.java:1620)
	at org.eclipse.osgi.container.ModuleContainer$ContainerStartLevel.incStartLevel(ModuleContainer.java:1599)
	at org.eclipse.osgi.container.ModuleContainer$ContainerStartLevel.doContainerStartLevel(ModuleContainer.java:1571)
	at org.eclipse.osgi.container.ModuleContainer$ContainerStartLevel.dispatchEvent(ModuleContainer.java:1514)
	at org.eclipse.osgi.container.ModuleContainer$ContainerStartLevel.dispatchEvent(ModuleContainer.java:1)
	at org.eclipse.osgi.framework.eventmgr.EventManager.dispatchEvent(EventManager.java:230)
	at org.eclipse.osgi.framework.eventmgr.EventManager$EventThread.run(EventManager.java:340)

!ENTRY org.eclipse.mylyn.team.ui 4 0 2017-07-08 11:37:58.835
!MESSAGE FrameworkEvent ERROR
!STACK 0
org.osgi.framework.BundleException: Could not resolve module: org.eclipse.mylyn.team.ui [296]
  Unresolved requirement: Require-Bundle: org.eclipse.mylyn.tasks.core; bundle-version="[3.8.0,4.0.0)"
    -> Bundle-SymbolicName: org.eclipse.mylyn.tasks.core; bundle-version="3.21.0.v20160914-0252"; singleton:="true"
       org.eclipse.mylyn.tasks.core [291]
         Unresolved requirement: Require-Bundle: org.eclipse.mylyn.commons.net; bundle-version="3.8.0"
           -> Bundle-SymbolicName: org.eclipse.mylyn.commons.net; bundle-version="3.21.0.v20160630-1702"; singleton:="true"
              org.eclipse.mylyn.commons.net [261]
                Unresolved requirement: Require-Bundle: org.apache.commons.httpclient; bundle-version="[3.1.0,4.0.0)"; visibility:="reexport"
  Unresolved requirement: Require-Bundle: org.eclipse.mylyn.tasks.ui; bundle-version="[3.8.0,4.0.0)"
    -> Bundle-SymbolicName: org.eclipse.mylyn.tasks.ui; bundle-version="3.21.0.v20160913-2131"; singleton:="true"
       org.eclipse.mylyn.tasks.ui [295]
         Unresolved requirement: Require-Bundle: org.eclipse.mylyn.commons.net; bundle-version="3.8.0"
           -> Bundle-SymbolicName: org.eclipse.mylyn.commons.net; bundle-version="3.21.0.v20160630-1702"; singleton:="true"
         Unresolved requirement: Require-Bundle: org.eclipse.mylyn.discovery.ui; bundle-version="3.8.0"; x-installation:="greedy"; resolution:="optional"
           -> Bundle-SymbolicName: org.eclipse.mylyn.discovery.ui; bundle-version="3.21.0.v20160630-1702"; singleton:="true"
              org.eclipse.mylyn.discovery.ui [277]
                Unresolved requirement: Require-Bundle: org.eclipse.mylyn.discovery.core; bundle-version="[3.8.0,4.0.0)"
                  -> Bundle-SymbolicName: org.eclipse.mylyn.discovery.core; bundle-version="3.21.0.v20160729-1739"; singleton:="true"
                     org.eclipse.mylyn.discovery.core [276]
                       Unresolved requirement: Require-Bundle: org.eclipse.mylyn.commons.net; bundle-version="3.8.0"
                         -> Bundle-SymbolicName: org.eclipse.mylyn.commons.net; bundle-version="3.21.0.v20160630-1702"; singleton:="true"

	at org.eclipse.osgi.container.Module.start(Module.java:444)
	at org.eclipse.osgi.container.ModuleContainer$ContainerStartLevel.incStartLevel(ModuleContainer.java:1620)
	at org.eclipse.osgi.container.ModuleContainer$ContainerStartLevel.incStartLevel(ModuleContainer.java:1599)
	at org.eclipse.osgi.container.ModuleContainer$ContainerStartLevel.doContainerStartLevel(ModuleContainer.java:1571)
	at org.eclipse.osgi.container.ModuleContainer$ContainerStartLevel.dispatchEvent(ModuleContainer.java:1514)
	at org.eclipse.osgi.container.ModuleContainer$ContainerStartLevel.dispatchEvent(ModuleContainer.java:1)
	at org.eclipse.osgi.framework.eventmgr.EventManager.dispatchEvent(EventManager.java:230)
	at org.eclipse.osgi.framework.eventmgr.EventManager$EventThread.run(EventManager.java:340)

!ENTRY org.eclipse.mylyn.wikitext.tasks.ui 4 0 2017-07-08 11:37:58.857
!MESSAGE FrameworkEvent ERROR
!STACK 0
org.osgi.framework.BundleException: Could not resolve module: org.eclipse.mylyn.wikitext.tasks.ui [314]
  Unresolved requirement: Require-Bundle: org.eclipse.mylyn.tasks.ui; bundle-version="3.7.0"
    -> Bundle-SymbolicName: org.eclipse.mylyn.tasks.ui; bundle-version="3.21.0.v20160913-2131"; singleton:="true"
       org.eclipse.mylyn.tasks.ui [295]
         Unresolved requirement: Require-Bundle: org.eclipse.mylyn.commons.net; bundle-version="3.8.0"
           -> Bundle-SymbolicName: org.eclipse.mylyn.commons.net; bundle-version="3.21.0.v20160630-1702"; singleton:="true"
              org.eclipse.mylyn.commons.net [261]
                Unresolved requirement: Require-Bundle: org.apache.commons.httpclient; bundle-version="[3.1.0,4.0.0)"; visibility:="reexport"
         Unresolved requirement: Require-Bundle: org.eclipse.mylyn.discovery.ui; bundle-version="3.8.0"; x-installation:="greedy"; resolution:="optional"
           -> Bundle-SymbolicName: org.eclipse.mylyn.discovery.ui; bundle-version="3.21.0.v20160630-1702"; singleton:="true"
              org.eclipse.mylyn.discovery.ui [277]
                Unresolved requirement: Require-Bundle: org.eclipse.mylyn.discovery.core; bundle-version="[3.8.0,4.0.0)"
                  -> Bundle-SymbolicName: org.eclipse.mylyn.discovery.core; bundle-version="3.21.0.v20160729-1739"; singleton:="true"
                     org.eclipse.mylyn.discovery.core [276]
                       Unresolved requirement: Require-Bundle: org.eclipse.mylyn.commons.net; bundle-version="3.8.0"
                         -> Bundle-SymbolicName: org.eclipse.mylyn.commons.net; bundle-version="3.21.0.v20160630-1702"; singleton:="true"
  Unresolved requirement: Require-Bundle: org.eclipse.mylyn.tasks.core; bundle-version="3.7.0"
    -> Bundle-SymbolicName: org.eclipse.mylyn.tasks.core; bundle-version="3.21.0.v20160914-0252"; singleton:="true"
       org.eclipse.mylyn.tasks.core [291]
         Unresolved requirement: Require-Bundle: org.eclipse.mylyn.commons.net; bundle-version="3.8.0"
           -> Bundle-SymbolicName: org.eclipse.mylyn.commons.net; bundle-version="3.21.0.v20160630-1702"; singleton:="true"

	at org.eclipse.osgi.container.Module.start(Module.java:444)
	at org.eclipse.osgi.container.ModuleContainer$ContainerStartLevel.incStartLevel(ModuleContainer.java:1620)
	at org.eclipse.osgi.container.ModuleContainer$ContainerStartLevel.incStartLevel(ModuleContainer.java:1599)
	at org.eclipse.osgi.container.ModuleContainer$ContainerStartLevel.doContainerStartLevel(ModuleContainer.java:1571)
	at org.eclipse.osgi.container.ModuleContainer$ContainerStartLevel.dispatchEvent(ModuleContainer.java:1514)
	at org.eclipse.osgi.container.ModuleContainer$ContainerStartLevel.dispatchEvent(ModuleContainer.java:1)
	at org.eclipse.osgi.framework.eventmgr.EventManager.dispatchEvent(EventManager.java:230)
	at org.eclipse.osgi.framework.eventmgr.EventManager$EventThread.run(EventManager.java:340)

!ENTRY org.eclipse.recommenders.apidocs.rcp 4 0 2017-07-08 11:37:58.871
!MESSAGE FrameworkEvent ERROR
!STACK 0
org.osgi.framework.BundleException: Could not resolve module: org.eclipse.recommenders.apidocs.rcp [359]
  Unresolved requirement: Require-Bundle: org.eclipse.recommenders.apidocs; bundle-version="[2.4.5,2.4.6]"
    -> Bundle-SymbolicName: org.eclipse.recommenders.apidocs; bundle-version="2.4.5.v20161130-1427"
       org.eclipse.recommenders.apidocs [358]
         Unresolved requirement: Require-Bundle: org.eclipse.recommenders.models; bundle-version="[2.4.5,2.4.6]"
           -> Bundle-SymbolicName: org.eclipse.recommenders.models; bundle-version="2.4.5.v20161130-1427"
              org.eclipse.recommenders.models [372]
                Unresolved requirement: Require-Bundle: org.eclipse.recommenders.coordinates; bundle-version="[2.4.5,2.4.6]"
                  -> Bundle-SymbolicName: org.eclipse.recommenders.coordinates; bundle-version="2.4.5.v20161130-1427"
                     org.eclipse.recommenders.coordinates [366]
                       Unresolved requirement: Import-Package: org.apache.commons.httpclient; version="[3.1.0,4.0.0)"
  Unresolved requirement: Require-Bundle: org.eclipse.recommenders.models.rcp; bundle-version="[2.4.5,2.4.6]"
    -> Bundle-SymbolicName: org.eclipse.recommenders.models.rcp; bundle-version="2.4.5.v20161130-1427"; singleton:="true"
       org.eclipse.recommenders.models.rcp [373]
         Unresolved requirement: Require-Bundle: org.eclipse.recommenders.coordinates; bundle-version="[2.4.5,2.4.6]"
           -> Bundle-SymbolicName: org.eclipse.recommenders.coordinates; bundle-version="2.4.5.v20161130-1427"
  Unresolved requirement: Require-Bundle: org.eclipse.recommenders.models; bundle-version="[2.4.5,2.4.6]"
    -> Bundle-SymbolicName: org.eclipse.recommenders.models; bundle-version="2.4.5.v20161130-1427"

	at org.eclipse.osgi.container.Module.start(Module.java:444)
	at org.eclipse.osgi.container.ModuleContainer$ContainerStartLevel.incStartLevel(ModuleContainer.java:1620)
	at org.eclipse.osgi.container.ModuleContainer$ContainerStartLevel.incStartLevel(ModuleContainer.java:1599)
	at org.eclipse.osgi.container.ModuleContainer$ContainerStartLevel.doContainerStartLevel(ModuleContainer.java:1571)
	at org.eclipse.osgi.container.ModuleContainer$ContainerStartLevel.dispatchEvent(ModuleContainer.java:1514)
	at org.eclipse.osgi.container.ModuleContainer$ContainerStartLevel.dispatchEvent(ModuleContainer.java:1)
	at org.eclipse.osgi.framework.eventmgr.EventManager.dispatchEvent(EventManager.java:230)
	at org.eclipse.osgi.framework.eventmgr.EventManager$EventThread.run(EventManager.java:340)

!ENTRY org.eclipse.recommenders.coordinates 4 0 2017-07-08 11:37:58.882
!MESSAGE FrameworkEvent ERROR
!STACK 0
org.osgi.framework.BundleException: Could not resolve module: org.eclipse.recommenders.coordinates [366]
  Unresolved requirement: Import-Package: org.apache.commons.httpclient; version="[3.1.0,4.0.0)"

	at org.eclipse.osgi.container.Module.start(Module.java:444)
	at org.eclipse.osgi.container.ModuleContainer$ContainerStartLevel.incStartLevel(ModuleContainer.java:1620)
	at org.eclipse.osgi.container.ModuleContainer$ContainerStartLevel.incStartLevel(ModuleContainer.java:1599)
	at org.eclipse.osgi.container.ModuleContainer$ContainerStartLevel.doContainerStartLevel(ModuleContainer.java:1571)
	at org.eclipse.osgi.container.ModuleContainer$ContainerStartLevel.dispatchEvent(ModuleContainer.java:1514)
	at org.eclipse.osgi.container.ModuleContainer$ContainerStartLevel.dispatchEvent(ModuleContainer.java:1)
	at org.eclipse.osgi.framework.eventmgr.EventManager.dispatchEvent(EventManager.java:230)
	at org.eclipse.osgi.framework.eventmgr.EventManager$EventThread.run(EventManager.java:340)

!ENTRY org.eclipse.recommenders.coordinates.rcp 4 0 2017-07-08 11:37:58.890
!MESSAGE FrameworkEvent ERROR
!STACK 0
org.osgi.framework.BundleException: Could not resolve module: org.eclipse.recommenders.coordinates.rcp [367]
  Unresolved requirement: Require-Bundle: org.eclipse.recommenders.coordinates; bundle-version="[2.4.5,2.4.6]"
    -> Bundle-SymbolicName: org.eclipse.recommenders.coordinates; bundle-version="2.4.5.v20161130-1427"
       org.eclipse.recommenders.coordinates [366]
         Unresolved requirement: Import-Package: org.apache.commons.httpclient; version="[3.1.0,4.0.0)"

	at org.eclipse.osgi.container.Module.start(Module.java:444)
	at org.eclipse.osgi.container.ModuleContainer$ContainerStartLevel.incStartLevel(ModuleContainer.java:1620)
	at org.eclipse.osgi.container.ModuleContainer$ContainerStartLevel.incStartLevel(ModuleContainer.java:1599)
	at org.eclipse.osgi.container.ModuleContainer$ContainerStartLevel.doContainerStartLevel(ModuleContainer.java:1571)
	at org.eclipse.osgi.container.ModuleContainer$ContainerStartLevel.dispatchEvent(ModuleContainer.java:1514)
	at org.eclipse.osgi.container.ModuleContainer$ContainerStartLevel.dispatchEvent(ModuleContainer.java:1)
	at org.eclipse.osgi.framework.eventmgr.EventManager.dispatchEvent(EventManager.java:230)
	at org.eclipse.osgi.framework.eventmgr.EventManager$EventThread.run(EventManager.java:340)

!ENTRY org.eclipse.recommenders.models 4 0 2017-07-08 11:37:58.900
!MESSAGE FrameworkEvent ERROR
!STACK 0
org.osgi.framework.BundleException: Could not resolve module: org.eclipse.recommenders.models [372]
  Unresolved requirement: Require-Bundle: org.eclipse.recommenders.coordinates; bundle-version="[2.4.5,2.4.6]"
    -> Bundle-SymbolicName: org.eclipse.recommenders.coordinates; bundle-version="2.4.5.v20161130-1427"
       org.eclipse.recommenders.coordinates [366]
         Unresolved requirement: Import-Package: org.apache.commons.httpclient; version="[3.1.0,4.0.0)"

	at org.eclipse.osgi.container.Module.start(Module.java:444)
	at org.eclipse.osgi.container.ModuleContainer$ContainerStartLevel.incStartLevel(ModuleContainer.java:1620)
	at org.eclipse.osgi.container.ModuleContainer$ContainerStartLevel.incStartLevel(ModuleContainer.java:1599)
	at org.eclipse.osgi.container.ModuleContainer$ContainerStartLevel.doContainerStartLevel(ModuleContainer.java:1571)
	at org.eclipse.osgi.container.ModuleContainer$ContainerStartLevel.dispatchEvent(ModuleContainer.java:1514)
	at org.eclipse.osgi.container.ModuleContainer$ContainerStartLevel.dispatchEvent(ModuleContainer.java:1)
	at org.eclipse.osgi.framework.eventmgr.EventManager.dispatchEvent(EventManager.java:230)
	at org.eclipse.osgi.framework.eventmgr.EventManager$EventThread.run(EventManager.java:340)

!ENTRY org.eclipse.recommenders.snipmatch 4 0 2017-07-08 11:37:58.910
!MESSAGE FrameworkEvent ERROR
!STACK 0
org.osgi.framework.BundleException: Could not resolve module: org.eclipse.recommenders.snipmatch [379]
  Unresolved requirement: Require-Bundle: org.eclipse.recommenders.coordinates; bundle-version="[2.4.5,2.4.6]"
    -> Bundle-SymbolicName: org.eclipse.recommenders.coordinates; bundle-version="2.4.5.v20161130-1427"
       org.eclipse.recommenders.coordinates [366]
         Unresolved requirement: Import-Package: org.apache.commons.httpclient; version="[3.1.0,4.0.0)"

	at org.eclipse.osgi.container.Module.start(Module.java:444)
	at org.eclipse.osgi.container.ModuleContainer$ContainerStartLevel.incStartLevel(ModuleContainer.java:1620)
	at org.eclipse.osgi.container.ModuleContainer$ContainerStartLevel.incStartLevel(ModuleContainer.java:1599)
	at org.eclipse.osgi.container.ModuleContainer$ContainerStartLevel.doContainerStartLevel(ModuleContainer.java:1571)
	at org.eclipse.osgi.container.ModuleContainer$ContainerStartLevel.dispatchEvent(ModuleContainer.java:1514)
	at org.eclipse.osgi.container.ModuleContainer$ContainerStartLevel.dispatchEvent(ModuleContainer.java:1)
	at org.eclipse.osgi.framework.eventmgr.EventManager.dispatchEvent(EventManager.java:230)
	at org.eclipse.osgi.framework.eventmgr.EventManager$EventThread.run(EventManager.java:340)

!ENTRY org.eclipse.recommenders.snipmatch.rcp 4 0 2017-07-08 11:37:58.922
!MESSAGE FrameworkEvent ERROR
!STACK 0
org.osgi.framework.BundleException: Could not resolve module: org.eclipse.recommenders.snipmatch.rcp [380]
  Unresolved requirement: Require-Bundle: org.eclipse.recommenders.coordinates.rcp; bundle-version="[2.4.5,2.4.6]"
    -> Bundle-SymbolicName: org.eclipse.recommenders.coordinates.rcp; bundle-version="2.4.5.v20161130-1427"; singleton:="true"
       org.eclipse.recommenders.coordinates.rcp [367]
         Unresolved requirement: Require-Bundle: org.eclipse.recommenders.coordinates; bundle-version="[2.4.5,2.4.6]"
           -> Bundle-SymbolicName: org.eclipse.recommenders.coordinates; bundle-version="2.4.5.v20161130-1427"
              org.eclipse.recommenders.coordinates [366]
                Unresolved requirement: Import-Package: org.apache.commons.httpclient; version="[3.1.0,4.0.0)"
  Unresolved requirement: Require-Bundle: org.eclipse.recommenders.snipmatch; bundle-version="[2.4.5,2.4.6]"
    -> Bundle-SymbolicName: org.eclipse.recommenders.snipmatch; bundle-version="2.4.5.v20161130-1427"; singleton:="true"
       org.eclipse.recommenders.snipmatch [379]
         Unresolved requirement: Require-Bundle: org.eclipse.recommenders.coordinates; bundle-version="[2.4.5,2.4.6]"
           -> Bundle-SymbolicName: org.eclipse.recommenders.coordinates; bundle-version="2.4.5.v20161130-1427"
  Unresolved requirement: Require-Bundle: org.eclipse.recommenders.models.rcp; bundle-version="[2.4.5,2.4.6]"
    -> Bundle-SymbolicName: org.eclipse.recommenders.models.rcp; bundle-version="2.4.5.v20161130-1427"; singleton:="true"
       org.eclipse.recommenders.models.rcp [373]
         Unresolved requirement: Require-Bundle: org.eclipse.recommenders.coordinates; bundle-version="[2.4.5,2.4.6]"
           -> Bundle-SymbolicName: org.eclipse.recommenders.coordinates; bundle-version="2.4.5.v20161130-1427"
  Unresolved requirement: Require-Bundle: org.eclipse.recommenders.coordinates; bundle-version="[2.4.5,2.4.6]"
    -> Bundle-SymbolicName: org.eclipse.recommenders.coordinates; bundle-version="2.4.5.v20161130-1427"

	at org.eclipse.osgi.container.Module.start(Module.java:444)
	at org.eclipse.osgi.container.ModuleContainer$ContainerStartLevel.incStartLevel(ModuleContainer.java:1620)
	at org.eclipse.osgi.container.ModuleContainer$ContainerStartLevel.incStartLevel(ModuleContainer.java:1599)
	at org.eclipse.osgi.container.ModuleContainer$ContainerStartLevel.doContainerStartLevel(ModuleContainer.java:1571)
	at org.eclipse.osgi.container.ModuleContainer$ContainerStartLevel.dispatchEvent(ModuleContainer.java:1514)
	at org.eclipse.osgi.container.ModuleContainer$ContainerStartLevel.dispatchEvent(ModuleContainer.java:1)
	at org.eclipse.osgi.framework.eventmgr.EventManager.dispatchEvent(EventManager.java:230)
	at org.eclipse.osgi.framework.eventmgr.EventManager$EventThread.run(EventManager.java:340)
