!SESSION 2017-07-08 11:21:30.523 -----------------------------------------------
eclipse.buildId=4.6.2.M20161124-1400
java.version=1.8.0_131
java.vendor=Oracle Corporation
BootLoader constants: OS=linux, ARCH=x86_64, WS=gtk, NL=en_US
Framework arguments:  -application org.eclipse.equinox.p2.director -repository file:///tmp/formic_559274551/update-site -installIU org.eclim.feature.group
Command-line arguments:  -clean -application org.eclipse.equinox.p2.director -repository file:///tmp/formic_559274551/update-site -installIU org.eclim.feature.group

!ENTRY org.eclipse.egit.mylyn.ui 4 0 2017-07-08 11:21:34.094
!MESSAGE FrameworkEvent ERROR
!STACK 0
org.osgi.framework.BundleException: Could not resolve module: org.eclipse.egit.mylyn.ui [122]
  Unresolved requirement: Require-Bundle: org.eclipse.mylyn.tasks.ui; bundle-version="[3.0.0,4.0.0)"
    -> Bundle-SymbolicName: org.eclipse.mylyn.tasks.ui; bundle-version="3.21.0.v20160913-2131"; singleton:="true"
       org.eclipse.mylyn.tasks.ui [295]
         Unresolved requirement: Require-Bundle: org.eclipse.mylyn.commons.net; bundle-version="3.8.0"
           -> Bundle-SymbolicName: org.eclipse.mylyn.commons.net; bundle-version="3.21.0.v20160630-1702"; singleton:="true"
              org.eclipse.mylyn.commons.net [261]
                Unresolved requirement: Require-Bundle: org.apache.commons.httpclient; bundle-version="[3.1.0,4.0.0)"; visibility:="reexport"
         Unresolved requirement: Require-Bundle: org.eclipse.mylyn.discovery.ui; bundle-version="3.8.0"; x-installation:="greedy"; resolution:="optional"
           -> Bundle-SymbolicName: org.eclipse.mylyn.discovery.ui; bundle-version="3.21.0.v20160630-1702"; singleton:="true"
              org.eclipse.mylyn.discovery.ui [277]
                Unresolved requirement: Require-Bundle: org.eclipse.mylyn.discovery.core; bundle-version="[3.8.0,4.0.0)"
                  -> Bundle-SymbolicName: org.eclipse.mylyn.discovery.core; bundle-version="3.21.0.v20160729-1739"; singleton:="true"
                     org.eclipse.mylyn.discovery.core [276]
                       Unresolved requirement: Require-Bundle: org.eclipse.mylyn.commons.net; bundle-version="3.8.0"
                         -> Bundle-SymbolicName: org.eclipse.mylyn.commons.net; bundle-version="3.21.0.v20160630-1702"; singleton:="true"
  Unresolved requirement: Require-Bundle: org.eclipse.mylyn.tasks.core; bundle-version="[3.0.0,4.0.0)"
    -> Bundle-SymbolicName: org.eclipse.mylyn.tasks.core; bundle-version="3.21.0.v20160914-0252"; singleton:="true"
       org.eclipse.mylyn.tasks.core [291]
         Unresolved requirement: Require-Bundle: org.eclipse.mylyn.commons.net; bundle-version="3.8.0"
           -> Bundle-SymbolicName: org.eclipse.mylyn.commons.net; bundle-version="3.21.0.v20160630-1702"; singleton:="true"
  Unresolved requirement: Require-Bundle: org.eclipse.mylyn.team.ui; bundle-version="[3.0.0,4.0.0)"
    -> Bundle-SymbolicName: org.eclipse.mylyn.team.ui; bundle-version="3.21.0.v20160701-1337"; singleton:="true"
       org.eclipse.mylyn.team.ui [296]
         Unresolved requirement: Require-Bundle: org.eclipse.mylyn.tasks.core; bundle-version="[3.8.0,4.0.0)"
           -> Bundle-SymbolicName: org.eclipse.mylyn.tasks.core; bundle-version="3.21.0.v20160914-0252"; singleton:="true"
         Unresolved requirement: Require-Bundle: org.eclipse.mylyn.tasks.ui; bundle-version="[3.8.0,4.0.0)"
           -> Bundle-SymbolicName: org.eclipse.mylyn.tasks.ui; bundle-version="3.21.0.v20160913-2131"; singleton:="true"

	at org.eclipse.osgi.container.Module.start(Module.java:444)
	at org.eclipse.osgi.container.ModuleContainer$ContainerStartLevel.incStartLevel(ModuleContainer.java:1620)
	at org.eclipse.osgi.container.ModuleContainer$ContainerStartLevel.incStartLevel(ModuleContainer.java:1599)
	at org.eclipse.osgi.container.ModuleContainer$ContainerStartLevel.doContainerStartLevel(ModuleContainer.java:1571)
	at org.eclipse.osgi.container.ModuleContainer$ContainerStartLevel.dispatchEvent(ModuleContainer.java:1514)
	at org.eclipse.osgi.container.ModuleContainer$ContainerStartLevel.dispatchEvent(ModuleContainer.java:1)
	at org.eclipse.osgi.framework.eventmgr.EventManager.dispatchEvent(EventManager.java:230)
	at org.eclipse.osgi.framework.eventmgr.EventManager$EventThread.run(EventManager.java:340)

!ENTRY org.eclipse.mylyn.bugzilla.core 4 0 2017-07-08 11:21:34.238
!MESSAGE FrameworkEvent ERROR
!STACK 0
org.osgi.framework.BundleException: Could not resolve module: org.eclipse.mylyn.bugzilla.core [254]
  Unresolved requirement: Require-Bundle: org.eclipse.mylyn.tasks.core; bundle-version="[3.8.0,4.0.0)"
    -> Bundle-SymbolicName: org.eclipse.mylyn.tasks.core; bundle-version="3.21.0.v20160914-0252"; singleton:="true"
       org.eclipse.mylyn.tasks.core [291]
         Unresolved requirement: Require-Bundle: org.eclipse.mylyn.commons.net; bundle-version="3.8.0"
           -> Bundle-SymbolicName: org.eclipse.mylyn.commons.net; bundle-version="3.21.0.v20160630-1702"; singleton:="true"
              org.eclipse.mylyn.commons.net [261]
                Unresolved requirement: Require-Bundle: org.apache.commons.httpclient; bundle-version="[3.1.0,4.0.0)"; visibility:="reexport"
  Unresolved requirement: Require-Bundle: org.eclipse.mylyn.commons.net; bundle-version="[3.8.0,4.0.0)"
    -> Bundle-SymbolicName: org.eclipse.mylyn.commons.net; bundle-version="3.21.0.v20160630-1702"; singleton:="true"

	at org.eclipse.osgi.container.Module.start(Module.java:444)
	at org.eclipse.osgi.container.ModuleContainer$ContainerStartLevel.incStartLevel(ModuleContainer.java:1620)
	at org.eclipse.osgi.container.ModuleContainer$ContainerStartLevel.incStartLevel(ModuleContainer.java:1599)
	at org.eclipse.osgi.container.ModuleContainer$ContainerStartLevel.doContainerStartLevel(ModuleContainer.java:1571)
	at org.eclipse.osgi.container.ModuleContainer$ContainerStartLevel.dispatchEvent(ModuleContainer.java:1514)
	at org.eclipse.osgi.container.ModuleContainer$ContainerStartLevel.dispatchEvent(ModuleContainer.java:1)
	at org.eclipse.osgi.framework.eventmgr.EventManager.dispatchEvent(EventManager.java:230)
	at org.eclipse.osgi.framework.eventmgr.EventManager$EventThread.run(EventManager.java:340)

!ENTRY org.eclipse.mylyn.bugzilla.ui 4 0 2017-07-08 11:21:34.248
!MESSAGE FrameworkEvent ERROR
!STACK 0
org.osgi.framework.BundleException: Could not resolve module: org.eclipse.mylyn.bugzilla.ui [256]
  Unresolved requirement: Require-Bundle: org.eclipse.mylyn.commons.net; bundle-version="[3.8.0,4.0.0)"
    -> Bundle-SymbolicName: org.eclipse.mylyn.commons.net; bundle-version="3.21.0.v20160630-1702"; singleton:="true"
       org.eclipse.mylyn.commons.net [261]
         Unresolved requirement: Require-Bundle: org.apache.commons.httpclient; bundle-version="[3.1.0,4.0.0)"; visibility:="reexport"
  Unresolved requirement: Require-Bundle: org.eclipse.mylyn.tasks.ui; bundle-version="[3.8.0,4.0.0)"
    -> Bundle-SymbolicName: org.eclipse.mylyn.tasks.ui; bundle-version="3.21.0.v20160913-2131"; singleton:="true"
       org.eclipse.mylyn.tasks.ui [295]
         Unresolved requirement: Require-Bundle: org.eclipse.mylyn.commons.net; bundle-version="3.8.0"
           -> Bundle-SymbolicName: org.eclipse.mylyn.commons.net; bundle-version="3.21.0.v20160630-1702"; singleton:="true"
         Unresolved requirement: Require-Bundle: org.eclipse.mylyn.discovery.ui; bundle-version="3.8.0"; x-installation:="greedy"; resolution:="optional"
           -> Bundle-SymbolicName: org.eclipse.mylyn.discovery.ui; bundle-version="3.21.0.v20160630-1702"; singleton:="true"
              org.eclipse.mylyn.discovery.ui [277]
                Unresolved requirement: Require-Bundle: org.eclipse.mylyn.discovery.core; bundle-version="[3.8.0,4.0.0)"
                  -> Bundle-SymbolicName: org.eclipse.mylyn.discovery.core; bundle-version="3.21.0.v20160729-1739"; singleton:="true"
                     org.eclipse.mylyn.discovery.core [276]
                       Unresolved requirement: Require-Bundle: org.eclipse.mylyn.commons.net; bundle-version="3.8.0"
                         -> Bundle-SymbolicName: org.eclipse.mylyn.commons.net; bundle-version="3.21.0.v20160630-1702"; singleton:="true"
  Unresolved requirement: Require-Bundle: org.eclipse.mylyn.tasks.core; bundle-version="[3.8.0,4.0.0)"
    -> Bundle-SymbolicName: org.eclipse.mylyn.tasks.core; bundle-version="3.21.0.v20160914-0252"; singleton:="true"
       org.eclipse.mylyn.tasks.core [291]
         Unresolved requirement: Require-Bundle: org.eclipse.mylyn.commons.net; bundle-version="3.8.0"
           -> Bundle-SymbolicName: org.eclipse.mylyn.commons.net; bundle-version="3.21.0.v20160630-1702"; singleton:="true"
  Unresolved requirement: Require-Bundle: org.eclipse.mylyn.bugzilla.core; bundle-version="[3.8.0,4.0.0)"
    -> Bundle-SymbolicName: org.eclipse.mylyn.bugzilla.core; bundle-version="3.21.0.v20160909-1813"; singleton:="true"
       org.eclipse.mylyn.bugzilla.core [254]
         Unresolved requirement: Require-Bundle: org.eclipse.mylyn.tasks.core; bundle-version="[3.8.0,4.0.0)"
           -> Bundle-SymbolicName: org.eclipse.mylyn.tasks.core; bundle-version="3.21.0.v20160914-0252"; singleton:="true"
         Unresolved requirement: Require-Bundle: org.eclipse.mylyn.commons.net; bundle-version="[3.8.0,4.0.0)"
           -> Bundle-SymbolicName: org.eclipse.mylyn.commons.net; bundle-version="3.21.0.v20160630-1702"; singleton:="true"

	at org.eclipse.osgi.container.Module.start(Module.java:444)
	at org.eclipse.osgi.container.ModuleContainer$ContainerStartLevel.incStartLevel(ModuleContainer.java:1620)
	at org.eclipse.osgi.container.ModuleContainer$ContainerStartLevel.incStartLevel(ModuleContainer.java:1599)
	at org.eclipse.osgi.container.ModuleContainer$ContainerStartLevel.doContainerStartLevel(ModuleContainer.java:1571)
	at org.eclipse.osgi.container.ModuleContainer$ContainerStartLevel.dispatchEvent(ModuleContainer.java:1514)
	at org.eclipse.osgi.container.ModuleContainer$ContainerStartLevel.dispatchEvent(ModuleContainer.java:1)
	at org.eclipse.osgi.framework.eventmgr.EventManager.dispatchEvent(EventManager.java:230)
	at org.eclipse.osgi.framework.eventmgr.EventManager$EventThread.run(EventManager.java:340)

!ENTRY org.eclipse.mylyn.builds.ui 4 0 2017-07-08 11:21:34.257
!MESSAGE FrameworkEvent ERROR
!STACK 0
org.osgi.framework.BundleException: Could not resolve module: org.eclipse.mylyn.builds.ui [258]
  Unresolved requirement: Require-Bundle: org.eclipse.mylyn.tasks.core; bundle-version="3.8.0"
    -> Bundle-SymbolicName: org.eclipse.mylyn.tasks.core; bundle-version="3.21.0.v20160914-0252"; singleton:="true"
       org.eclipse.mylyn.tasks.core [291]
         Unresolved requirement: Require-Bundle: org.eclipse.mylyn.commons.net; bundle-version="3.8.0"
           -> Bundle-SymbolicName: org.eclipse.mylyn.commons.net; bundle-version="3.21.0.v20160630-1702"; singleton:="true"
              org.eclipse.mylyn.commons.net [261]
                Unresolved requirement: Require-Bundle: org.apache.commons.httpclient; bundle-version="[3.1.0,4.0.0)"; visibility:="reexport"
  Unresolved requirement: Require-Bundle: org.eclipse.mylyn.team.ui; bundle-version="3.8.0"
    -> Bundle-SymbolicName: org.eclipse.mylyn.team.ui; bundle-version="3.21.0.v20160701-1337"; singleton:="true"
       org.eclipse.mylyn.team.ui [296]
         Unresolved requirement: Require-Bundle: org.eclipse.mylyn.tasks.core; bundle-version="[3.8.0,4.0.0)"
           -> Bundle-SymbolicName: org.eclipse.mylyn.tasks.core; bundle-version="3.21.0.v20160914-0252"; singleton:="true"
  Unresolved requirement: Require-Bundle: org.eclipse.mylyn.tasks.ui; bundle-version="3.8.0"
    -> Bundle-SymbolicName: org.eclipse.mylyn.tasks.ui; bundle-version="3.21.0.v20160913-2131"; singleton:="true"
       org.eclipse.mylyn.tasks.ui [295]
         Unresolved requirement: Require-Bundle: org.eclipse.mylyn.commons.net; bundle-version="3.8.0"
           -> Bundle-SymbolicName: org.eclipse.mylyn.commons.net; bundle-version="3.21.0.v20160630-1702"; singleton:="true"
         Unresolved requirement: Require-Bundle: org.eclipse.mylyn.discovery.ui; bundle-version="3.8.0"; x-installation:="greedy"; resolution:="optional"
           -> Bundle-SymbolicName: org.eclipse.mylyn.discovery.ui; bundle-version="3.21.0.v20160630-1702"; singleton:="true"
              org.eclipse.mylyn.discovery.ui [277]
                Unresolved requirement: Require-Bundle: org.eclipse.mylyn.discovery.core; bundle-version="[3.8.0,4.0.0)"
                  -> Bundle-SymbolicName: org.eclipse.mylyn.discovery.core; bundle-version="3.21.0.v20160729-1739"; singleton:="true"
                     org.eclipse.mylyn.discovery.core [276]
                       Unresolved requirement: Require-Bundle: org.eclipse.mylyn.commons.net; bundle-version="3.8.0"
                         -> Bundle-SymbolicName: org.eclipse.mylyn.commons.net; bundle-version="3.21.0.v20160630-1702"; singleton:="true"

	at org.eclipse.osgi.container.Module.start(Module.java:444)
	at org.eclipse.osgi.container.ModuleContainer$ContainerStartLevel.incStartLevel(ModuleContainer.java:1620)
	at org.eclipse.osgi.container.ModuleContainer$ContainerStartLevel.incStartLevel(ModuleContainer.java:1599)
	at org.eclipse.osgi.container.ModuleContainer$ContainerStartLevel.doContainerStartLevel(ModuleContainer.java:1571)
	at org.eclipse.osgi.container.ModuleContainer$ContainerStartLevel.dispatchEvent(ModuleContainer.java:1514)
	at org.eclipse.osgi.container.ModuleContainer$ContainerStartLevel.dispatchEvent(ModuleContainer.java:1)
	at org.eclipse.osgi.framework.eventmgr.EventManager.dispatchEvent(EventManager.java:230)
	at org.eclipse.osgi.framework.eventmgr.EventManager$EventThread.run(EventManager.java:340)

!ENTRY org.eclipse.mylyn.commons.net 4 0 2017-07-08 11:21:34.267
!MESSAGE FrameworkEvent ERROR
!STACK 0
org.osgi.framework.BundleException: Could not resolve module: org.eclipse.mylyn.commons.net [261]
  Unresolved requirement: Require-Bundle: org.apache.commons.httpclient; bundle-version="[3.1.0,4.0.0)"; visibility:="reexport"

	at org.eclipse.osgi.container.Module.start(Module.java:444)
	at org.eclipse.osgi.container.ModuleContainer$ContainerStartLevel.incStartLevel(ModuleContainer.java:1620)
	at org.eclipse.osgi.container.ModuleContainer$ContainerStartLevel.incStartLevel(ModuleContainer.java:1599)
	at org.eclipse.osgi.container.ModuleContainer$ContainerStartLevel.doContainerStartLevel(ModuleContainer.java:1571)
	at org.eclipse.osgi.container.ModuleContainer$ContainerStartLevel.dispatchEvent(ModuleContainer.java:1514)
	at org.eclipse.osgi.container.ModuleContainer$ContainerStartLevel.dispatchEvent(ModuleContainer.java:1)
	at org.eclipse.osgi.framework.eventmgr.EventManager.dispatchEvent(EventManager.java:230)
	at org.eclipse.osgi.framework.eventmgr.EventManager$EventThread.run(EventManager.java:340)

!ENTRY org.eclipse.mylyn.commons.xmlrpc 4 0 2017-07-08 11:21:34.273
!MESSAGE FrameworkEvent ERROR
!STACK 0
org.osgi.framework.BundleException: Could not resolve module: org.eclipse.mylyn.commons.xmlrpc [271]
  Unresolved requirement: Require-Bundle: org.eclipse.mylyn.commons.net; bundle-version="[3.8.0,4.0.0)"
    -> Bundle-SymbolicName: org.eclipse.mylyn.commons.net; bundle-version="3.21.0.v20160630-1702"; singleton:="true"
       org.eclipse.mylyn.commons.net [261]
         Unresolved requirement: Require-Bundle: org.apache.commons.httpclient; bundle-version="[3.1.0,4.0.0)"; visibility:="reexport"
  Unresolved requirement: Require-Bundle: org.apache.xmlrpc; bundle-version="[3.0.0,4.0.0)"
    -> Bundle-SymbolicName: org.apache.xmlrpc; bundle-version="3.0.0.v20100427-1100"
       org.apache.xmlrpc [50]
         Unresolved requirement: Import-Package: org.apache.commons.httpclient

	at org.eclipse.osgi.container.Module.start(Module.java:444)
	at org.eclipse.osgi.container.ModuleContainer$ContainerStartLevel.incStartLevel(ModuleContainer.java:1620)
	at org.eclipse.osgi.container.ModuleContainer$ContainerStartLevel.incStartLevel(ModuleContainer.java:1599)
	at org.eclipse.osgi.container.ModuleContainer$ContainerStartLevel.doContainerStartLevel(ModuleContainer.java:1571)
	at org.eclipse.osgi.container.ModuleContainer$ContainerStartLevel.dispatchEvent(ModuleContainer.java:1514)
	at org.eclipse.osgi.container.ModuleContainer$ContainerStartLevel.dispatchEvent(ModuleContainer.java:1)
	at org.eclipse.osgi.framework.eventmgr.EventManager.dispatchEvent(EventManager.java:230)
	at org.eclipse.osgi.framework.eventmgr.EventManager$EventThread.run(EventManager.java:340)

!ENTRY org.eclipse.mylyn.context.tasks.ui 4 0 2017-07-08 11:21:34.282
!MESSAGE FrameworkEvent ERROR
!STACK 0
org.osgi.framework.BundleException: Could not resolve module: org.eclipse.mylyn.context.tasks.ui [273]
  Unresolved requirement: Require-Bundle: org.eclipse.mylyn.tasks.core; bundle-version="3.8.0"
    -> Bundle-SymbolicName: org.eclipse.mylyn.tasks.core; bundle-version="3.21.0.v20160914-0252"; singleton:="true"
       org.eclipse.mylyn.tasks.core [291]
         Unresolved requirement: Require-Bundle: org.eclipse.mylyn.commons.net; bundle-version="3.8.0"
           -> Bundle-SymbolicName: org.eclipse.mylyn.commons.net; bundle-version="3.21.0.v20160630-1702"; singleton:="true"
              org.eclipse.mylyn.commons.net [261]
                Unresolved requirement: Require-Bundle: org.apache.commons.httpclient; bundle-version="[3.1.0,4.0.0)"; visibility:="reexport"
  Unresolved requirement: Require-Bundle: org.eclipse.mylyn.tasks.ui; bundle-version="3.8.0"
    -> Bundle-SymbolicName: org.eclipse.mylyn.tasks.ui; bundle-version="3.21.0.v20160913-2131"; singleton:="true"
       org.eclipse.mylyn.tasks.ui [295]
         Unresolved requirement: Require-Bundle: org.eclipse.mylyn.commons.net; bundle-version="3.8.0"
           -> Bundle-SymbolicName: org.eclipse.mylyn.commons.net; bundle-version="3.21.0.v20160630-1702"; singleton:="true"
         Unresolved requirement: Require-Bundle: org.eclipse.mylyn.discovery.ui; bundle-version="3.8.0"; x-installation:="greedy"; resolution:="optional"
           -> Bundle-SymbolicName: org.eclipse.mylyn.discovery.ui; bundle-version="3.21.0.v20160630-1702"; singleton:="true"
              org.eclipse.mylyn.discovery.ui [277]
                Unresolved requirement: Require-Bundle: org.eclipse.mylyn.discovery.core; bundle-version="[3.8.0,4.0.0)"
                  -> Bundle-SymbolicName: org.eclipse.mylyn.discovery.core; bundle-version="3.21.0.v20160729-1739"; singleton:="true"
                     org.eclipse.mylyn.discovery.core [276]
                       Unresolved requirement: Require-Bundle: org.eclipse.mylyn.commons.net; bundle-version="3.8.0"
                         -> Bundle-SymbolicName: org.eclipse.mylyn.commons.net; bundle-version="3.21.0.v20160630-1702"; singleton:="true"

	at org.eclipse.osgi.container.Module.start(Module.java:444)
	at org.eclipse.osgi.container.ModuleContainer$ContainerStartLevel.incStartLevel(ModuleContainer.java:1620)
	at org.eclipse.osgi.container.ModuleContainer$ContainerStartLevel.incStartLevel(ModuleContainer.java:1599)
	at org.eclipse.osgi.container.ModuleContainer$ContainerStartLevel.doContainerStartLevel(ModuleContainer.java:1571)
	at org.eclipse.osgi.container.ModuleContainer$ContainerStartLevel.dispatchEvent(ModuleContainer.java:1514)
	at org.eclipse.osgi.container.ModuleContainer$ContainerStartLevel.dispatchEvent(ModuleContainer.java:1)
	at org.eclipse.osgi.framework.eventmgr.EventManager.dispatchEvent(EventManager.java:230)
	at org.eclipse.osgi.framework.eventmgr.EventManager$EventThread.run(EventManager.java:340)

!ENTRY org.eclipse.mylyn.hudson.ui 4 0 2017-07-08 11:21:34.291
!MESSAGE FrameworkEvent ERROR
!STACK 0
org.osgi.framework.BundleException: Could not resolve module: org.eclipse.mylyn.hudson.ui [282]
  Unresolved requirement: Require-Bundle: org.eclipse.ecf.discovery; bundle-version="3.0.0"; resolution:="optional"
  Unresolved requirement: Require-Bundle: org.eclipse.ecf.provider.discovery; bundle-version="2.0.0"; resolution:="optional"
  Unresolved requirement: Require-Bundle: org.eclipse.ecf.provider.jmdns; bundle-version="3.0.0"; resolution:="optional"
  Unresolved requirement: Require-Bundle: org.eclipse.mylyn.builds.ui
    -> Bundle-SymbolicName: org.eclipse.mylyn.builds.ui; bundle-version="1.13.0.v20160725-1817"; singleton:="true"
       org.eclipse.mylyn.builds.ui [258]
         Unresolved requirement: Require-Bundle: org.eclipse.mylyn.tasks.core; bundle-version="3.8.0"
           -> Bundle-SymbolicName: org.eclipse.mylyn.tasks.core; bundle-version="3.21.0.v20160914-0252"; singleton:="true"
              org.eclipse.mylyn.tasks.core [291]
                Unresolved requirement: Require-Bundle: org.eclipse.mylyn.commons.net; bundle-version="3.8.0"
                  -> Bundle-SymbolicName: org.eclipse.mylyn.commons.net; bundle-version="3.21.0.v20160630-1702"; singleton:="true"
                     org.eclipse.mylyn.commons.net [261]
                       Unresolved requirement: Require-Bundle: org.apache.commons.httpclient; bundle-version="[3.1.0,4.0.0)"; visibility:="reexport"
         Unresolved requirement: Require-Bundle: org.eclipse.mylyn.team.ui; bundle-version="3.8.0"
           -> Bundle-SymbolicName: org.eclipse.mylyn.team.ui; bundle-version="3.21.0.v20160701-1337"; singleton:="true"
              org.eclipse.mylyn.team.ui [296]
                Unresolved requirement: Require-Bundle: org.eclipse.mylyn.tasks.core; bundle-version="[3.8.0,4.0.0)"
                  -> Bundle-SymbolicName: org.eclipse.mylyn.tasks.core; bundle-version="3.21.0.v20160914-0252"; singleton:="true"
         Unresolved requirement: Require-Bundle: org.eclipse.mylyn.tasks.ui; bundle-version="3.8.0"
           -> Bundle-SymbolicName: org.eclipse.mylyn.tasks.ui; bundle-version="3.21.0.v20160913-2131"; singleton:="true"
              org.eclipse.mylyn.tasks.ui [295]
                Unresolved requirement: Require-Bundle: org.eclipse.mylyn.commons.net; bundle-version="3.8.0"
                  -> Bundle-SymbolicName: org.eclipse.mylyn.commons.net; bundle-version="3.21.0.v20160630-1702"; singleton:="true"
                Unresolved requirement: Require-Bundle: org.eclipse.mylyn.discovery.ui; bundle-version="3.8.0"; x-installation:="greedy"; resolution:="optional"
                  -> Bundle-SymbolicName: org.eclipse.mylyn.discovery.ui; bundle-version="3.21.0.v20160630-1702"; singleton:="true"
                     org.eclipse.mylyn.discovery.ui [277]
                       Unresolved requirement: Require-Bundle: org.eclipse.mylyn.discovery.core; bundle-version="[3.8.0,4.0.0)"
                         -> Bundle-SymbolicName: org.eclipse.mylyn.discovery.core; bundle-version="3.21.0.v20160729-1739"; singleton:="true"
                            org.eclipse.mylyn.discovery.core [276]
                              Unresolved requirement: Require-Bundle: org.eclipse.mylyn.commons.net; bundle-version="3.8.0"
                                -> Bundle-SymbolicName: org.eclipse.mylyn.commons.net; bundle-version="3.21.0.v20160630-1702"; singleton:="true"

	at org.eclipse.osgi.container.Module.start(Module.java:444)
	at org.eclipse.osgi.container.ModuleContainer$ContainerStartLevel.incStartLevel(ModuleContainer.java:1620)
	at org.eclipse.osgi.container.ModuleContainer$ContainerStartLevel.incStartLevel(ModuleContainer.java:1599)
	at org.eclipse.osgi.container.ModuleContainer$ContainerStartLevel.doContainerStartLevel(ModuleContainer.java:1571)
	at org.eclipse.osgi.container.ModuleContainer$ContainerStartLevel.dispatchEvent(ModuleContainer.java:1514)
	at org.eclipse.osgi.container.ModuleContainer$ContainerStartLevel.dispatchEvent(ModuleContainer.java:1)
	at org.eclipse.osgi.framework.eventmgr.EventManager.dispatchEvent(EventManager.java:230)
	at org.eclipse.osgi.framework.eventmgr.EventManager$EventThread.run(EventManager.java:340)

!ENTRY org.eclipse.mylyn.java.tasks 4 0 2017-07-08 11:21:34.298
!MESSAGE FrameworkEvent ERROR
!STACK 0
org.osgi.framework.BundleException: Could not resolve module: org.eclipse.mylyn.java.tasks [285]
  Unresolved requirement: Require-Bundle: org.eclipse.mylyn.tasks.core; bundle-version="[3.8.0,4.0.0)"
    -> Bundle-SymbolicName: org.eclipse.mylyn.tasks.core; bundle-version="3.21.0.v20160914-0252"; singleton:="true"
       org.eclipse.mylyn.tasks.core [291]
         Unresolved requirement: Require-Bundle: org.eclipse.mylyn.commons.net; bundle-version="3.8.0"
           -> Bundle-SymbolicName: org.eclipse.mylyn.commons.net; bundle-version="3.21.0.v20160630-1702"; singleton:="true"
              org.eclipse.mylyn.commons.net [261]
                Unresolved requirement: Require-Bundle: org.apache.commons.httpclient; bundle-version="[3.1.0,4.0.0)"; visibility:="reexport"
  Unresolved requirement: Require-Bundle: org.eclipse.mylyn.tasks.ui; bundle-version="[3.8.0,4.0.0)"
    -> Bundle-SymbolicName: org.eclipse.mylyn.tasks.ui; bundle-version="3.21.0.v20160913-2131"; singleton:="true"
       org.eclipse.mylyn.tasks.ui [295]
         Unresolved requirement: Require-Bundle: org.eclipse.mylyn.commons.net; bundle-version="3.8.0"
           -> Bundle-SymbolicName: org.eclipse.mylyn.commons.net; bundle-version="3.21.0.v20160630-1702"; singleton:="true"
         Unresolved requirement: Require-Bundle: org.eclipse.mylyn.discovery.ui; bundle-version="3.8.0"; x-installation:="greedy"; resolution:="optional"
           -> Bundle-SymbolicName: org.eclipse.mylyn.discovery.ui; bundle-version="3.21.0.v20160630-1702"; singleton:="true"
              org.eclipse.mylyn.discovery.ui [277]
                Unresolved requirement: Require-Bundle: org.eclipse.mylyn.discovery.core; bundle-version="[3.8.0,4.0.0)"
                  -> Bundle-SymbolicName: org.eclipse.mylyn.discovery.core; bundle-version="3.21.0.v20160729-1739"; singleton:="true"
                     org.eclipse.mylyn.discovery.core [276]
                       Unresolved requirement: Require-Bundle: org.eclipse.mylyn.commons.net; bundle-version="3.8.0"
                         -> Bundle-SymbolicName: org.eclipse.mylyn.commons.net; bundle-version="3.21.0.v20160630-1702"; singleton:="true"

	at org.eclipse.osgi.container.Module.start(Module.java:444)
	at org.eclipse.osgi.container.ModuleContainer$ContainerStartLevel.incStartLevel(ModuleContainer.java:1620)
	at org.eclipse.osgi.container.ModuleContainer$ContainerStartLevel.incStartLevel(ModuleContainer.java:1599)
	at org.eclipse.osgi.container.ModuleContainer$ContainerStartLevel.doContainerStartLevel(ModuleContainer.java:1571)
	at org.eclipse.osgi.container.ModuleContainer$ContainerStartLevel.dispatchEvent(ModuleContainer.java:1514)
	at org.eclipse.osgi.container.ModuleContainer$ContainerStartLevel.dispatchEvent(ModuleContainer.java:1)
	at org.eclipse.osgi.framework.eventmgr.EventManager.dispatchEvent(EventManager.java:230)
	at org.eclipse.osgi.framework.eventmgr.EventManager$EventThread.run(EventManager.java:340)

!ENTRY org.eclipse.mylyn.tasks.bugs 4 0 2017-07-08 11:21:34.305
!MESSAGE FrameworkEvent ERROR
!STACK 0
org.osgi.framework.BundleException: Could not resolve module: org.eclipse.mylyn.tasks.bugs [290]
  Unresolved requirement: Require-Bundle: org.eclipse.mylyn.tasks.ui; bundle-version="[3.8.0,4.0.0)"
    -> Bundle-SymbolicName: org.eclipse.mylyn.tasks.ui; bundle-version="3.21.0.v20160913-2131"; singleton:="true"
       org.eclipse.mylyn.tasks.ui [295]
         Unresolved requirement: Require-Bundle: org.eclipse.mylyn.commons.net; bundle-version="3.8.0"
           -> Bundle-SymbolicName: org.eclipse.mylyn.commons.net; bundle-version="3.21.0.v20160630-1702"; singleton:="true"
              org.eclipse.mylyn.commons.net [261]
                Unresolved requirement: Require-Bundle: org.apache.commons.httpclient; bundle-version="[3.1.0,4.0.0)"; visibility:="reexport"
         Unresolved requirement: Require-Bundle: org.eclipse.mylyn.discovery.ui; bundle-version="3.8.0"; x-installation:="greedy"; resolution:="optional"
           -> Bundle-SymbolicName: org.eclipse.mylyn.discovery.ui; bundle-version="3.21.0.v20160630-1702"; singleton:="true"
              org.eclipse.mylyn.discovery.ui [277]
                Unresolved requirement: Require-Bundle: org.eclipse.mylyn.discovery.core; bundle-version="[3.8.0,4.0.0)"
                  -> Bundle-SymbolicName: org.eclipse.mylyn.discovery.core; bundle-version="3.21.0.v20160729-1739"; singleton:="true"
                     org.eclipse.mylyn.discovery.core [276]
                       Unresolved requirement: Require-Bundle: org.eclipse.mylyn.commons.net; bundle-version="3.8.0"
                         -> Bundle-SymbolicName: org.eclipse.mylyn.commons.net; bundle-version="3.21.0.v20160630-1702"; singleton:="true"
  Unresolved requirement: Require-Bundle: org.eclipse.mylyn.tasks.core; bundle-version="[3.8.0,4.0.0)"
    -> Bundle-SymbolicName: org.eclipse.mylyn.tasks.core; bundle-version="3.21.0.v20160914-0252"; singleton:="true"
       org.eclipse.mylyn.tasks.core [291]
         Unresolved requirement: Require-Bundle: org.eclipse.mylyn.commons.net; bundle-version="3.8.0"
           -> Bundle-SymbolicName: org.eclipse.mylyn.commons.net; bundle-version="3.21.0.v20160630-1702"; singleton:="true"

	at org.eclipse.osgi.container.Module.start(Module.java:444)
	at org.eclipse.osgi.container.ModuleContainer$ContainerStartLevel.incStartLevel(ModuleContainer.java:1620)
	at org.eclipse.osgi.container.ModuleContainer$ContainerStartLevel.incStartLevel(ModuleContainer.java:1599)
	at org.eclipse.osgi.container.ModuleContainer$ContainerStartLevel.doContainerStartLevel(ModuleContainer.java:1571)
	at org.eclipse.osgi.container.ModuleContainer$ContainerStartLevel.dispatchEvent(ModuleContainer.java:1514)
	at org.eclipse.osgi.container.ModuleContainer$ContainerStartLevel.dispatchEvent(ModuleContainer.java:1)
	at org.eclipse.osgi.framework.eventmgr.EventManager.dispatchEvent(EventManager.java:230)
	at org.eclipse.osgi.framework.eventmgr.EventManager$EventThread.run(EventManager.java:340)

!ENTRY org.eclipse.mylyn.tasks.index.core 4 0 2017-07-08 11:21:34.309
!MESSAGE FrameworkEvent ERROR
!STACK 0
org.osgi.framework.BundleException: Could not resolve module: org.eclipse.mylyn.tasks.index.core [292]
  Unresolved requirement: Require-Bundle: org.eclipse.mylyn.tasks.core; bundle-version="3.8.0"
    -> Bundle-SymbolicName: org.eclipse.mylyn.tasks.core; bundle-version="3.21.0.v20160914-0252"; singleton:="true"
       org.eclipse.mylyn.tasks.core [291]
         Unresolved requirement: Require-Bundle: org.eclipse.mylyn.commons.net; bundle-version="3.8.0"
           -> Bundle-SymbolicName: org.eclipse.mylyn.commons.net; bundle-version="3.21.0.v20160630-1702"; singleton:="true"
              org.eclipse.mylyn.commons.net [261]
                Unresolved requirement: Require-Bundle: org.apache.commons.httpclient; bundle-version="[3.1.0,4.0.0)"; visibility:="reexport"

	at org.eclipse.osgi.container.Module.start(Module.java:444)
	at org.eclipse.osgi.container.ModuleContainer$ContainerStartLevel.incStartLevel(ModuleContainer.java:1620)
	at org.eclipse.osgi.container.ModuleContainer$ContainerStartLevel.incStartLevel(ModuleContainer.java:1599)
	at org.eclipse.osgi.container.ModuleContainer$ContainerStartLevel.doContainerStartLevel(ModuleContainer.java:1571)
	at org.eclipse.osgi.container.ModuleContainer$ContainerStartLevel.dispatchEvent(ModuleContainer.java:1514)
	at org.eclipse.osgi.container.ModuleContainer$ContainerStartLevel.dispatchEvent(ModuleContainer.java:1)
	at org.eclipse.osgi.framework.eventmgr.EventManager.dispatchEvent(EventManager.java:230)
	at org.eclipse.osgi.framework.eventmgr.EventManager$EventThread.run(EventManager.java:340)

!ENTRY org.eclipse.mylyn.tasks.ui 4 0 2017-07-08 11:21:34.315
!MESSAGE FrameworkEvent ERROR
!STACK 0
org.osgi.framework.BundleException: Could not resolve module: org.eclipse.mylyn.tasks.ui [295]
  Unresolved requirement: Require-Bundle: org.eclipse.mylyn.commons.net; bundle-version="3.8.0"
    -> Bundle-SymbolicName: org.eclipse.mylyn.commons.net; bundle-version="3.21.0.v20160630-1702"; singleton:="true"
       org.eclipse.mylyn.commons.net [261]
         Unresolved requirement: Require-Bundle: org.apache.commons.httpclient; bundle-version="[3.1.0,4.0.0)"; visibility:="reexport"
  Unresolved requirement: Require-Bundle: org.eclipse.mylyn.discovery.ui; bundle-version="3.8.0"; x-installation:="greedy"; resolution:="optional"
    -> Bundle-SymbolicName: org.eclipse.mylyn.discovery.ui; bundle-version="3.21.0.v20160630-1702"; singleton:="true"
       org.eclipse.mylyn.discovery.ui [277]
         Unresolved requirement: Require-Bundle: org.eclipse.mylyn.discovery.core; bundle-version="[3.8.0,4.0.0)"
           -> Bundle-SymbolicName: org.eclipse.mylyn.discovery.core; bundle-version="3.21.0.v20160729-1739"; singleton:="true"
              org.eclipse.mylyn.discovery.core [276]
                Unresolved requirement: Require-Bundle: org.eclipse.mylyn.commons.net; bundle-version="3.8.0"
                  -> Bundle-SymbolicName: org.eclipse.mylyn.commons.net; bundle-version="3.21.0.v20160630-1702"; singleton:="true"

	at org.eclipse.osgi.container.Module.start(Module.java:444)
	at org.eclipse.osgi.container.ModuleContainer$ContainerStartLevel.incStartLevel(ModuleContainer.java:1620)
	at org.eclipse.osgi.container.ModuleContainer$ContainerStartLevel.incStartLevel(ModuleContainer.java:1599)
	at org.eclipse.osgi.container.ModuleContainer$ContainerStartLevel.doContainerStartLevel(ModuleContainer.java:1571)
	at org.eclipse.osgi.container.ModuleContainer$ContainerStartLevel.dispatchEvent(ModuleContainer.java:1514)
	at org.eclipse.osgi.container.ModuleContainer$ContainerStartLevel.dispatchEvent(ModuleContainer.java:1)
	at org.eclipse.osgi.framework.eventmgr.EventManager.dispatchEvent(EventManager.java:230)
	at org.eclipse.osgi.framework.eventmgr.EventManager$EventThread.run(EventManager.java:340)

!ENTRY org.eclipse.mylyn.team.ui 4 0 2017-07-08 11:21:34.322
!MESSAGE FrameworkEvent ERROR
!STACK 0
org.osgi.framework.BundleException: Could not resolve module: org.eclipse.mylyn.team.ui [296]
  Unresolved requirement: Require-Bundle: org.eclipse.mylyn.tasks.core; bundle-version="[3.8.0,4.0.0)"
    -> Bundle-SymbolicName: org.eclipse.mylyn.tasks.core; bundle-version="3.21.0.v20160914-0252"; singleton:="true"
       org.eclipse.mylyn.tasks.core [291]
         Unresolved requirement: Require-Bundle: org.eclipse.mylyn.commons.net; bundle-version="3.8.0"
           -> Bundle-SymbolicName: org.eclipse.mylyn.commons.net; bundle-version="3.21.0.v20160630-1702"; singleton:="true"
              org.eclipse.mylyn.commons.net [261]
                Unresolved requirement: Require-Bundle: org.apache.commons.httpclient; bundle-version="[3.1.0,4.0.0)"; visibility:="reexport"
  Unresolved requirement: Require-Bundle: org.eclipse.mylyn.tasks.ui; bundle-version="[3.8.0,4.0.0)"
    -> Bundle-SymbolicName: org.eclipse.mylyn.tasks.ui; bundle-version="3.21.0.v20160913-2131"; singleton:="true"
       org.eclipse.mylyn.tasks.ui [295]
         Unresolved requirement: Require-Bundle: org.eclipse.mylyn.commons.net; bundle-version="3.8.0"
           -> Bundle-SymbolicName: org.eclipse.mylyn.commons.net; bundle-version="3.21.0.v20160630-1702"; singleton:="true"
         Unresolved requirement: Require-Bundle: org.eclipse.mylyn.discovery.ui; bundle-version="3.8.0"; x-installation:="greedy"; resolution:="optional"
           -> Bundle-SymbolicName: org.eclipse.mylyn.discovery.ui; bundle-version="3.21.0.v20160630-1702"; singleton:="true"
              org.eclipse.mylyn.discovery.ui [277]
                Unresolved requirement: Require-Bundle: org.eclipse.mylyn.discovery.core; bundle-version="[3.8.0,4.0.0)"
                  -> Bundle-SymbolicName: org.eclipse.mylyn.discovery.core; bundle-version="3.21.0.v20160729-1739"; singleton:="true"
                     org.eclipse.mylyn.discovery.core [276]
                       Unresolved requirement: Require-Bundle: org.eclipse.mylyn.commons.net; bundle-version="3.8.0"
                         -> Bundle-SymbolicName: org.eclipse.mylyn.commons.net; bundle-version="3.21.0.v20160630-1702"; singleton:="true"

	at org.eclipse.osgi.container.Module.start(Module.java:444)
	at org.eclipse.osgi.container.ModuleContainer$ContainerStartLevel.incStartLevel(ModuleContainer.java:1620)
	at org.eclipse.osgi.container.ModuleContainer$ContainerStartLevel.incStartLevel(ModuleContainer.java:1599)
	at org.eclipse.osgi.container.ModuleContainer$ContainerStartLevel.doContainerStartLevel(ModuleContainer.java:1571)
	at org.eclipse.osgi.container.ModuleContainer$ContainerStartLevel.dispatchEvent(ModuleContainer.java:1514)
	at org.eclipse.osgi.container.ModuleContainer$ContainerStartLevel.dispatchEvent(ModuleContainer.java:1)
	at org.eclipse.osgi.framework.eventmgr.EventManager.dispatchEvent(EventManager.java:230)
	at org.eclipse.osgi.framework.eventmgr.EventManager$EventThread.run(EventManager.java:340)

!ENTRY org.eclipse.mylyn.wikitext.tasks.ui 4 0 2017-07-08 11:21:34.328
!MESSAGE FrameworkEvent ERROR
!STACK 0
org.osgi.framework.BundleException: Could not resolve module: org.eclipse.mylyn.wikitext.tasks.ui [314]
  Unresolved requirement: Require-Bundle: org.eclipse.mylyn.tasks.ui; bundle-version="3.7.0"
    -> Bundle-SymbolicName: org.eclipse.mylyn.tasks.ui; bundle-version="3.21.0.v20160913-2131"; singleton:="true"
       org.eclipse.mylyn.tasks.ui [295]
         Unresolved requirement: Require-Bundle: org.eclipse.mylyn.commons.net; bundle-version="3.8.0"
           -> Bundle-SymbolicName: org.eclipse.mylyn.commons.net; bundle-version="3.21.0.v20160630-1702"; singleton:="true"
              org.eclipse.mylyn.commons.net [261]
                Unresolved requirement: Require-Bundle: org.apache.commons.httpclient; bundle-version="[3.1.0,4.0.0)"; visibility:="reexport"
         Unresolved requirement: Require-Bundle: org.eclipse.mylyn.discovery.ui; bundle-version="3.8.0"; x-installation:="greedy"; resolution:="optional"
           -> Bundle-SymbolicName: org.eclipse.mylyn.discovery.ui; bundle-version="3.21.0.v20160630-1702"; singleton:="true"
              org.eclipse.mylyn.discovery.ui [277]
                Unresolved requirement: Require-Bundle: org.eclipse.mylyn.discovery.core; bundle-version="[3.8.0,4.0.0)"
                  -> Bundle-SymbolicName: org.eclipse.mylyn.discovery.core; bundle-version="3.21.0.v20160729-1739"; singleton:="true"
                     org.eclipse.mylyn.discovery.core [276]
                       Unresolved requirement: Require-Bundle: org.eclipse.mylyn.commons.net; bundle-version="3.8.0"
                         -> Bundle-SymbolicName: org.eclipse.mylyn.commons.net; bundle-version="3.21.0.v20160630-1702"; singleton:="true"
  Unresolved requirement: Require-Bundle: org.eclipse.mylyn.tasks.core; bundle-version="3.7.0"
    -> Bundle-SymbolicName: org.eclipse.mylyn.tasks.core; bundle-version="3.21.0.v20160914-0252"; singleton:="true"
       org.eclipse.mylyn.tasks.core [291]
         Unresolved requirement: Require-Bundle: org.eclipse.mylyn.commons.net; bundle-version="3.8.0"
           -> Bundle-SymbolicName: org.eclipse.mylyn.commons.net; bundle-version="3.21.0.v20160630-1702"; singleton:="true"

	at org.eclipse.osgi.container.Module.start(Module.java:444)
	at org.eclipse.osgi.container.ModuleContainer$ContainerStartLevel.incStartLevel(ModuleContainer.java:1620)
	at org.eclipse.osgi.container.ModuleContainer$ContainerStartLevel.incStartLevel(ModuleContainer.java:1599)
	at org.eclipse.osgi.container.ModuleContainer$ContainerStartLevel.doContainerStartLevel(ModuleContainer.java:1571)
	at org.eclipse.osgi.container.ModuleContainer$ContainerStartLevel.dispatchEvent(ModuleContainer.java:1514)
	at org.eclipse.osgi.container.ModuleContainer$ContainerStartLevel.dispatchEvent(ModuleContainer.java:1)
	at org.eclipse.osgi.framework.eventmgr.EventManager.dispatchEvent(EventManager.java:230)
	at org.eclipse.osgi.framework.eventmgr.EventManager$EventThread.run(EventManager.java:340)

!ENTRY org.eclipse.recommenders.apidocs.rcp 4 0 2017-07-08 11:21:34.343
!MESSAGE FrameworkEvent ERROR
!STACK 0
org.osgi.framework.BundleException: Could not resolve module: org.eclipse.recommenders.apidocs.rcp [359]
  Unresolved requirement: Require-Bundle: org.eclipse.recommenders.models.rcp; bundle-version="[2.4.5,2.4.6]"
    -> Bundle-SymbolicName: org.eclipse.recommenders.models.rcp; bundle-version="2.4.5.v20161130-1427"; singleton:="true"
       org.eclipse.recommenders.models.rcp [373]
         Unresolved requirement: Require-Bundle: org.eclipse.recommenders.coordinates; bundle-version="[2.4.5,2.4.6]"
           -> Bundle-SymbolicName: org.eclipse.recommenders.coordinates; bundle-version="2.4.5.v20161130-1427"
              org.eclipse.recommenders.coordinates [366]
                Unresolved requirement: Import-Package: org.apache.commons.httpclient; version="[3.1.0,4.0.0)"
  Unresolved requirement: Require-Bundle: org.eclipse.recommenders.models; bundle-version="[2.4.5,2.4.6]"
    -> Bundle-SymbolicName: org.eclipse.recommenders.models; bundle-version="2.4.5.v20161130-1427"
       org.eclipse.recommenders.models [372]
         Unresolved requirement: Require-Bundle: org.eclipse.recommenders.coordinates; bundle-version="[2.4.5,2.4.6]"
           -> Bundle-SymbolicName: org.eclipse.recommenders.coordinates; bundle-version="2.4.5.v20161130-1427"
  Unresolved requirement: Require-Bundle: org.eclipse.recommenders.apidocs; bundle-version="[2.4.5,2.4.6]"
    -> Bundle-SymbolicName: org.eclipse.recommenders.apidocs; bundle-version="2.4.5.v20161130-1427"
       org.eclipse.recommenders.apidocs [358]
         Unresolved requirement: Require-Bundle: org.eclipse.recommenders.models; bundle-version="[2.4.5,2.4.6]"
           -> Bundle-SymbolicName: org.eclipse.recommenders.models; bundle-version="2.4.5.v20161130-1427"

	at org.eclipse.osgi.container.Module.start(Module.java:444)
	at org.eclipse.osgi.container.ModuleContainer$ContainerStartLevel.incStartLevel(ModuleContainer.java:1620)
	at org.eclipse.osgi.container.ModuleContainer$ContainerStartLevel.incStartLevel(ModuleContainer.java:1599)
	at org.eclipse.osgi.container.ModuleContainer$ContainerStartLevel.doContainerStartLevel(ModuleContainer.java:1571)
	at org.eclipse.osgi.container.ModuleContainer$ContainerStartLevel.dispatchEvent(ModuleContainer.java:1514)
	at org.eclipse.osgi.container.ModuleContainer$ContainerStartLevel.dispatchEvent(ModuleContainer.java:1)
	at org.eclipse.osgi.framework.eventmgr.EventManager.dispatchEvent(EventManager.java:230)
	at org.eclipse.osgi.framework.eventmgr.EventManager$EventThread.run(EventManager.java:340)

!ENTRY org.eclipse.recommenders.coordinates 4 0 2017-07-08 11:21:34.347
!MESSAGE FrameworkEvent ERROR
!STACK 0
org.osgi.framework.BundleException: Could not resolve module: org.eclipse.recommenders.coordinates [366]
  Unresolved requirement: Import-Package: org.apache.commons.httpclient; version="[3.1.0,4.0.0)"

	at org.eclipse.osgi.container.Module.start(Module.java:444)
	at org.eclipse.osgi.container.ModuleContainer$ContainerStartLevel.incStartLevel(ModuleContainer.java:1620)
	at org.eclipse.osgi.container.ModuleContainer$ContainerStartLevel.incStartLevel(ModuleContainer.java:1599)
	at org.eclipse.osgi.container.ModuleContainer$ContainerStartLevel.doContainerStartLevel(ModuleContainer.java:1571)
	at org.eclipse.osgi.container.ModuleContainer$ContainerStartLevel.dispatchEvent(ModuleContainer.java:1514)
	at org.eclipse.osgi.container.ModuleContainer$ContainerStartLevel.dispatchEvent(ModuleContainer.java:1)
	at org.eclipse.osgi.framework.eventmgr.EventManager.dispatchEvent(EventManager.java:230)
	at org.eclipse.osgi.framework.eventmgr.EventManager$EventThread.run(EventManager.java:340)

!ENTRY org.eclipse.recommenders.coordinates.rcp 4 0 2017-07-08 11:21:34.352
!MESSAGE FrameworkEvent ERROR
!STACK 0
org.osgi.framework.BundleException: Could not resolve module: org.eclipse.recommenders.coordinates.rcp [367]
  Unresolved requirement: Require-Bundle: org.eclipse.recommenders.coordinates; bundle-version="[2.4.5,2.4.6]"
    -> Bundle-SymbolicName: org.eclipse.recommenders.coordinates; bundle-version="2.4.5.v20161130-1427"
       org.eclipse.recommenders.coordinates [366]
         Unresolved requirement: Import-Package: org.apache.commons.httpclient; version="[3.1.0,4.0.0)"

	at org.eclipse.osgi.container.Module.start(Module.java:444)
	at org.eclipse.osgi.container.ModuleContainer$ContainerStartLevel.incStartLevel(ModuleContainer.java:1620)
	at org.eclipse.osgi.container.ModuleContainer$ContainerStartLevel.incStartLevel(ModuleContainer.java:1599)
	at org.eclipse.osgi.container.ModuleContainer$ContainerStartLevel.doContainerStartLevel(ModuleContainer.java:1571)
	at org.eclipse.osgi.container.ModuleContainer$ContainerStartLevel.dispatchEvent(ModuleContainer.java:1514)
	at org.eclipse.osgi.container.ModuleContainer$ContainerStartLevel.dispatchEvent(ModuleContainer.java:1)
	at org.eclipse.osgi.framework.eventmgr.EventManager.dispatchEvent(EventManager.java:230)
	at org.eclipse.osgi.framework.eventmgr.EventManager$EventThread.run(EventManager.java:340)

!ENTRY org.eclipse.recommenders.models 4 0 2017-07-08 11:21:34.357
!MESSAGE FrameworkEvent ERROR
!STACK 0
org.osgi.framework.BundleException: Could not resolve module: org.eclipse.recommenders.models [372]
  Unresolved requirement: Require-Bundle: org.eclipse.recommenders.coordinates; bundle-version="[2.4.5,2.4.6]"
    -> Bundle-SymbolicName: org.eclipse.recommenders.coordinates; bundle-version="2.4.5.v20161130-1427"
       org.eclipse.recommenders.coordinates [366]
         Unresolved requirement: Import-Package: org.apache.commons.httpclient; version="[3.1.0,4.0.0)"

	at org.eclipse.osgi.container.Module.start(Module.java:444)
	at org.eclipse.osgi.container.ModuleContainer$ContainerStartLevel.incStartLevel(ModuleContainer.java:1620)
	at org.eclipse.osgi.container.ModuleContainer$ContainerStartLevel.incStartLevel(ModuleContainer.java:1599)
	at org.eclipse.osgi.container.ModuleContainer$ContainerStartLevel.doContainerStartLevel(ModuleContainer.java:1571)
	at org.eclipse.osgi.container.ModuleContainer$ContainerStartLevel.dispatchEvent(ModuleContainer.java:1514)
	at org.eclipse.osgi.container.ModuleContainer$ContainerStartLevel.dispatchEvent(ModuleContainer.java:1)
	at org.eclipse.osgi.framework.eventmgr.EventManager.dispatchEvent(EventManager.java:230)
	at org.eclipse.osgi.framework.eventmgr.EventManager$EventThread.run(EventManager.java:340)

!ENTRY org.eclipse.recommenders.snipmatch 4 0 2017-07-08 11:21:34.362
!MESSAGE FrameworkEvent ERROR
!STACK 0
org.osgi.framework.BundleException: Could not resolve module: org.eclipse.recommenders.snipmatch [379]
  Unresolved requirement: Require-Bundle: org.eclipse.recommenders.coordinates; bundle-version="[2.4.5,2.4.6]"
    -> Bundle-SymbolicName: org.eclipse.recommenders.coordinates; bundle-version="2.4.5.v20161130-1427"
       org.eclipse.recommenders.coordinates [366]
         Unresolved requirement: Import-Package: org.apache.commons.httpclient; version="[3.1.0,4.0.0)"

	at org.eclipse.osgi.container.Module.start(Module.java:444)
	at org.eclipse.osgi.container.ModuleContainer$ContainerStartLevel.incStartLevel(ModuleContainer.java:1620)
	at org.eclipse.osgi.container.ModuleContainer$ContainerStartLevel.incStartLevel(ModuleContainer.java:1599)
	at org.eclipse.osgi.container.ModuleContainer$ContainerStartLevel.doContainerStartLevel(ModuleContainer.java:1571)
	at org.eclipse.osgi.container.ModuleContainer$ContainerStartLevel.dispatchEvent(ModuleContainer.java:1514)
	at org.eclipse.osgi.container.ModuleContainer$ContainerStartLevel.dispatchEvent(ModuleContainer.java:1)
	at org.eclipse.osgi.framework.eventmgr.EventManager.dispatchEvent(EventManager.java:230)
	at org.eclipse.osgi.framework.eventmgr.EventManager$EventThread.run(EventManager.java:340)

!ENTRY org.eclipse.recommenders.snipmatch.rcp 4 0 2017-07-08 11:21:34.372
!MESSAGE FrameworkEvent ERROR
!STACK 0
org.osgi.framework.BundleException: Could not resolve module: org.eclipse.recommenders.snipmatch.rcp [380]
  Unresolved requirement: Require-Bundle: org.eclipse.recommenders.snipmatch; bundle-version="[2.4.5,2.4.6]"
    -> Bundle-SymbolicName: org.eclipse.recommenders.snipmatch; bundle-version="2.4.5.v20161130-1427"; singleton:="true"
       org.eclipse.recommenders.snipmatch [379]
         Unresolved requirement: Require-Bundle: org.eclipse.recommenders.coordinates; bundle-version="[2.4.5,2.4.6]"
           -> Bundle-SymbolicName: org.eclipse.recommenders.coordinates; bundle-version="2.4.5.v20161130-1427"
              org.eclipse.recommenders.coordinates [366]
                Unresolved requirement: Import-Package: org.apache.commons.httpclient; version="[3.1.0,4.0.0)"
  Unresolved requirement: Require-Bundle: org.eclipse.recommenders.models.rcp; bundle-version="[2.4.5,2.4.6]"
    -> Bundle-SymbolicName: org.eclipse.recommenders.models.rcp; bundle-version="2.4.5.v20161130-1427"; singleton:="true"
       org.eclipse.recommenders.models.rcp [373]
         Unresolved requirement: Require-Bundle: org.eclipse.recommenders.coordinates; bundle-version="[2.4.5,2.4.6]"
           -> Bundle-SymbolicName: org.eclipse.recommenders.coordinates; bundle-version="2.4.5.v20161130-1427"
  Unresolved requirement: Require-Bundle: org.eclipse.recommenders.coordinates.rcp; bundle-version="[2.4.5,2.4.6]"
    -> Bundle-SymbolicName: org.eclipse.recommenders.coordinates.rcp; bundle-version="2.4.5.v20161130-1427"; singleton:="true"
       org.eclipse.recommenders.coordinates.rcp [367]
         Unresolved requirement: Require-Bundle: org.eclipse.recommenders.coordinates; bundle-version="[2.4.5,2.4.6]"
           -> Bundle-SymbolicName: org.eclipse.recommenders.coordinates; bundle-version="2.4.5.v20161130-1427"
  Unresolved requirement: Require-Bundle: org.eclipse.recommenders.coordinates; bundle-version="[2.4.5,2.4.6]"
    -> Bundle-SymbolicName: org.eclipse.recommenders.coordinates; bundle-version="2.4.5.v20161130-1427"

	at org.eclipse.osgi.container.Module.start(Module.java:444)
	at org.eclipse.osgi.container.ModuleContainer$ContainerStartLevel.incStartLevel(ModuleContainer.java:1620)
	at org.eclipse.osgi.container.ModuleContainer$ContainerStartLevel.incStartLevel(ModuleContainer.java:1599)
	at org.eclipse.osgi.container.ModuleContainer$ContainerStartLevel.doContainerStartLevel(ModuleContainer.java:1571)
	at org.eclipse.osgi.container.ModuleContainer$ContainerStartLevel.dispatchEvent(ModuleContainer.java:1514)
	at org.eclipse.osgi.container.ModuleContainer$ContainerStartLevel.dispatchEvent(ModuleContainer.java:1)
	at org.eclipse.osgi.framework.eventmgr.EventManager.dispatchEvent(EventManager.java:230)
	at org.eclipse.osgi.framework.eventmgr.EventManager$EventThread.run(EventManager.java:340)

!ENTRY org.eclipse.equinox.ds 2 0 2017-07-08 11:22:00.522
!MESSAGE Getting a lock required more than 10000 ms. There might be a synchronization problem in this callstack or just the build/dispose process of some components took too long! 
!STACK 0
java.lang.Exception: Debug stacktrace
	at org.eclipse.equinox.internal.ds.InstanceProcess.getLock(InstanceProcess.java:120)
	at org.eclipse.equinox.internal.ds.InstanceProcess.buildComponent(InstanceProcess.java:560)
	at org.eclipse.equinox.internal.ds.ServiceReg.getService(ServiceReg.java:53)
	at org.eclipse.osgi.internal.serviceregistry.ServiceFactoryUse$1.run(ServiceFactoryUse.java:212)
	at java.security.AccessController.doPrivileged(Native Method)
	at org.eclipse.osgi.internal.serviceregistry.ServiceFactoryUse.factoryGetService(ServiceFactoryUse.java:210)
	at org.eclipse.osgi.internal.serviceregistry.ServiceFactoryUse.getService(ServiceFactoryUse.java:111)
	at org.eclipse.osgi.internal.serviceregistry.ServiceConsumer$2.getService(ServiceConsumer.java:45)
	at org.eclipse.osgi.internal.serviceregistry.ServiceRegistrationImpl.getService(ServiceRegistrationImpl.java:496)
	at org.eclipse.osgi.internal.serviceregistry.ServiceRegistry.getService(ServiceRegistry.java:461)
	at org.eclipse.osgi.internal.framework.BundleContextImpl.getService(BundleContextImpl.java:619)
	at org.eclipse.equinox.internal.p2.core.ProvisioningAgent.addingService(ProvisioningAgent.java:159)
	at org.osgi.util.tracker.ServiceTracker$Tracked.customizerAdding(ServiceTracker.java:941)
	at org.osgi.util.tracker.ServiceTracker$Tracked.customizerAdding(ServiceTracker.java:1)
	at org.osgi.util.tracker.AbstractTracked.trackAdding(AbstractTracked.java:256)
	at org.osgi.util.tracker.AbstractTracked.trackInitial(AbstractTracked.java:183)
	at org.osgi.util.tracker.ServiceTracker.open(ServiceTracker.java:318)
	at org.osgi.util.tracker.ServiceTracker.open(ServiceTracker.java:261)
	at org.eclipse.equinox.internal.p2.core.ProvisioningAgent.getService(ProvisioningAgent.java:66)
	at org.eclipse.equinox.internal.p2.engine.SimpleProfileRegistry.getBaseTimestamp(SimpleProfileRegistry.java:323)
	at org.eclipse.equinox.internal.p2.engine.SimpleProfileRegistry.ignoreExistingProfile(SimpleProfileRegistry.java:302)
	at org.eclipse.equinox.internal.p2.engine.SimpleProfileRegistry.internalGetProfile(SimpleProfileRegistry.java:252)
	at org.eclipse.equinox.internal.p2.engine.SimpleProfileRegistry.getProfile(SimpleProfileRegistry.java:179)
	at org.eclipse.oomph.p2.internal.core.LazyProfileRegistry.containsProfile(LazyProfileRegistry.java:171)
	at org.eclipse.equinox.internal.p2.engine.ProfilePreferences.containsProfile(ProfilePreferences.java:110)
	at org.eclipse.equinox.internal.p2.engine.ProfilePreferences.doSave(ProfilePreferences.java:124)
	at org.eclipse.equinox.internal.p2.engine.ProfilePreferences$SaveJob.run(ProfilePreferences.java:49)
	at org.eclipse.core.internal.jobs.Worker.run(Worker.java:55)
