!SESSION 2017-07-08 11:11:27.077 -----------------------------------------------
eclipse.buildId=4.6.2.M20161124-1400
java.version=1.8.0_131
java.vendor=Oracle Corporation
BootLoader constants: OS=linux, ARCH=x86_64, WS=gtk, NL=en_US
Framework arguments:  -application org.eclipse.equinox.p2.director -repository file:///tmp/formic_559274551/update -installIU org.eclim.installer.feature.group
Command-line arguments:  -clean -application org.eclipse.equinox.p2.director -repository file:///tmp/formic_559274551/update -installIU org.eclim.installer.feature.group

!ENTRY org.eclipse.egit.mylyn.ui 4 0 2017-07-08 11:11:32.720
!MESSAGE FrameworkEvent ERROR
!STACK 0
org.osgi.framework.BundleException: Could not resolve module: org.eclipse.egit.mylyn.ui [121]
  Unresolved requirement: Require-Bundle: org.eclipse.mylyn.tasks.ui; bundle-version="[3.0.0,4.0.0)"
    -> Bundle-SymbolicName: org.eclipse.mylyn.tasks.ui; bundle-version="3.21.0.v20160913-2131"; singleton:="true"
       org.eclipse.mylyn.tasks.ui [294]
         Unresolved requirement: Require-Bundle: org.eclipse.mylyn.discovery.ui; bundle-version="3.8.0"; x-installation:="greedy"; resolution:="optional"
           -> Bundle-SymbolicName: org.eclipse.mylyn.discovery.ui; bundle-version="3.21.0.v20160630-1702"; singleton:="true"
              org.eclipse.mylyn.discovery.ui [276]
                Unresolved requirement: Require-Bundle: org.eclipse.mylyn.discovery.core; bundle-version="[3.8.0,4.0.0)"
                  -> Bundle-SymbolicName: org.eclipse.mylyn.discovery.core; bundle-version="3.21.0.v20160729-1739"; singleton:="true"
                     org.eclipse.mylyn.discovery.core [275]
                       Unresolved requirement: Require-Bundle: org.eclipse.mylyn.commons.net; bundle-version="3.8.0"
                         -> Bundle-SymbolicName: org.eclipse.mylyn.commons.net; bundle-version="3.21.0.v20160630-1702"; singleton:="true"
                            org.eclipse.mylyn.commons.net [260]
                              Unresolved requirement: Require-Bundle: org.apache.commons.httpclient; bundle-version="[3.1.0,4.0.0)"; visibility:="reexport"
         Unresolved requirement: Require-Bundle: org.eclipse.mylyn.commons.net; bundle-version="3.8.0"
           -> Bundle-SymbolicName: org.eclipse.mylyn.commons.net; bundle-version="3.21.0.v20160630-1702"; singleton:="true"
  Unresolved requirement: Require-Bundle: org.eclipse.mylyn.team.ui; bundle-version="[3.0.0,4.0.0)"
    -> Bundle-SymbolicName: org.eclipse.mylyn.team.ui; bundle-version="3.21.0.v20160701-1337"; singleton:="true"
       org.eclipse.mylyn.team.ui [295]
         Unresolved requirement: Require-Bundle: org.eclipse.mylyn.tasks.ui; bundle-version="[3.8.0,4.0.0)"
           -> Bundle-SymbolicName: org.eclipse.mylyn.tasks.ui; bundle-version="3.21.0.v20160913-2131"; singleton:="true"
         Unresolved requirement: Require-Bundle: org.eclipse.mylyn.tasks.core; bundle-version="[3.8.0,4.0.0)"
           -> Bundle-SymbolicName: org.eclipse.mylyn.tasks.core; bundle-version="3.21.0.v20160914-0252"; singleton:="true"
              org.eclipse.mylyn.tasks.core [290]
                Unresolved requirement: Require-Bundle: org.eclipse.mylyn.commons.net; bundle-version="3.8.0"
                  -> Bundle-SymbolicName: org.eclipse.mylyn.commons.net; bundle-version="3.21.0.v20160630-1702"; singleton:="true"
  Unresolved requirement: Require-Bundle: org.eclipse.mylyn.tasks.core; bundle-version="[3.0.0,4.0.0)"
    -> Bundle-SymbolicName: org.eclipse.mylyn.tasks.core; bundle-version="3.21.0.v20160914-0252"; singleton:="true"

	at org.eclipse.osgi.container.Module.start(Module.java:444)
	at org.eclipse.osgi.container.ModuleContainer$ContainerStartLevel.incStartLevel(ModuleContainer.java:1620)
	at org.eclipse.osgi.container.ModuleContainer$ContainerStartLevel.incStartLevel(ModuleContainer.java:1599)
	at org.eclipse.osgi.container.ModuleContainer$ContainerStartLevel.doContainerStartLevel(ModuleContainer.java:1571)
	at org.eclipse.osgi.container.ModuleContainer$ContainerStartLevel.dispatchEvent(ModuleContainer.java:1514)
	at org.eclipse.osgi.container.ModuleContainer$ContainerStartLevel.dispatchEvent(ModuleContainer.java:1)
	at org.eclipse.osgi.framework.eventmgr.EventManager.dispatchEvent(EventManager.java:230)
	at org.eclipse.osgi.framework.eventmgr.EventManager$EventThread.run(EventManager.java:340)

!ENTRY org.eclipse.mylyn.bugzilla.core 4 0 2017-07-08 11:11:32.914
!MESSAGE FrameworkEvent ERROR
!STACK 0
org.osgi.framework.BundleException: Could not resolve module: org.eclipse.mylyn.bugzilla.core [253]
  Unresolved requirement: Require-Bundle: org.eclipse.mylyn.tasks.core; bundle-version="[3.8.0,4.0.0)"
    -> Bundle-SymbolicName: org.eclipse.mylyn.tasks.core; bundle-version="3.21.0.v20160914-0252"; singleton:="true"
       org.eclipse.mylyn.tasks.core [290]
         Unresolved requirement: Require-Bundle: org.eclipse.mylyn.commons.net; bundle-version="3.8.0"
           -> Bundle-SymbolicName: org.eclipse.mylyn.commons.net; bundle-version="3.21.0.v20160630-1702"; singleton:="true"
              org.eclipse.mylyn.commons.net [260]
                Unresolved requirement: Require-Bundle: org.apache.commons.httpclient; bundle-version="[3.1.0,4.0.0)"; visibility:="reexport"
  Unresolved requirement: Require-Bundle: org.eclipse.mylyn.commons.net; bundle-version="[3.8.0,4.0.0)"
    -> Bundle-SymbolicName: org.eclipse.mylyn.commons.net; bundle-version="3.21.0.v20160630-1702"; singleton:="true"

	at org.eclipse.osgi.container.Module.start(Module.java:444)
	at org.eclipse.osgi.container.ModuleContainer$ContainerStartLevel.incStartLevel(ModuleContainer.java:1620)
	at org.eclipse.osgi.container.ModuleContainer$ContainerStartLevel.incStartLevel(ModuleContainer.java:1599)
	at org.eclipse.osgi.container.ModuleContainer$ContainerStartLevel.doContainerStartLevel(ModuleContainer.java:1571)
	at org.eclipse.osgi.container.ModuleContainer$ContainerStartLevel.dispatchEvent(ModuleContainer.java:1514)
	at org.eclipse.osgi.container.ModuleContainer$ContainerStartLevel.dispatchEvent(ModuleContainer.java:1)
	at org.eclipse.osgi.framework.eventmgr.EventManager.dispatchEvent(EventManager.java:230)
	at org.eclipse.osgi.framework.eventmgr.EventManager$EventThread.run(EventManager.java:340)

!ENTRY org.eclipse.mylyn.bugzilla.ui 4 0 2017-07-08 11:11:32.930
!MESSAGE FrameworkEvent ERROR
!STACK 0
org.osgi.framework.BundleException: Could not resolve module: org.eclipse.mylyn.bugzilla.ui [255]
  Unresolved requirement: Require-Bundle: org.eclipse.mylyn.tasks.ui; bundle-version="[3.8.0,4.0.0)"
    -> Bundle-SymbolicName: org.eclipse.mylyn.tasks.ui; bundle-version="3.21.0.v20160913-2131"; singleton:="true"
       org.eclipse.mylyn.tasks.ui [294]
         Unresolved requirement: Require-Bundle: org.eclipse.mylyn.discovery.ui; bundle-version="3.8.0"; x-installation:="greedy"; resolution:="optional"
           -> Bundle-SymbolicName: org.eclipse.mylyn.discovery.ui; bundle-version="3.21.0.v20160630-1702"; singleton:="true"
              org.eclipse.mylyn.discovery.ui [276]
                Unresolved requirement: Require-Bundle: org.eclipse.mylyn.discovery.core; bundle-version="[3.8.0,4.0.0)"
                  -> Bundle-SymbolicName: org.eclipse.mylyn.discovery.core; bundle-version="3.21.0.v20160729-1739"; singleton:="true"
                     org.eclipse.mylyn.discovery.core [275]
                       Unresolved requirement: Require-Bundle: org.eclipse.mylyn.commons.net; bundle-version="3.8.0"
                         -> Bundle-SymbolicName: org.eclipse.mylyn.commons.net; bundle-version="3.21.0.v20160630-1702"; singleton:="true"
                            org.eclipse.mylyn.commons.net [260]
                              Unresolved requirement: Require-Bundle: org.apache.commons.httpclient; bundle-version="[3.1.0,4.0.0)"; visibility:="reexport"
         Unresolved requirement: Require-Bundle: org.eclipse.mylyn.commons.net; bundle-version="3.8.0"
           -> Bundle-SymbolicName: org.eclipse.mylyn.commons.net; bundle-version="3.21.0.v20160630-1702"; singleton:="true"
  Unresolved requirement: Require-Bundle: org.eclipse.mylyn.tasks.core; bundle-version="[3.8.0,4.0.0)"
    -> Bundle-SymbolicName: org.eclipse.mylyn.tasks.core; bundle-version="3.21.0.v20160914-0252"; singleton:="true"
       org.eclipse.mylyn.tasks.core [290]
         Unresolved requirement: Require-Bundle: org.eclipse.mylyn.commons.net; bundle-version="3.8.0"
           -> Bundle-SymbolicName: org.eclipse.mylyn.commons.net; bundle-version="3.21.0.v20160630-1702"; singleton:="true"
  Unresolved requirement: Require-Bundle: org.eclipse.mylyn.bugzilla.core; bundle-version="[3.8.0,4.0.0)"
    -> Bundle-SymbolicName: org.eclipse.mylyn.bugzilla.core; bundle-version="3.21.0.v20160909-1813"; singleton:="true"
       org.eclipse.mylyn.bugzilla.core [253]
         Unresolved requirement: Require-Bundle: org.eclipse.mylyn.tasks.core; bundle-version="[3.8.0,4.0.0)"
           -> Bundle-SymbolicName: org.eclipse.mylyn.tasks.core; bundle-version="3.21.0.v20160914-0252"; singleton:="true"
         Unresolved requirement: Require-Bundle: org.eclipse.mylyn.commons.net; bundle-version="[3.8.0,4.0.0)"
           -> Bundle-SymbolicName: org.eclipse.mylyn.commons.net; bundle-version="3.21.0.v20160630-1702"; singleton:="true"
  Unresolved requirement: Require-Bundle: org.eclipse.mylyn.commons.net; bundle-version="[3.8.0,4.0.0)"
    -> Bundle-SymbolicName: org.eclipse.mylyn.commons.net; bundle-version="3.21.0.v20160630-1702"; singleton:="true"

	at org.eclipse.osgi.container.Module.start(Module.java:444)
	at org.eclipse.osgi.container.ModuleContainer$ContainerStartLevel.incStartLevel(ModuleContainer.java:1620)
	at org.eclipse.osgi.container.ModuleContainer$ContainerStartLevel.incStartLevel(ModuleContainer.java:1599)
	at org.eclipse.osgi.container.ModuleContainer$ContainerStartLevel.doContainerStartLevel(ModuleContainer.java:1571)
	at org.eclipse.osgi.container.ModuleContainer$ContainerStartLevel.dispatchEvent(ModuleContainer.java:1514)
	at org.eclipse.osgi.container.ModuleContainer$ContainerStartLevel.dispatchEvent(ModuleContainer.java:1)
	at org.eclipse.osgi.framework.eventmgr.EventManager.dispatchEvent(EventManager.java:230)
	at org.eclipse.osgi.framework.eventmgr.EventManager$EventThread.run(EventManager.java:340)

!ENTRY org.eclipse.mylyn.builds.ui 4 0 2017-07-08 11:11:32.939
!MESSAGE FrameworkEvent ERROR
!STACK 0
org.osgi.framework.BundleException: Could not resolve module: org.eclipse.mylyn.builds.ui [257]
  Unresolved requirement: Require-Bundle: org.eclipse.mylyn.team.ui; bundle-version="3.8.0"
    -> Bundle-SymbolicName: org.eclipse.mylyn.team.ui; bundle-version="3.21.0.v20160701-1337"; singleton:="true"
       org.eclipse.mylyn.team.ui [295]
         Unresolved requirement: Require-Bundle: org.eclipse.mylyn.tasks.core; bundle-version="[3.8.0,4.0.0)"
           -> Bundle-SymbolicName: org.eclipse.mylyn.tasks.core; bundle-version="3.21.0.v20160914-0252"; singleton:="true"
              org.eclipse.mylyn.tasks.core [290]
                Unresolved requirement: Require-Bundle: org.eclipse.mylyn.commons.net; bundle-version="3.8.0"
                  -> Bundle-SymbolicName: org.eclipse.mylyn.commons.net; bundle-version="3.21.0.v20160630-1702"; singleton:="true"
                     org.eclipse.mylyn.commons.net [260]
                       Unresolved requirement: Require-Bundle: org.apache.commons.httpclient; bundle-version="[3.1.0,4.0.0)"; visibility:="reexport"
  Unresolved requirement: Require-Bundle: org.eclipse.mylyn.tasks.ui; bundle-version="3.8.0"
    -> Bundle-SymbolicName: org.eclipse.mylyn.tasks.ui; bundle-version="3.21.0.v20160913-2131"; singleton:="true"
       org.eclipse.mylyn.tasks.ui [294]
         Unresolved requirement: Require-Bundle: org.eclipse.mylyn.discovery.ui; bundle-version="3.8.0"; x-installation:="greedy"; resolution:="optional"
           -> Bundle-SymbolicName: org.eclipse.mylyn.discovery.ui; bundle-version="3.21.0.v20160630-1702"; singleton:="true"
              org.eclipse.mylyn.discovery.ui [276]
                Unresolved requirement: Require-Bundle: org.eclipse.mylyn.discovery.core; bundle-version="[3.8.0,4.0.0)"
                  -> Bundle-SymbolicName: org.eclipse.mylyn.discovery.core; bundle-version="3.21.0.v20160729-1739"; singleton:="true"
                     org.eclipse.mylyn.discovery.core [275]
                       Unresolved requirement: Require-Bundle: org.eclipse.mylyn.commons.net; bundle-version="3.8.0"
                         -> Bundle-SymbolicName: org.eclipse.mylyn.commons.net; bundle-version="3.21.0.v20160630-1702"; singleton:="true"
         Unresolved requirement: Require-Bundle: org.eclipse.mylyn.commons.net; bundle-version="3.8.0"
           -> Bundle-SymbolicName: org.eclipse.mylyn.commons.net; bundle-version="3.21.0.v20160630-1702"; singleton:="true"
  Unresolved requirement: Require-Bundle: org.eclipse.mylyn.tasks.core; bundle-version="3.8.0"
    -> Bundle-SymbolicName: org.eclipse.mylyn.tasks.core; bundle-version="3.21.0.v20160914-0252"; singleton:="true"

	at org.eclipse.osgi.container.Module.start(Module.java:444)
	at org.eclipse.osgi.container.ModuleContainer$ContainerStartLevel.incStartLevel(ModuleContainer.java:1620)
	at org.eclipse.osgi.container.ModuleContainer$ContainerStartLevel.incStartLevel(ModuleContainer.java:1599)
	at org.eclipse.osgi.container.ModuleContainer$ContainerStartLevel.doContainerStartLevel(ModuleContainer.java:1571)
	at org.eclipse.osgi.container.ModuleContainer$ContainerStartLevel.dispatchEvent(ModuleContainer.java:1514)
	at org.eclipse.osgi.container.ModuleContainer$ContainerStartLevel.dispatchEvent(ModuleContainer.java:1)
	at org.eclipse.osgi.framework.eventmgr.EventManager.dispatchEvent(EventManager.java:230)
	at org.eclipse.osgi.framework.eventmgr.EventManager$EventThread.run(EventManager.java:340)

!ENTRY org.eclipse.mylyn.commons.net 4 0 2017-07-08 11:11:32.949
!MESSAGE FrameworkEvent ERROR
!STACK 0
org.osgi.framework.BundleException: Could not resolve module: org.eclipse.mylyn.commons.net [260]
  Unresolved requirement: Require-Bundle: org.apache.commons.httpclient; bundle-version="[3.1.0,4.0.0)"; visibility:="reexport"

	at org.eclipse.osgi.container.Module.start(Module.java:444)
	at org.eclipse.osgi.container.ModuleContainer$ContainerStartLevel.incStartLevel(ModuleContainer.java:1620)
	at org.eclipse.osgi.container.ModuleContainer$ContainerStartLevel.incStartLevel(ModuleContainer.java:1599)
	at org.eclipse.osgi.container.ModuleContainer$ContainerStartLevel.doContainerStartLevel(ModuleContainer.java:1571)
	at org.eclipse.osgi.container.ModuleContainer$ContainerStartLevel.dispatchEvent(ModuleContainer.java:1514)
	at org.eclipse.osgi.container.ModuleContainer$ContainerStartLevel.dispatchEvent(ModuleContainer.java:1)
	at org.eclipse.osgi.framework.eventmgr.EventManager.dispatchEvent(EventManager.java:230)
	at org.eclipse.osgi.framework.eventmgr.EventManager$EventThread.run(EventManager.java:340)

!ENTRY org.eclipse.mylyn.commons.xmlrpc 4 0 2017-07-08 11:11:32.954
!MESSAGE FrameworkEvent ERROR
!STACK 0
org.osgi.framework.BundleException: Could not resolve module: org.eclipse.mylyn.commons.xmlrpc [270]
  Unresolved requirement: Require-Bundle: org.eclipse.mylyn.commons.net; bundle-version="[3.8.0,4.0.0)"
    -> Bundle-SymbolicName: org.eclipse.mylyn.commons.net; bundle-version="3.21.0.v20160630-1702"; singleton:="true"
       org.eclipse.mylyn.commons.net [260]
         Unresolved requirement: Require-Bundle: org.apache.commons.httpclient; bundle-version="[3.1.0,4.0.0)"; visibility:="reexport"
  Unresolved requirement: Require-Bundle: org.apache.xmlrpc; bundle-version="[3.0.0,4.0.0)"
    -> Bundle-SymbolicName: org.apache.xmlrpc; bundle-version="3.0.0.v20100427-1100"
       org.apache.xmlrpc [50]
         Unresolved requirement: Import-Package: org.apache.commons.httpclient

	at org.eclipse.osgi.container.Module.start(Module.java:444)
	at org.eclipse.osgi.container.ModuleContainer$ContainerStartLevel.incStartLevel(ModuleContainer.java:1620)
	at org.eclipse.osgi.container.ModuleContainer$ContainerStartLevel.incStartLevel(ModuleContainer.java:1599)
	at org.eclipse.osgi.container.ModuleContainer$ContainerStartLevel.doContainerStartLevel(ModuleContainer.java:1571)
	at org.eclipse.osgi.container.ModuleContainer$ContainerStartLevel.dispatchEvent(ModuleContainer.java:1514)
	at org.eclipse.osgi.container.ModuleContainer$ContainerStartLevel.dispatchEvent(ModuleContainer.java:1)
	at org.eclipse.osgi.framework.eventmgr.EventManager.dispatchEvent(EventManager.java:230)
	at org.eclipse.osgi.framework.eventmgr.EventManager$EventThread.run(EventManager.java:340)

!ENTRY org.eclipse.mylyn.context.tasks.ui 4 0 2017-07-08 11:11:32.965
!MESSAGE FrameworkEvent ERROR
!STACK 0
org.osgi.framework.BundleException: Could not resolve module: org.eclipse.mylyn.context.tasks.ui [272]
  Unresolved requirement: Require-Bundle: org.eclipse.mylyn.tasks.ui; bundle-version="3.8.0"
    -> Bundle-SymbolicName: org.eclipse.mylyn.tasks.ui; bundle-version="3.21.0.v20160913-2131"; singleton:="true"
       org.eclipse.mylyn.tasks.ui [294]
         Unresolved requirement: Require-Bundle: org.eclipse.mylyn.discovery.ui; bundle-version="3.8.0"; x-installation:="greedy"; resolution:="optional"
           -> Bundle-SymbolicName: org.eclipse.mylyn.discovery.ui; bundle-version="3.21.0.v20160630-1702"; singleton:="true"
              org.eclipse.mylyn.discovery.ui [276]
                Unresolved requirement: Require-Bundle: org.eclipse.mylyn.discovery.core; bundle-version="[3.8.0,4.0.0)"
                  -> Bundle-SymbolicName: org.eclipse.mylyn.discovery.core; bundle-version="3.21.0.v20160729-1739"; singleton:="true"
                     org.eclipse.mylyn.discovery.core [275]
                       Unresolved requirement: Require-Bundle: org.eclipse.mylyn.commons.net; bundle-version="3.8.0"
                         -> Bundle-SymbolicName: org.eclipse.mylyn.commons.net; bundle-version="3.21.0.v20160630-1702"; singleton:="true"
                            org.eclipse.mylyn.commons.net [260]
                              Unresolved requirement: Require-Bundle: org.apache.commons.httpclient; bundle-version="[3.1.0,4.0.0)"; visibility:="reexport"
         Unresolved requirement: Require-Bundle: org.eclipse.mylyn.commons.net; bundle-version="3.8.0"
           -> Bundle-SymbolicName: org.eclipse.mylyn.commons.net; bundle-version="3.21.0.v20160630-1702"; singleton:="true"
  Unresolved requirement: Require-Bundle: org.eclipse.mylyn.tasks.core; bundle-version="3.8.0"
    -> Bundle-SymbolicName: org.eclipse.mylyn.tasks.core; bundle-version="3.21.0.v20160914-0252"; singleton:="true"
       org.eclipse.mylyn.tasks.core [290]
         Unresolved requirement: Require-Bundle: org.eclipse.mylyn.commons.net; bundle-version="3.8.0"
           -> Bundle-SymbolicName: org.eclipse.mylyn.commons.net; bundle-version="3.21.0.v20160630-1702"; singleton:="true"

	at org.eclipse.osgi.container.Module.start(Module.java:444)
	at org.eclipse.osgi.container.ModuleContainer$ContainerStartLevel.incStartLevel(ModuleContainer.java:1620)
	at org.eclipse.osgi.container.ModuleContainer$ContainerStartLevel.incStartLevel(ModuleContainer.java:1599)
	at org.eclipse.osgi.container.ModuleContainer$ContainerStartLevel.doContainerStartLevel(ModuleContainer.java:1571)
	at org.eclipse.osgi.container.ModuleContainer$ContainerStartLevel.dispatchEvent(ModuleContainer.java:1514)
	at org.eclipse.osgi.container.ModuleContainer$ContainerStartLevel.dispatchEvent(ModuleContainer.java:1)
	at org.eclipse.osgi.framework.eventmgr.EventManager.dispatchEvent(EventManager.java:230)
	at org.eclipse.osgi.framework.eventmgr.EventManager$EventThread.run(EventManager.java:340)

!ENTRY org.eclipse.mylyn.hudson.ui 4 0 2017-07-08 11:11:32.974
!MESSAGE FrameworkEvent ERROR
!STACK 0
org.osgi.framework.BundleException: Could not resolve module: org.eclipse.mylyn.hudson.ui [281]
  Unresolved requirement: Require-Bundle: org.eclipse.ecf.discovery; bundle-version="3.0.0"; resolution:="optional"
  Unresolved requirement: Require-Bundle: org.eclipse.ecf.provider.discovery; bundle-version="2.0.0"; resolution:="optional"
  Unresolved requirement: Require-Bundle: org.eclipse.ecf.provider.jmdns; bundle-version="3.0.0"; resolution:="optional"
  Unresolved requirement: Require-Bundle: org.eclipse.mylyn.builds.ui
    -> Bundle-SymbolicName: org.eclipse.mylyn.builds.ui; bundle-version="1.13.0.v20160725-1817"; singleton:="true"
       org.eclipse.mylyn.builds.ui [257]
         Unresolved requirement: Require-Bundle: org.eclipse.mylyn.team.ui; bundle-version="3.8.0"
           -> Bundle-SymbolicName: org.eclipse.mylyn.team.ui; bundle-version="3.21.0.v20160701-1337"; singleton:="true"
              org.eclipse.mylyn.team.ui [295]
                Unresolved requirement: Require-Bundle: org.eclipse.mylyn.tasks.core; bundle-version="[3.8.0,4.0.0)"
                  -> Bundle-SymbolicName: org.eclipse.mylyn.tasks.core; bundle-version="3.21.0.v20160914-0252"; singleton:="true"
                     org.eclipse.mylyn.tasks.core [290]
                       Unresolved requirement: Require-Bundle: org.eclipse.mylyn.commons.net; bundle-version="3.8.0"
                         -> Bundle-SymbolicName: org.eclipse.mylyn.commons.net; bundle-version="3.21.0.v20160630-1702"; singleton:="true"
                            org.eclipse.mylyn.commons.net [260]
                              Unresolved requirement: Require-Bundle: org.apache.commons.httpclient; bundle-version="[3.1.0,4.0.0)"; visibility:="reexport"
         Unresolved requirement: Require-Bundle: org.eclipse.mylyn.tasks.ui; bundle-version="3.8.0"
           -> Bundle-SymbolicName: org.eclipse.mylyn.tasks.ui; bundle-version="3.21.0.v20160913-2131"; singleton:="true"
              org.eclipse.mylyn.tasks.ui [294]
                Unresolved requirement: Require-Bundle: org.eclipse.mylyn.discovery.ui; bundle-version="3.8.0"; x-installation:="greedy"; resolution:="optional"
                  -> Bundle-SymbolicName: org.eclipse.mylyn.discovery.ui; bundle-version="3.21.0.v20160630-1702"; singleton:="true"
                     org.eclipse.mylyn.discovery.ui [276]
                       Unresolved requirement: Require-Bundle: org.eclipse.mylyn.discovery.core; bundle-version="[3.8.0,4.0.0)"
                         -> Bundle-SymbolicName: org.eclipse.mylyn.discovery.core; bundle-version="3.21.0.v20160729-1739"; singleton:="true"
                            org.eclipse.mylyn.discovery.core [275]
                              Unresolved requirement: Require-Bundle: org.eclipse.mylyn.commons.net; bundle-version="3.8.0"
                                -> Bundle-SymbolicName: org.eclipse.mylyn.commons.net; bundle-version="3.21.0.v20160630-1702"; singleton:="true"
                Unresolved requirement: Require-Bundle: org.eclipse.mylyn.commons.net; bundle-version="3.8.0"
                  -> Bundle-SymbolicName: org.eclipse.mylyn.commons.net; bundle-version="3.21.0.v20160630-1702"; singleton:="true"
         Unresolved requirement: Require-Bundle: org.eclipse.mylyn.tasks.core; bundle-version="3.8.0"
           -> Bundle-SymbolicName: org.eclipse.mylyn.tasks.core; bundle-version="3.21.0.v20160914-0252"; singleton:="true"

	at org.eclipse.osgi.container.Module.start(Module.java:444)
	at org.eclipse.osgi.container.ModuleContainer$ContainerStartLevel.incStartLevel(ModuleContainer.java:1620)
	at org.eclipse.osgi.container.ModuleContainer$ContainerStartLevel.incStartLevel(ModuleContainer.java:1599)
	at org.eclipse.osgi.container.ModuleContainer$ContainerStartLevel.doContainerStartLevel(ModuleContainer.java:1571)
	at org.eclipse.osgi.container.ModuleContainer$ContainerStartLevel.dispatchEvent(ModuleContainer.java:1514)
	at org.eclipse.osgi.container.ModuleContainer$ContainerStartLevel.dispatchEvent(ModuleContainer.java:1)
	at org.eclipse.osgi.framework.eventmgr.EventManager.dispatchEvent(EventManager.java:230)
	at org.eclipse.osgi.framework.eventmgr.EventManager$EventThread.run(EventManager.java:340)

!ENTRY org.eclipse.mylyn.java.tasks 4 0 2017-07-08 11:11:32.984
!MESSAGE FrameworkEvent ERROR
!STACK 0
org.osgi.framework.BundleException: Could not resolve module: org.eclipse.mylyn.java.tasks [284]
  Unresolved requirement: Require-Bundle: org.eclipse.mylyn.tasks.core; bundle-version="[3.8.0,4.0.0)"
    -> Bundle-SymbolicName: org.eclipse.mylyn.tasks.core; bundle-version="3.21.0.v20160914-0252"; singleton:="true"
       org.eclipse.mylyn.tasks.core [290]
         Unresolved requirement: Require-Bundle: org.eclipse.mylyn.commons.net; bundle-version="3.8.0"
           -> Bundle-SymbolicName: org.eclipse.mylyn.commons.net; bundle-version="3.21.0.v20160630-1702"; singleton:="true"
              org.eclipse.mylyn.commons.net [260]
                Unresolved requirement: Require-Bundle: org.apache.commons.httpclient; bundle-version="[3.1.0,4.0.0)"; visibility:="reexport"
  Unresolved requirement: Require-Bundle: org.eclipse.mylyn.tasks.ui; bundle-version="[3.8.0,4.0.0)"
    -> Bundle-SymbolicName: org.eclipse.mylyn.tasks.ui; bundle-version="3.21.0.v20160913-2131"; singleton:="true"
       org.eclipse.mylyn.tasks.ui [294]
         Unresolved requirement: Require-Bundle: org.eclipse.mylyn.discovery.ui; bundle-version="3.8.0"; x-installation:="greedy"; resolution:="optional"
           -> Bundle-SymbolicName: org.eclipse.mylyn.discovery.ui; bundle-version="3.21.0.v20160630-1702"; singleton:="true"
              org.eclipse.mylyn.discovery.ui [276]
                Unresolved requirement: Require-Bundle: org.eclipse.mylyn.discovery.core; bundle-version="[3.8.0,4.0.0)"
                  -> Bundle-SymbolicName: org.eclipse.mylyn.discovery.core; bundle-version="3.21.0.v20160729-1739"; singleton:="true"
                     org.eclipse.mylyn.discovery.core [275]
                       Unresolved requirement: Require-Bundle: org.eclipse.mylyn.commons.net; bundle-version="3.8.0"
                         -> Bundle-SymbolicName: org.eclipse.mylyn.commons.net; bundle-version="3.21.0.v20160630-1702"; singleton:="true"
         Unresolved requirement: Require-Bundle: org.eclipse.mylyn.commons.net; bundle-version="3.8.0"
           -> Bundle-SymbolicName: org.eclipse.mylyn.commons.net; bundle-version="3.21.0.v20160630-1702"; singleton:="true"

	at org.eclipse.osgi.container.Module.start(Module.java:444)
	at org.eclipse.osgi.container.ModuleContainer$ContainerStartLevel.incStartLevel(ModuleContainer.java:1620)
	at org.eclipse.osgi.container.ModuleContainer$ContainerStartLevel.incStartLevel(ModuleContainer.java:1599)
	at org.eclipse.osgi.container.ModuleContainer$ContainerStartLevel.doContainerStartLevel(ModuleContainer.java:1571)
	at org.eclipse.osgi.container.ModuleContainer$ContainerStartLevel.dispatchEvent(ModuleContainer.java:1514)
	at org.eclipse.osgi.container.ModuleContainer$ContainerStartLevel.dispatchEvent(ModuleContainer.java:1)
	at org.eclipse.osgi.framework.eventmgr.EventManager.dispatchEvent(EventManager.java:230)
	at org.eclipse.osgi.framework.eventmgr.EventManager$EventThread.run(EventManager.java:340)

!ENTRY org.eclipse.mylyn.tasks.bugs 4 0 2017-07-08 11:11:33.000
!MESSAGE FrameworkEvent ERROR
!STACK 0
org.osgi.framework.BundleException: Could not resolve module: org.eclipse.mylyn.tasks.bugs [289]
  Unresolved requirement: Require-Bundle: org.eclipse.mylyn.tasks.ui; bundle-version="[3.8.0,4.0.0)"
    -> Bundle-SymbolicName: org.eclipse.mylyn.tasks.ui; bundle-version="3.21.0.v20160913-2131"; singleton:="true"
       org.eclipse.mylyn.tasks.ui [294]
         Unresolved requirement: Require-Bundle: org.eclipse.mylyn.discovery.ui; bundle-version="3.8.0"; x-installation:="greedy"; resolution:="optional"
           -> Bundle-SymbolicName: org.eclipse.mylyn.discovery.ui; bundle-version="3.21.0.v20160630-1702"; singleton:="true"
              org.eclipse.mylyn.discovery.ui [276]
                Unresolved requirement: Require-Bundle: org.eclipse.mylyn.discovery.core; bundle-version="[3.8.0,4.0.0)"
                  -> Bundle-SymbolicName: org.eclipse.mylyn.discovery.core; bundle-version="3.21.0.v20160729-1739"; singleton:="true"
                     org.eclipse.mylyn.discovery.core [275]
                       Unresolved requirement: Require-Bundle: org.eclipse.mylyn.commons.net; bundle-version="3.8.0"
                         -> Bundle-SymbolicName: org.eclipse.mylyn.commons.net; bundle-version="3.21.0.v20160630-1702"; singleton:="true"
                            org.eclipse.mylyn.commons.net [260]
                              Unresolved requirement: Require-Bundle: org.apache.commons.httpclient; bundle-version="[3.1.0,4.0.0)"; visibility:="reexport"
         Unresolved requirement: Require-Bundle: org.eclipse.mylyn.commons.net; bundle-version="3.8.0"
           -> Bundle-SymbolicName: org.eclipse.mylyn.commons.net; bundle-version="3.21.0.v20160630-1702"; singleton:="true"
  Unresolved requirement: Require-Bundle: org.eclipse.mylyn.tasks.core; bundle-version="[3.8.0,4.0.0)"
    -> Bundle-SymbolicName: org.eclipse.mylyn.tasks.core; bundle-version="3.21.0.v20160914-0252"; singleton:="true"
       org.eclipse.mylyn.tasks.core [290]
         Unresolved requirement: Require-Bundle: org.eclipse.mylyn.commons.net; bundle-version="3.8.0"
           -> Bundle-SymbolicName: org.eclipse.mylyn.commons.net; bundle-version="3.21.0.v20160630-1702"; singleton:="true"

	at org.eclipse.osgi.container.Module.start(Module.java:444)
	at org.eclipse.osgi.container.ModuleContainer$ContainerStartLevel.incStartLevel(ModuleContainer.java:1620)
	at org.eclipse.osgi.container.ModuleContainer$ContainerStartLevel.incStartLevel(ModuleContainer.java:1599)
	at org.eclipse.osgi.container.ModuleContainer$ContainerStartLevel.doContainerStartLevel(ModuleContainer.java:1571)
	at org.eclipse.osgi.container.ModuleContainer$ContainerStartLevel.dispatchEvent(ModuleContainer.java:1514)
	at org.eclipse.osgi.container.ModuleContainer$ContainerStartLevel.dispatchEvent(ModuleContainer.java:1)
	at org.eclipse.osgi.framework.eventmgr.EventManager.dispatchEvent(EventManager.java:230)
	at org.eclipse.osgi.framework.eventmgr.EventManager$EventThread.run(EventManager.java:340)

!ENTRY org.eclipse.mylyn.tasks.index.core 4 0 2017-07-08 11:11:33.012
!MESSAGE FrameworkEvent ERROR
!STACK 0
org.osgi.framework.BundleException: Could not resolve module: org.eclipse.mylyn.tasks.index.core [291]
  Unresolved requirement: Require-Bundle: org.eclipse.mylyn.tasks.core; bundle-version="3.8.0"
    -> Bundle-SymbolicName: org.eclipse.mylyn.tasks.core; bundle-version="3.21.0.v20160914-0252"; singleton:="true"
       org.eclipse.mylyn.tasks.core [290]
         Unresolved requirement: Require-Bundle: org.eclipse.mylyn.commons.net; bundle-version="3.8.0"
           -> Bundle-SymbolicName: org.eclipse.mylyn.commons.net; bundle-version="3.21.0.v20160630-1702"; singleton:="true"
              org.eclipse.mylyn.commons.net [260]
                Unresolved requirement: Require-Bundle: org.apache.commons.httpclient; bundle-version="[3.1.0,4.0.0)"; visibility:="reexport"

	at org.eclipse.osgi.container.Module.start(Module.java:444)
	at org.eclipse.osgi.container.ModuleContainer$ContainerStartLevel.incStartLevel(ModuleContainer.java:1620)
	at org.eclipse.osgi.container.ModuleContainer$ContainerStartLevel.incStartLevel(ModuleContainer.java:1599)
	at org.eclipse.osgi.container.ModuleContainer$ContainerStartLevel.doContainerStartLevel(ModuleContainer.java:1571)
	at org.eclipse.osgi.container.ModuleContainer$ContainerStartLevel.dispatchEvent(ModuleContainer.java:1514)
	at org.eclipse.osgi.container.ModuleContainer$ContainerStartLevel.dispatchEvent(ModuleContainer.java:1)
	at org.eclipse.osgi.framework.eventmgr.EventManager.dispatchEvent(EventManager.java:230)
	at org.eclipse.osgi.framework.eventmgr.EventManager$EventThread.run(EventManager.java:340)

!ENTRY org.eclipse.mylyn.tasks.ui 4 0 2017-07-08 11:11:33.020
!MESSAGE FrameworkEvent ERROR
!STACK 0
org.osgi.framework.BundleException: Could not resolve module: org.eclipse.mylyn.tasks.ui [294]
  Unresolved requirement: Require-Bundle: org.eclipse.mylyn.discovery.ui; bundle-version="3.8.0"; x-installation:="greedy"; resolution:="optional"
    -> Bundle-SymbolicName: org.eclipse.mylyn.discovery.ui; bundle-version="3.21.0.v20160630-1702"; singleton:="true"
       org.eclipse.mylyn.discovery.ui [276]
         Unresolved requirement: Require-Bundle: org.eclipse.mylyn.discovery.core; bundle-version="[3.8.0,4.0.0)"
           -> Bundle-SymbolicName: org.eclipse.mylyn.discovery.core; bundle-version="3.21.0.v20160729-1739"; singleton:="true"
              org.eclipse.mylyn.discovery.core [275]
                Unresolved requirement: Require-Bundle: org.eclipse.mylyn.commons.net; bundle-version="3.8.0"
                  -> Bundle-SymbolicName: org.eclipse.mylyn.commons.net; bundle-version="3.21.0.v20160630-1702"; singleton:="true"
                     org.eclipse.mylyn.commons.net [260]
                       Unresolved requirement: Require-Bundle: org.apache.commons.httpclient; bundle-version="[3.1.0,4.0.0)"; visibility:="reexport"
  Unresolved requirement: Require-Bundle: org.eclipse.mylyn.commons.net; bundle-version="3.8.0"
    -> Bundle-SymbolicName: org.eclipse.mylyn.commons.net; bundle-version="3.21.0.v20160630-1702"; singleton:="true"

	at org.eclipse.osgi.container.Module.start(Module.java:444)
	at org.eclipse.osgi.container.ModuleContainer$ContainerStartLevel.incStartLevel(ModuleContainer.java:1620)
	at org.eclipse.osgi.container.ModuleContainer$ContainerStartLevel.incStartLevel(ModuleContainer.java:1599)
	at org.eclipse.osgi.container.ModuleContainer$ContainerStartLevel.doContainerStartLevel(ModuleContainer.java:1571)
	at org.eclipse.osgi.container.ModuleContainer$ContainerStartLevel.dispatchEvent(ModuleContainer.java:1514)
	at org.eclipse.osgi.container.ModuleContainer$ContainerStartLevel.dispatchEvent(ModuleContainer.java:1)
	at org.eclipse.osgi.framework.eventmgr.EventManager.dispatchEvent(EventManager.java:230)
	at org.eclipse.osgi.framework.eventmgr.EventManager$EventThread.run(EventManager.java:340)

!ENTRY org.eclipse.mylyn.team.ui 4 0 2017-07-08 11:11:33.031
!MESSAGE FrameworkEvent ERROR
!STACK 0
org.osgi.framework.BundleException: Could not resolve module: org.eclipse.mylyn.team.ui [295]
  Unresolved requirement: Require-Bundle: org.eclipse.mylyn.tasks.ui; bundle-version="[3.8.0,4.0.0)"
    -> Bundle-SymbolicName: org.eclipse.mylyn.tasks.ui; bundle-version="3.21.0.v20160913-2131"; singleton:="true"
       org.eclipse.mylyn.tasks.ui [294]
         Unresolved requirement: Require-Bundle: org.eclipse.mylyn.discovery.ui; bundle-version="3.8.0"; x-installation:="greedy"; resolution:="optional"
           -> Bundle-SymbolicName: org.eclipse.mylyn.discovery.ui; bundle-version="3.21.0.v20160630-1702"; singleton:="true"
              org.eclipse.mylyn.discovery.ui [276]
                Unresolved requirement: Require-Bundle: org.eclipse.mylyn.discovery.core; bundle-version="[3.8.0,4.0.0)"
                  -> Bundle-SymbolicName: org.eclipse.mylyn.discovery.core; bundle-version="3.21.0.v20160729-1739"; singleton:="true"
                     org.eclipse.mylyn.discovery.core [275]
                       Unresolved requirement: Require-Bundle: org.eclipse.mylyn.commons.net; bundle-version="3.8.0"
                         -> Bundle-SymbolicName: org.eclipse.mylyn.commons.net; bundle-version="3.21.0.v20160630-1702"; singleton:="true"
                            org.eclipse.mylyn.commons.net [260]
                              Unresolved requirement: Require-Bundle: org.apache.commons.httpclient; bundle-version="[3.1.0,4.0.0)"; visibility:="reexport"
         Unresolved requirement: Require-Bundle: org.eclipse.mylyn.commons.net; bundle-version="3.8.0"
           -> Bundle-SymbolicName: org.eclipse.mylyn.commons.net; bundle-version="3.21.0.v20160630-1702"; singleton:="true"
  Unresolved requirement: Require-Bundle: org.eclipse.mylyn.tasks.core; bundle-version="[3.8.0,4.0.0)"
    -> Bundle-SymbolicName: org.eclipse.mylyn.tasks.core; bundle-version="3.21.0.v20160914-0252"; singleton:="true"
       org.eclipse.mylyn.tasks.core [290]
         Unresolved requirement: Require-Bundle: org.eclipse.mylyn.commons.net; bundle-version="3.8.0"
           -> Bundle-SymbolicName: org.eclipse.mylyn.commons.net; bundle-version="3.21.0.v20160630-1702"; singleton:="true"

	at org.eclipse.osgi.container.Module.start(Module.java:444)
	at org.eclipse.osgi.container.ModuleContainer$ContainerStartLevel.incStartLevel(ModuleContainer.java:1620)
	at org.eclipse.osgi.container.ModuleContainer$ContainerStartLevel.incStartLevel(ModuleContainer.java:1599)
	at org.eclipse.osgi.container.ModuleContainer$ContainerStartLevel.doContainerStartLevel(ModuleContainer.java:1571)
	at org.eclipse.osgi.container.ModuleContainer$ContainerStartLevel.dispatchEvent(ModuleContainer.java:1514)
	at org.eclipse.osgi.container.ModuleContainer$ContainerStartLevel.dispatchEvent(ModuleContainer.java:1)
	at org.eclipse.osgi.framework.eventmgr.EventManager.dispatchEvent(EventManager.java:230)
	at org.eclipse.osgi.framework.eventmgr.EventManager$EventThread.run(EventManager.java:340)

!ENTRY org.eclipse.mylyn.wikitext.tasks.ui 4 0 2017-07-08 11:11:33.037
!MESSAGE FrameworkEvent ERROR
!STACK 0
org.osgi.framework.BundleException: Could not resolve module: org.eclipse.mylyn.wikitext.tasks.ui [313]
  Unresolved requirement: Require-Bundle: org.eclipse.mylyn.tasks.core; bundle-version="3.7.0"
    -> Bundle-SymbolicName: org.eclipse.mylyn.tasks.core; bundle-version="3.21.0.v20160914-0252"; singleton:="true"
       org.eclipse.mylyn.tasks.core [290]
         Unresolved requirement: Require-Bundle: org.eclipse.mylyn.commons.net; bundle-version="3.8.0"
           -> Bundle-SymbolicName: org.eclipse.mylyn.commons.net; bundle-version="3.21.0.v20160630-1702"; singleton:="true"
              org.eclipse.mylyn.commons.net [260]
                Unresolved requirement: Require-Bundle: org.apache.commons.httpclient; bundle-version="[3.1.0,4.0.0)"; visibility:="reexport"
  Unresolved requirement: Require-Bundle: org.eclipse.mylyn.tasks.ui; bundle-version="3.7.0"
    -> Bundle-SymbolicName: org.eclipse.mylyn.tasks.ui; bundle-version="3.21.0.v20160913-2131"; singleton:="true"
       org.eclipse.mylyn.tasks.ui [294]
         Unresolved requirement: Require-Bundle: org.eclipse.mylyn.discovery.ui; bundle-version="3.8.0"; x-installation:="greedy"; resolution:="optional"
           -> Bundle-SymbolicName: org.eclipse.mylyn.discovery.ui; bundle-version="3.21.0.v20160630-1702"; singleton:="true"
              org.eclipse.mylyn.discovery.ui [276]
                Unresolved requirement: Require-Bundle: org.eclipse.mylyn.discovery.core; bundle-version="[3.8.0,4.0.0)"
                  -> Bundle-SymbolicName: org.eclipse.mylyn.discovery.core; bundle-version="3.21.0.v20160729-1739"; singleton:="true"
                     org.eclipse.mylyn.discovery.core [275]
                       Unresolved requirement: Require-Bundle: org.eclipse.mylyn.commons.net; bundle-version="3.8.0"
                         -> Bundle-SymbolicName: org.eclipse.mylyn.commons.net; bundle-version="3.21.0.v20160630-1702"; singleton:="true"
         Unresolved requirement: Require-Bundle: org.eclipse.mylyn.commons.net; bundle-version="3.8.0"
           -> Bundle-SymbolicName: org.eclipse.mylyn.commons.net; bundle-version="3.21.0.v20160630-1702"; singleton:="true"

	at org.eclipse.osgi.container.Module.start(Module.java:444)
	at org.eclipse.osgi.container.ModuleContainer$ContainerStartLevel.incStartLevel(ModuleContainer.java:1620)
	at org.eclipse.osgi.container.ModuleContainer$ContainerStartLevel.incStartLevel(ModuleContainer.java:1599)
	at org.eclipse.osgi.container.ModuleContainer$ContainerStartLevel.doContainerStartLevel(ModuleContainer.java:1571)
	at org.eclipse.osgi.container.ModuleContainer$ContainerStartLevel.dispatchEvent(ModuleContainer.java:1514)
	at org.eclipse.osgi.container.ModuleContainer$ContainerStartLevel.dispatchEvent(ModuleContainer.java:1)
	at org.eclipse.osgi.framework.eventmgr.EventManager.dispatchEvent(EventManager.java:230)
	at org.eclipse.osgi.framework.eventmgr.EventManager$EventThread.run(EventManager.java:340)

!ENTRY org.eclipse.recommenders.apidocs.rcp 4 0 2017-07-08 11:11:33.052
!MESSAGE FrameworkEvent ERROR
!STACK 0
org.osgi.framework.BundleException: Could not resolve module: org.eclipse.recommenders.apidocs.rcp [358]
  Unresolved requirement: Require-Bundle: org.eclipse.recommenders.models; bundle-version="[2.4.5,2.4.6]"
    -> Bundle-SymbolicName: org.eclipse.recommenders.models; bundle-version="2.4.5.v20161130-1427"
       org.eclipse.recommenders.models [371]
         Unresolved requirement: Require-Bundle: org.eclipse.recommenders.coordinates; bundle-version="[2.4.5,2.4.6]"
           -> Bundle-SymbolicName: org.eclipse.recommenders.coordinates; bundle-version="2.4.5.v20161130-1427"
              org.eclipse.recommenders.coordinates [365]
                Unresolved requirement: Import-Package: org.apache.commons.httpclient; version="[3.1.0,4.0.0)"
  Unresolved requirement: Require-Bundle: org.eclipse.recommenders.apidocs; bundle-version="[2.4.5,2.4.6]"
    -> Bundle-SymbolicName: org.eclipse.recommenders.apidocs; bundle-version="2.4.5.v20161130-1427"
       org.eclipse.recommenders.apidocs [357]
         Unresolved requirement: Require-Bundle: org.eclipse.recommenders.models; bundle-version="[2.4.5,2.4.6]"
           -> Bundle-SymbolicName: org.eclipse.recommenders.models; bundle-version="2.4.5.v20161130-1427"
  Unresolved requirement: Require-Bundle: org.eclipse.recommenders.models.rcp; bundle-version="[2.4.5,2.4.6]"
    -> Bundle-SymbolicName: org.eclipse.recommenders.models.rcp; bundle-version="2.4.5.v20161130-1427"; singleton:="true"
       org.eclipse.recommenders.models.rcp [372]
         Unresolved requirement: Require-Bundle: org.eclipse.recommenders.coordinates; bundle-version="[2.4.5,2.4.6]"
           -> Bundle-SymbolicName: org.eclipse.recommenders.coordinates; bundle-version="2.4.5.v20161130-1427"

	at org.eclipse.osgi.container.Module.start(Module.java:444)
	at org.eclipse.osgi.container.ModuleContainer$ContainerStartLevel.incStartLevel(ModuleContainer.java:1620)
	at org.eclipse.osgi.container.ModuleContainer$ContainerStartLevel.incStartLevel(ModuleContainer.java:1599)
	at org.eclipse.osgi.container.ModuleContainer$ContainerStartLevel.doContainerStartLevel(ModuleContainer.java:1571)
	at org.eclipse.osgi.container.ModuleContainer$ContainerStartLevel.dispatchEvent(ModuleContainer.java:1514)
	at org.eclipse.osgi.container.ModuleContainer$ContainerStartLevel.dispatchEvent(ModuleContainer.java:1)
	at org.eclipse.osgi.framework.eventmgr.EventManager.dispatchEvent(EventManager.java:230)
	at org.eclipse.osgi.framework.eventmgr.EventManager$EventThread.run(EventManager.java:340)

!ENTRY org.eclipse.recommenders.coordinates 4 0 2017-07-08 11:11:33.056
!MESSAGE FrameworkEvent ERROR
!STACK 0
org.osgi.framework.BundleException: Could not resolve module: org.eclipse.recommenders.coordinates [365]
  Unresolved requirement: Import-Package: org.apache.commons.httpclient; version="[3.1.0,4.0.0)"

	at org.eclipse.osgi.container.Module.start(Module.java:444)
	at org.eclipse.osgi.container.ModuleContainer$ContainerStartLevel.incStartLevel(ModuleContainer.java:1620)
	at org.eclipse.osgi.container.ModuleContainer$ContainerStartLevel.incStartLevel(ModuleContainer.java:1599)
	at org.eclipse.osgi.container.ModuleContainer$ContainerStartLevel.doContainerStartLevel(ModuleContainer.java:1571)
	at org.eclipse.osgi.container.ModuleContainer$ContainerStartLevel.dispatchEvent(ModuleContainer.java:1514)
	at org.eclipse.osgi.container.ModuleContainer$ContainerStartLevel.dispatchEvent(ModuleContainer.java:1)
	at org.eclipse.osgi.framework.eventmgr.EventManager.dispatchEvent(EventManager.java:230)
	at org.eclipse.osgi.framework.eventmgr.EventManager$EventThread.run(EventManager.java:340)

!ENTRY org.eclipse.recommenders.coordinates.rcp 4 0 2017-07-08 11:11:33.060
!MESSAGE FrameworkEvent ERROR
!STACK 0
org.osgi.framework.BundleException: Could not resolve module: org.eclipse.recommenders.coordinates.rcp [366]
  Unresolved requirement: Require-Bundle: org.eclipse.recommenders.coordinates; bundle-version="[2.4.5,2.4.6]"
    -> Bundle-SymbolicName: org.eclipse.recommenders.coordinates; bundle-version="2.4.5.v20161130-1427"
       org.eclipse.recommenders.coordinates [365]
         Unresolved requirement: Import-Package: org.apache.commons.httpclient; version="[3.1.0,4.0.0)"

	at org.eclipse.osgi.container.Module.start(Module.java:444)
	at org.eclipse.osgi.container.ModuleContainer$ContainerStartLevel.incStartLevel(ModuleContainer.java:1620)
	at org.eclipse.osgi.container.ModuleContainer$ContainerStartLevel.incStartLevel(ModuleContainer.java:1599)
	at org.eclipse.osgi.container.ModuleContainer$ContainerStartLevel.doContainerStartLevel(ModuleContainer.java:1571)
	at org.eclipse.osgi.container.ModuleContainer$ContainerStartLevel.dispatchEvent(ModuleContainer.java:1514)
	at org.eclipse.osgi.container.ModuleContainer$ContainerStartLevel.dispatchEvent(ModuleContainer.java:1)
	at org.eclipse.osgi.framework.eventmgr.EventManager.dispatchEvent(EventManager.java:230)
	at org.eclipse.osgi.framework.eventmgr.EventManager$EventThread.run(EventManager.java:340)

!ENTRY org.eclipse.recommenders.models 4 0 2017-07-08 11:11:33.065
!MESSAGE FrameworkEvent ERROR
!STACK 0
org.osgi.framework.BundleException: Could not resolve module: org.eclipse.recommenders.models [371]
  Unresolved requirement: Require-Bundle: org.eclipse.recommenders.coordinates; bundle-version="[2.4.5,2.4.6]"
    -> Bundle-SymbolicName: org.eclipse.recommenders.coordinates; bundle-version="2.4.5.v20161130-1427"
       org.eclipse.recommenders.coordinates [365]
         Unresolved requirement: Import-Package: org.apache.commons.httpclient; version="[3.1.0,4.0.0)"

	at org.eclipse.osgi.container.Module.start(Module.java:444)
	at org.eclipse.osgi.container.ModuleContainer$ContainerStartLevel.incStartLevel(ModuleContainer.java:1620)
	at org.eclipse.osgi.container.ModuleContainer$ContainerStartLevel.incStartLevel(ModuleContainer.java:1599)
	at org.eclipse.osgi.container.ModuleContainer$ContainerStartLevel.doContainerStartLevel(ModuleContainer.java:1571)
	at org.eclipse.osgi.container.ModuleContainer$ContainerStartLevel.dispatchEvent(ModuleContainer.java:1514)
	at org.eclipse.osgi.container.ModuleContainer$ContainerStartLevel.dispatchEvent(ModuleContainer.java:1)
	at org.eclipse.osgi.framework.eventmgr.EventManager.dispatchEvent(EventManager.java:230)
	at org.eclipse.osgi.framework.eventmgr.EventManager$EventThread.run(EventManager.java:340)

!ENTRY org.eclipse.recommenders.snipmatch 4 0 2017-07-08 11:11:33.083
!MESSAGE FrameworkEvent ERROR
!STACK 0
org.osgi.framework.BundleException: Could not resolve module: org.eclipse.recommenders.snipmatch [378]
  Unresolved requirement: Require-Bundle: org.eclipse.recommenders.coordinates; bundle-version="[2.4.5,2.4.6]"
    -> Bundle-SymbolicName: org.eclipse.recommenders.coordinates; bundle-version="2.4.5.v20161130-1427"
       org.eclipse.recommenders.coordinates [365]
         Unresolved requirement: Import-Package: org.apache.commons.httpclient; version="[3.1.0,4.0.0)"

	at org.eclipse.osgi.container.Module.start(Module.java:444)
	at org.eclipse.osgi.container.ModuleContainer$ContainerStartLevel.incStartLevel(ModuleContainer.java:1620)
	at org.eclipse.osgi.container.ModuleContainer$ContainerStartLevel.incStartLevel(ModuleContainer.java:1599)
	at org.eclipse.osgi.container.ModuleContainer$ContainerStartLevel.doContainerStartLevel(ModuleContainer.java:1571)
	at org.eclipse.osgi.container.ModuleContainer$ContainerStartLevel.dispatchEvent(ModuleContainer.java:1514)
	at org.eclipse.osgi.container.ModuleContainer$ContainerStartLevel.dispatchEvent(ModuleContainer.java:1)
	at org.eclipse.osgi.framework.eventmgr.EventManager.dispatchEvent(EventManager.java:230)
	at org.eclipse.osgi.framework.eventmgr.EventManager$EventThread.run(EventManager.java:340)

!ENTRY org.eclipse.recommenders.snipmatch.rcp 4 0 2017-07-08 11:11:33.098
!MESSAGE FrameworkEvent ERROR
!STACK 0
org.osgi.framework.BundleException: Could not resolve module: org.eclipse.recommenders.snipmatch.rcp [379]
  Unresolved requirement: Require-Bundle: org.eclipse.recommenders.models.rcp; bundle-version="[2.4.5,2.4.6]"
    -> Bundle-SymbolicName: org.eclipse.recommenders.models.rcp; bundle-version="2.4.5.v20161130-1427"; singleton:="true"
       org.eclipse.recommenders.models.rcp [372]
         Unresolved requirement: Require-Bundle: org.eclipse.recommenders.coordinates; bundle-version="[2.4.5,2.4.6]"
           -> Bundle-SymbolicName: org.eclipse.recommenders.coordinates; bundle-version="2.4.5.v20161130-1427"
              org.eclipse.recommenders.coordinates [365]
                Unresolved requirement: Import-Package: org.apache.commons.httpclient; version="[3.1.0,4.0.0)"
  Unresolved requirement: Require-Bundle: org.eclipse.recommenders.coordinates; bundle-version="[2.4.5,2.4.6]"
    -> Bundle-SymbolicName: org.eclipse.recommenders.coordinates; bundle-version="2.4.5.v20161130-1427"
  Unresolved requirement: Require-Bundle: org.eclipse.recommenders.snipmatch; bundle-version="[2.4.5,2.4.6]"
    -> Bundle-SymbolicName: org.eclipse.recommenders.snipmatch; bundle-version="2.4.5.v20161130-1427"; singleton:="true"
       org.eclipse.recommenders.snipmatch [378]
         Unresolved requirement: Require-Bundle: org.eclipse.recommenders.coordinates; bundle-version="[2.4.5,2.4.6]"
           -> Bundle-SymbolicName: org.eclipse.recommenders.coordinates; bundle-version="2.4.5.v20161130-1427"
  Unresolved requirement: Require-Bundle: org.eclipse.recommenders.coordinates.rcp; bundle-version="[2.4.5,2.4.6]"
    -> Bundle-SymbolicName: org.eclipse.recommenders.coordinates.rcp; bundle-version="2.4.5.v20161130-1427"; singleton:="true"
       org.eclipse.recommenders.coordinates.rcp [366]
         Unresolved requirement: Require-Bundle: org.eclipse.recommenders.coordinates; bundle-version="[2.4.5,2.4.6]"
           -> Bundle-SymbolicName: org.eclipse.recommenders.coordinates; bundle-version="2.4.5.v20161130-1427"

	at org.eclipse.osgi.container.Module.start(Module.java:444)
	at org.eclipse.osgi.container.ModuleContainer$ContainerStartLevel.incStartLevel(ModuleContainer.java:1620)
	at org.eclipse.osgi.container.ModuleContainer$ContainerStartLevel.incStartLevel(ModuleContainer.java:1599)
	at org.eclipse.osgi.container.ModuleContainer$ContainerStartLevel.doContainerStartLevel(ModuleContainer.java:1571)
	at org.eclipse.osgi.container.ModuleContainer$ContainerStartLevel.dispatchEvent(ModuleContainer.java:1514)
	at org.eclipse.osgi.container.ModuleContainer$ContainerStartLevel.dispatchEvent(ModuleContainer.java:1)
	at org.eclipse.osgi.framework.eventmgr.EventManager.dispatchEvent(EventManager.java:230)
	at org.eclipse.osgi.framework.eventmgr.EventManager$EventThread.run(EventManager.java:340)

!ENTRY org.eclipse.equinox.frameworkadmin.equinox 4 0 2017-07-08 11:11:42.006
!MESSAGE [composeExpectedState()](org.eclipse.equinox.internal.frameworkadmin.equinox.EquinoxBundlesState)BundleInfo:BundleInfo(org.apache.commons.httpclient, 3.1.0.v201012070820, location=file:/opt/eclipse-sdk-bin-4.6/plugins/org.apache.commons.httpclient_3.1.0.v201012070820.jar, startLevel=4, toBeStarted=false, resolved=false, id=29,no manifest)
!STACK 0
java.lang.NumberFormatException: For input string: "2tory.class$ConnectionSource.classion.classributeHandler.class$HttpConnectionAdapter.classsslasssstributeHandler.classtributeHandler.classassstributeHandler.classtory$SocketTask.classassEntity.classs$ReferenceQueueThread.classory.classtributeHandler.class$WaitingThread.classlassrce.classibuteHandler.classlAttributeHandler.classlasss$1.class.classlassttributeHandler.class$HostConnectionPool.classtory$1.classlass.classclass$ConnectionPool.classibuteHandler.classption.classlasslass$HttpConnectionWithReference.class.classssry.class"
	at java.lang.NumberFormatException.forInputString(NumberFormatException.java:65)
	at java.lang.Integer.parseInt(Integer.java:580)
	at java.lang.Integer.parseInt(Integer.java:615)
	at org.eclipse.osgi.internal.resolver.StateBuilder.createBundleDescription(StateBuilder.java:63)
	at org.eclipse.osgi.internal.resolver.StateObjectFactoryImpl.createBundleDescription(StateObjectFactoryImpl.java:32)
	at org.eclipse.equinox.internal.frameworkadmin.equinox.EquinoxBundlesState.installBundle(EquinoxBundlesState.java:571)
	at org.eclipse.equinox.internal.frameworkadmin.equinox.EquinoxBundlesState.composeState(EquinoxBundlesState.java:366)
	at org.eclipse.equinox.internal.frameworkadmin.equinox.EquinoxBundlesState.composeNewState(EquinoxBundlesState.java:299)
	at org.eclipse.equinox.internal.frameworkadmin.equinox.EquinoxBundlesState.<init>(EquinoxBundlesState.java:269)
	at org.eclipse.equinox.internal.frameworkadmin.equinox.EquinoxManipulatorImpl.getBundlesState(EquinoxManipulatorImpl.java:157)
	at org.eclipse.equinox.internal.frameworkadmin.equinox.EquinoxManipulatorImpl.save(EquinoxManipulatorImpl.java:379)
	at org.eclipse.equinox.internal.p2.touchpoint.eclipse.LazyManipulator.save(LazyManipulator.java:97)
	at org.eclipse.equinox.internal.p2.touchpoint.eclipse.EclipseTouchpoint.saveManipulator(EclipseTouchpoint.java:61)
	at org.eclipse.equinox.internal.p2.touchpoint.eclipse.EclipseTouchpoint.commit(EclipseTouchpoint.java:137)
	at org.eclipse.equinox.internal.p2.engine.EngineSession.commit(EngineSession.java:123)
	at org.eclipse.equinox.internal.p2.engine.Engine.perform(Engine.java:93)
	at org.eclipse.equinox.internal.p2.engine.Engine.perform(Engine.java:44)
	at org.eclipse.equinox.internal.provisional.p2.director.PlanExecutionHelper.executePlan(PlanExecutionHelper.java:42)
	at org.eclipse.equinox.internal.provisional.p2.director.PlanExecutionHelper.executePlan(PlanExecutionHelper.java:24)
	at org.eclipse.equinox.internal.p2.director.app.DirectorApplication.executePlan(DirectorApplication.java:813)
	at org.eclipse.equinox.internal.p2.director.app.DirectorApplication.planAndExecute(DirectorApplication.java:806)
	at org.eclipse.equinox.internal.p2.director.app.DirectorApplication.performProvisioningActions(DirectorApplication.java:793)
	at org.eclipse.equinox.internal.p2.director.app.DirectorApplication.run(DirectorApplication.java:1111)
	at org.eclipse.equinox.internal.p2.director.app.DirectorApplication.start(DirectorApplication.java:1293)
	at org.eclipse.equinox.internal.app.EclipseAppHandle.run(EclipseAppHandle.java:196)
	at org.eclipse.core.runtime.internal.adaptor.EclipseAppLauncher.runApplication(EclipseAppLauncher.java:134)
	at org.eclipse.core.runtime.internal.adaptor.EclipseAppLauncher.start(EclipseAppLauncher.java:104)
	at org.eclipse.core.runtime.adaptor.EclipseStarter.run(EclipseStarter.java:388)
	at org.eclipse.core.runtime.adaptor.EclipseStarter.run(EclipseStarter.java:243)
	at sun.reflect.NativeMethodAccessorImpl.invoke0(Native Method)
	at sun.reflect.NativeMethodAccessorImpl.invoke(NativeMethodAccessorImpl.java:62)
	at sun.reflect.DelegatingMethodAccessorImpl.invoke(DelegatingMethodAccessorImpl.java:43)
	at java.lang.reflect.Method.invoke(Method.java:498)
	at org.eclipse.equinox.launcher.Main.invokeFramework(Main.java:673)
	at org.eclipse.equinox.launcher.Main.basicRun(Main.java:610)
	at org.eclipse.equinox.launcher.Main.run(Main.java:1519)
	at org.eclipse.equinox.launcher.Main.main(Main.java:1492)
